Log file open, 08/03/20 14:24:34
LogWindows: Failed to load 'aqProf.dll' (GetLastError=126)
LogWindows: File 'aqProf.dll' does not exist
LogWindows: Failed to load 'VtuneApi.dll' (GetLastError=126)
LogWindows: File 'VtuneApi.dll' does not exist
LogWindows: Failed to load 'VtuneApi32e.dll' (GetLastError=126)
LogWindows: File 'VtuneApi32e.dll' does not exist
LogConsoleResponse: Display: Failed to find resolution value strings in scalability ini. Falling back to default.
LogPakFile: Display: Found Pak file ../../../viveNet/Content/Paks/viveNet-WindowsNoEditor.pak attempting to mount.
LogPakFile: Display: Mounting pak file ../../../viveNet/Content/Paks/viveNet-WindowsNoEditor.pak.
LogPlatformFile: Not using cached read wrapper
LogTaskGraph: Started task graph with 5 named threads and 47 total threads with 3 sets of task threads.
LogStats: Stats thread started at 0.536788
LogD3D11RHI: Loaded GFSDK_Aftermath_Lib.x64.dll
LogICUInternationalization: ICU TimeZone Detection - Raw Offset: +1:00, Platform Override: ''
LogPluginManager: Mounting plugin VRNetPlugin
LogPluginManager: Mounting plugin OnlineSubsystem
LogPluginManager: Mounting plugin OnlineSubsystemUtils
LogPluginManager: Mounting plugin OnlineSubsystemSteam
LogPluginManager: Mounting plugin VaRestPlugin
LogPluginManager: Mounting plugin WebUI
LogPluginManager: Mounting plugin WebBrowserWidget
LogPluginManager: Mounting plugin JsonLibrary
LogPluginManager: Mounting plugin HttpLibrary
LogPluginManager: Mounting plugin Paper2D
LogPluginManager: Mounting plugin AISupport
LogPluginManager: Mounting plugin LightPropagationVolume
LogPluginManager: Mounting plugin AnimationSharing
LogPluginManager: Mounting plugin SignificanceManager
LogPluginManager: Mounting plugin AssetManagerEditor
LogPluginManager: Mounting plugin CryptoKeys
LogPluginManager: Mounting plugin CurveEditorTools
LogPluginManager: Mounting plugin FacialAnimation
LogPluginManager: Mounting plugin DatasmithContent
LogPluginManager: Mounting plugin VariantManagerContent
LogPluginManager: Mounting plugin AlembicImporter
LogPluginManager: Mounting plugin GeometryCache
LogPluginManager: Mounting plugin AutomationUtils
LogPluginManager: Mounting plugin ScreenshotTools
LogPluginManager: Mounting plugin BackChannel
LogPluginManager: Mounting plugin CharacterAI
LogPluginManager: Mounting plugin HTML5Networking
LogPluginManager: Mounting plugin PlatformCrypto
LogPluginManager: Mounting plugin AvfMedia
LogPluginManager: Mounting plugin ImgMedia
LogPluginManager: Mounting plugin MediaCompositing
LogPluginManager: Mounting plugin WmfMedia
LogPluginManager: Mounting plugin TcpMessaging
LogPluginManager: Mounting plugin UdpMessaging
LogPluginManager: Mounting plugin ActorSequence
LogPluginManager: Mounting plugin NetcodeUnitTest
LogPluginManager: Mounting plugin OnlineSubsystemNull
LogPluginManager: Mounting plugin LauncherChunkInstaller
LogPluginManager: Mounting plugin AndroidPermission
LogPluginManager: Mounting plugin AppleImageUtils
LogPluginManager: Mounting plugin ArchVisCharacter
LogPluginManager: Mounting plugin AudioCapture
LogPluginManager: Mounting plugin CableComponent
LogPluginManager: Mounting plugin CustomMeshComponent
LogPluginManager: Mounting plugin EditableMesh
LogPluginManager: Mounting plugin ExampleDeviceProfileSelector
LogPluginManager: Mounting plugin LocationServicesBPLibrary
LogPluginManager: Mounting plugin MobilePatchingUtils
LogPluginManager: Mounting plugin OculusVR
LogPluginManager: Mounting plugin ProceduralMeshComponent
LogPluginManager: Mounting plugin PhysXVehicles
LogPluginManager: Mounting plugin RuntimePhysXCooking
LogPluginManager: Mounting plugin SteamVR
LogPluginManager: Mounting plugin WebMMoviePlayer
LogPluginManager: Mounting plugin WebMMedia
LogPluginManager: Mounting plugin WindowsMoviePlayer
LogInit: Using libcurl 7.55.1-DEV
LogInit:  - built for x86_64-pc-win32
LogInit:  - supports SSL with OpenSSL/1.1.1
LogInit:  - supports HTTP deflate (compression) using libz 1.2.8
LogInit:  - other features:
LogInit:      CURL_VERSION_SSL
LogInit:      CURL_VERSION_LIBZ
LogInit:      CURL_VERSION_IPV6
LogInit:      CURL_VERSION_ASYNCHDNS
LogInit:      CURL_VERSION_LARGEFILE
LogInit:      CURL_VERSION_IDN
LogInit:  CurlRequestOptions (configurable via config and command line):
LogInit:  - bVerifyPeer = true  - Libcurl will verify peer certificate
LogInit:  - bUseHttpProxy = false  - Libcurl will NOT use HTTP proxy
LogInit:  - bDontReuseConnections = false  - Libcurl will reuse connections
LogInit:  - MaxHostConnections = 16  - Libcurl will limit the number of connections to a host
LogInit:  - LocalHostAddr = Default
LogInit:  - BufferSize = 65536
LogOnline: Display: STEAM: Loading Steam SDK 1.42
LogOnline: OSS: Creating online subsystem instance for: Steam
LogOnline: Warning: STEAM: Steamworks: SteamUtils() failed!
LogOnline: Warning: STEAM: Steamworks: SteamUser() failed!
LogOnline: Warning: STEAM: Steamworks: SteamFriends() failed!
LogOnline: Warning: STEAM: Steamworks: SteamRemoteStorage() failed!
LogOnline: Warning: STEAM: Steamworks: SteamUserStats() failed!
LogOnline: Warning: STEAM: Steamworks: SteamMatchmakingServers() failed!
LogOnline: Warning: STEAM: Steamworks: SteamApps() failed!
LogOnline: Warning: STEAM: Steamworks: SteamNetworking() failed!
LogOnline: Warning: STEAM: Steamworks: SteamMatchmaking() failed!
LogOnline: STEAM: [AppId: 0] Client API initialized 0
LogOnline: Display: STEAM: OnlineSubsystemSteam::Shutdown()
LogOnline: Warning: STEAM: Steam API failed to initialize!
LogOnline: Display: STEAM: OnlineSubsystemSteam::Shutdown()
LogOnline: OSS: Unable to create OnlineSubsystem module Steam
LogOnline: OSS: Creating online subsystem instance for: NULL
LogInit: WinSock: version 1.1 (2.2), MaxSocks=32767, MaxUdp=65467
LogInit: Build: ++UE4+Release-4.23-CL-9631420
LogInit: Engine Version: 4.23.1-9631420+++UE4+Release-4.23
LogInit: Compatible Engine Version: 4.23.0-8386587+++UE4+Release-4.23
LogInit: Net CL: 8386587
LogInit: OS: Windows 10 (Release 1809) (), CPU: Intel(R) Xeon(R) CPU E5-1660 v3 @ 3.00GHz, GPU: NVIDIA TITAN X (Pascal)
LogInit: Compiled (64-bit): Oct 18 2019 02:43:36
LogInit: Compiled with Visual C++: 19.16.27030.01
LogInit: Build Configuration: Development
LogInit: Branch Name: ++UE4+Release-4.23
LogInit: Command Line: 
LogInit: Base Directory: E:/vrNetBuild/desktop_TEST/vr_new/WindowsNoEditor/viveNet/Binaries/Win64/
LogInit: Installed Engine Build: 0
LogDevObjectVersion: Number of dev versions registered: 23
LogDevObjectVersion:   Dev-Blueprints (B0D832E4-1F89-4F0D-ACCF-7EB736FD4AA2): 10
LogDevObjectVersion:   Dev-Build (E1C64328-A22C-4D53-A36C-8E866417BD8C): 0
LogDevObjectVersion:   Dev-Core (375EC13C-06E4-48FB-B500-84F0262A717E): 3
LogDevObjectVersion:   Dev-Editor (E4B068ED-F494-42E9-A231-DA0B2E46BB41): 34
LogDevObjectVersion:   Dev-Framework (CFFC743F-43B0-4480-9391-14DF171D2073): 35
LogDevObjectVersion:   Dev-Mobile (B02B49B5-BB20-44E9-A304-32B752E40360): 2
LogDevObjectVersion:   Dev-Networking (A4E4105C-59A1-49B5-A7C5-40C4547EDFEE): 0
LogDevObjectVersion:   Dev-Online (39C831C9-5AE6-47DC-9A44-9C173E1C8E7C): 0
LogDevObjectVersion:   Dev-Physics (78F01B33-EBEA-4F98-B9B4-84EACCB95AA2): 0
LogDevObjectVersion:   Dev-Platform (6631380F-2D4D-43E0-8009-CF276956A95A): 0
LogDevObjectVersion:   Dev-Rendering (12F88B9F-8875-4AFC-A67C-D90C383ABD29): 31
LogDevObjectVersion:   Dev-Sequencer (7B5AE74C-D270-4C10-A958-57980B212A5A): 11
LogDevObjectVersion:   Dev-VR (D7296918-1DD6-4BDD-9DE2-64A83CC13884): 2
LogDevObjectVersion:   Dev-LoadTimes (C2A15278-BFE7-4AFE-6C17-90FF531DF755): 1
LogDevObjectVersion:   Private-Geometry (6EACA3D4-40EC-4CC1-B786-8BED09428FC5): 3
LogDevObjectVersion:   Dev-AnimPhys (29E575DD-E0A3-4627-9D10-D276232CDCEA): 17
LogDevObjectVersion:   Dev-Anim (AF43A65D-7FD3-4947-9873-3E8ED9C1BB05): 2
LogDevObjectVersion:   Dev-ReflectionCapture (6B266CEC-1EC7-4B8F-A30B-E4D90942FC07): 1
LogDevObjectVersion:   Dev-Automation (0DF73D61-A23F-47EA-B727-89E90C41499A): 1
LogDevObjectVersion:   FortniteMain (601D1886-AC64-4F84-AA16-D3DE0DEAC7D6): 27
LogDevObjectVersion:   Dev-Enterprise (9DFFBCD6-494F-0158-E221-12823C92A888): 6
LogDevObjectVersion:   Dev-Niagara (F2AED0AC-9AFE-416F-8664-AA7FFA26D6FC): 1
LogDevObjectVersion:   Dev-Destruction (174F1F0B-B4C6-45A5-B13F-2EE8D0FB917D): 9
LogInit: Presizing for max 2097152 objects, including 1 objects not considered by GC, pre-allocating 0 bytes for permanent pool.
LogStreaming: Display: Async Loading initialized: Event Driven Loader: true, Async Loading Thread: false, Async Post Load: true
LogInit: Object subsystem initialized
LogConfig: Setting CVar [[con.DebugEarlyDefault:1]]
LogConfig: Setting CVar [[net.UseAdaptiveNetUpdateFrequency:0]]
LogConfig: Setting CVar [[r.setres:1280x720]]
[2020.08.03-12.24.35:026][  0]LogConfig: Setting CVar [[con.DebugEarlyDefault:1]]
[2020.08.03-12.24.35:026][  0]LogConfig: Setting CVar [[net.UseAdaptiveNetUpdateFrequency:0]]
[2020.08.03-12.24.35:026][  0]LogConfig: Setting CVar [[r.setres:1280x720]]
[2020.08.03-12.24.35:026][  0]LogConfig: Applying CVar settings from Section [/Script/Engine.RendererSettings] File [../../../viveNet/Saved/Config/WindowsNoEditor/Engine.ini]
[2020.08.03-12.24.35:026][  0]LogConfig: Setting CVar [[r.GPUCrashDebugging:0]]
[2020.08.03-12.24.35:026][  0]LogConfig: Setting CVar [[r.AllowOcclusionQueries:0]]
[2020.08.03-12.24.35:026][  0]LogConfig: Setting CVar [[r.ForwardShading:1]]
[2020.08.03-12.24.35:027][  0]LogConfig: Setting CVar [[r.DBuffer:0]]
[2020.08.03-12.24.35:027][  0]LogConfig: Setting CVar [[r.CustomDepth:0]]
[2020.08.03-12.24.35:027][  0]LogConfig: Setting CVar [[r.CustomDepthTemporalAAJitter:0]]
[2020.08.03-12.24.35:027][  0]LogConfig: Setting CVar [[r.DefaultFeature.AmbientOcclusion:0]]
[2020.08.03-12.24.35:027][  0]LogConfig: Setting CVar [[r.DefaultFeature.AmbientOcclusionStaticFraction:0]]
[2020.08.03-12.24.35:027][  0]LogConfig: Setting CVar [[r.DefaultFeature.MotionBlur:0]]
[2020.08.03-12.24.35:027][  0]LogConfig: Setting CVar [[r.DefaultFeature.AntiAliasing:1]]
[2020.08.03-12.24.35:027][  0]LogConfig: Setting CVar [[r.EarlyZPass:3]]
[2020.08.03-12.24.35:027][  0]LogConfig: Setting CVar [[r.AllowGlobalClipPlane:0]]
[2020.08.03-12.24.35:027][  0]LogConfig: Setting CVar [[r.DefaultFeature.AutoExposure:0]]
[2020.08.03-12.24.35:027][  0]LogConfig: Setting CVar [[vr.InstancedStereo:0]]
[2020.08.03-12.24.35:027][  0]LogConfig: Setting CVar [[r.MorphTarget.Mode:0]]
[2020.08.03-12.24.35:027][  0]LogConfig: Applying CVar settings from Section [/Script/Engine.RendererOverrideSettings] File [../../../viveNet/Saved/Config/WindowsNoEditor/Engine.ini]
[2020.08.03-12.24.35:027][  0]LogConfig: Applying CVar settings from Section [/Script/Engine.StreamingSettings] File [../../../viveNet/Saved/Config/WindowsNoEditor/Engine.ini]
[2020.08.03-12.24.35:027][  0]LogConfig: Setting CVar [[s.MinBulkDataSizeForAsyncLoading:131072]]
[2020.08.03-12.24.35:027][  0]LogConfig: Setting CVar [[s.AsyncLoadingThreadEnabled:0]]
[2020.08.03-12.24.35:027][  0]LogConfig: Setting CVar [[s.EventDrivenLoaderEnabled:1]]
[2020.08.03-12.24.35:027][  0]LogConfig: Setting CVar [[s.WarnIfTimeLimitExceeded:0]]
[2020.08.03-12.24.35:027][  0]LogConfig: Setting CVar [[s.TimeLimitExceededMultiplier:1.5]]
[2020.08.03-12.24.35:027][  0]LogConfig: Setting CVar [[s.TimeLimitExceededMinTime:0.005]]
[2020.08.03-12.24.35:027][  0]LogConfig: Setting CVar [[s.UseBackgroundLevelStreaming:1]]
[2020.08.03-12.24.35:027][  0]LogConfig: Setting CVar [[s.PriorityAsyncLoadingExtraTime:15.0]]
[2020.08.03-12.24.35:027][  0]LogConfig: Setting CVar [[s.LevelStreamingActorsUpdateTimeLimit:5.0]]
[2020.08.03-12.24.35:027][  0]LogConfig: Setting CVar [[s.PriorityLevelStreamingActorsUpdateExtraTime:5.0]]
[2020.08.03-12.24.35:027][  0]LogConfig: Setting CVar [[s.LevelStreamingComponentsRegistrationGranularity:10]]
[2020.08.03-12.24.35:027][  0]LogConfig: Setting CVar [[s.UnregisterComponentsTimeLimit:1.0]]
[2020.08.03-12.24.35:027][  0]LogConfig: Setting CVar [[s.LevelStreamingComponentsUnregistrationGranularity:5]]
[2020.08.03-12.24.35:027][  0]LogConfig: Applying CVar settings from Section [/Script/Engine.GarbageCollectionSettings] File [../../../viveNet/Saved/Config/WindowsNoEditor/Engine.ini]
[2020.08.03-12.24.35:027][  0]LogConfig: Setting CVar [[gc.MaxObjectsNotConsideredByGC:1]]
[2020.08.03-12.24.35:027][  0]LogConfig: Setting CVar [[gc.SizeOfPermanentObjectPool:0]]
[2020.08.03-12.24.35:027][  0]LogConfig: Setting CVar [[gc.FlushStreamingOnGC:0]]
[2020.08.03-12.24.35:027][  0]LogConfig: Setting CVar [[gc.NumRetriesBeforeForcingGC:10]]
[2020.08.03-12.24.35:027][  0]LogConfig: Setting CVar [[gc.AllowParallelGC:1]]
[2020.08.03-12.24.35:027][  0]LogConfig: Setting CVar [[gc.TimeBetweenPurgingPendingKillObjects:61.1]]
[2020.08.03-12.24.35:027][  0]LogConfig: Setting CVar [[gc.MaxObjectsInEditor:16777216]]
[2020.08.03-12.24.35:027][  0]LogConfig: Setting CVar [[gc.IncrementalBeginDestroyEnabled:1]]
[2020.08.03-12.24.35:027][  0]LogConfig: Setting CVar [[gc.CreateGCClusters:1]]
[2020.08.03-12.24.35:027][  0]LogConfig: Setting CVar [[gc.MinGCClusterSize:5]]
[2020.08.03-12.24.35:027][  0]LogConfig: Setting CVar [[gc.ActorClusteringEnabled:0]]
[2020.08.03-12.24.35:027][  0]LogConfig: Setting CVar [[gc.BlueprintClusteringEnabled:0]]
[2020.08.03-12.24.35:027][  0]LogConfig: Setting CVar [[gc.UseDisregardForGCOnDedicatedServers:0]]
[2020.08.03-12.24.35:027][  0]LogConfig: Applying CVar settings from Section [/Script/Engine.NetworkSettings] File [../../../viveNet/Saved/Config/WindowsNoEditor/Engine.ini]
[2020.08.03-12.24.35:047][  0]LogConfig: Applying CVar settings from Section [ViewDistanceQuality@3] File [../../../viveNet/Saved/Config/WindowsNoEditor/Scalability.ini]
[2020.08.03-12.24.35:047][  0]LogConfig: Setting CVar [[r.SkeletalMeshLODBias:0]]
[2020.08.03-12.24.35:047][  0]LogConfig: Setting CVar [[r.ViewDistanceScale:1.0]]
[2020.08.03-12.24.35:047][  0]LogConfig: Applying CVar settings from Section [AntiAliasingQuality@3] File [../../../viveNet/Saved/Config/WindowsNoEditor/Scalability.ini]
[2020.08.03-12.24.35:047][  0]LogConfig: Setting CVar [[r.PostProcessAAQuality:4]]
[2020.08.03-12.24.35:047][  0]LogConfig: Applying CVar settings from Section [ShadowQuality@3] File [../../../viveNet/Saved/Config/WindowsNoEditor/Scalability.ini]
[2020.08.03-12.24.35:047][  0]LogConfig: Setting CVar [[r.LightFunctionQuality:1]]
[2020.08.03-12.24.35:047][  0]LogConfig: Setting CVar [[r.ShadowQuality:5]]
[2020.08.03-12.24.35:047][  0]LogConfig: Setting CVar [[r.Shadow.CSM.MaxCascades:10]]
[2020.08.03-12.24.35:047][  0]LogConfig: Setting CVar [[r.Shadow.MaxResolution:2048]]
[2020.08.03-12.24.35:047][  0]LogConfig: Setting CVar [[r.Shadow.MaxCSMResolution:2048]]
[2020.08.03-12.24.35:047][  0]LogConfig: Setting CVar [[r.Shadow.RadiusThreshold:0.01]]
[2020.08.03-12.24.35:047][  0]LogConfig: Setting CVar [[r.Shadow.DistanceScale:1.0]]
[2020.08.03-12.24.35:047][  0]LogConfig: Setting CVar [[r.Shadow.CSM.TransitionScale:1.0]]
[2020.08.03-12.24.35:047][  0]LogConfig: Setting CVar [[r.Shadow.PreShadowResolutionFactor:1.0]]
[2020.08.03-12.24.35:047][  0]LogConfig: Setting CVar [[r.DistanceFieldShadowing:1]]
[2020.08.03-12.24.35:047][  0]LogConfig: Setting CVar [[r.DistanceFieldAO:1]]
[2020.08.03-12.24.35:047][  0]LogConfig: Setting CVar [[r.AOQuality:2]]
[2020.08.03-12.24.35:047][  0]LogConfig: Setting CVar [[r.VolumetricFog:1]]
[2020.08.03-12.24.35:047][  0]LogConfig: Setting CVar [[r.VolumetricFog.GridPixelSize:8]]
[2020.08.03-12.24.35:047][  0]LogConfig: Setting CVar [[r.VolumetricFog.GridSizeZ:128]]
[2020.08.03-12.24.35:047][  0]LogConfig: Setting CVar [[r.VolumetricFog.HistoryMissSupersampleCount:4]]
[2020.08.03-12.24.35:047][  0]LogConfig: Setting CVar [[r.LightMaxDrawDistanceScale:1]]
[2020.08.03-12.24.35:047][  0]LogConfig: Setting CVar [[r.CapsuleShadows:1]]
[2020.08.03-12.24.35:047][  0]LogConfig: Applying CVar settings from Section [PostProcessQuality@3] File [../../../viveNet/Saved/Config/WindowsNoEditor/Scalability.ini]
[2020.08.03-12.24.35:047][  0]LogConfig: Setting CVar [[r.MotionBlurQuality:4]]
[2020.08.03-12.24.35:047][  0]LogConfig: Setting CVar [[r.AmbientOcclusionMipLevelFactor:0.4]]
[2020.08.03-12.24.35:047][  0]LogConfig: Setting CVar [[r.AmbientOcclusionMaxQuality:100]]
[2020.08.03-12.24.35:047][  0]LogConfig: Setting CVar [[r.AmbientOcclusionLevels:-1]]
[2020.08.03-12.24.35:047][  0]LogConfig: Setting CVar [[r.AmbientOcclusionRadiusScale:1.0]]
[2020.08.03-12.24.35:047][  0]LogConfig: Setting CVar [[r.DepthOfFieldQuality:2]]
[2020.08.03-12.24.35:047][  0]LogConfig: Setting CVar [[r.RenderTargetPoolMin:400]]
[2020.08.03-12.24.35:047][  0]LogConfig: Setting CVar [[r.LensFlareQuality:2]]
[2020.08.03-12.24.35:047][  0]LogConfig: Setting CVar [[r.SceneColorFringeQuality:1]]
[2020.08.03-12.24.35:047][  0]LogConfig: Setting CVar [[r.EyeAdaptationQuality:2]]
[2020.08.03-12.24.35:047][  0]LogConfig: Setting CVar [[r.BloomQuality:5]]
[2020.08.03-12.24.35:048][  0]LogConfig: Setting CVar [[r.FastBlurThreshold:100]]
[2020.08.03-12.24.35:048][  0]LogConfig: Setting CVar [[r.Upscale.Quality:3]]
[2020.08.03-12.24.35:048][  0]LogConfig: Setting CVar [[r.Tonemapper.GrainQuantization:1]]
[2020.08.03-12.24.35:048][  0]LogConfig: Setting CVar [[r.LightShaftQuality:1]]
[2020.08.03-12.24.35:048][  0]LogConfig: Setting CVar [[r.Filter.SizeScale:1]]
[2020.08.03-12.24.35:048][  0]LogConfig: Setting CVar [[r.Tonemapper.Quality:5]]
[2020.08.03-12.24.35:048][  0]LogConfig: Setting CVar [[r.DOF.Gather.AccumulatorQuality:1        ; higher gathering accumulator quality]]
[2020.08.03-12.24.35:048][  0]LogConfig: Setting CVar [[r.DOF.Gather.PostfilterMethod:1          ; Median3x3 postfilering method]]
[2020.08.03-12.24.35:048][  0]LogConfig: Setting CVar [[r.DOF.Gather.EnableBokehSettings:0       ; no bokeh simulation when gathering]]
[2020.08.03-12.24.35:048][  0]LogConfig: Setting CVar [[r.DOF.Gather.RingCount:4                 ; medium number of samples when gathering]]
[2020.08.03-12.24.35:048][  0]LogConfig: Setting CVar [[r.DOF.Scatter.ForegroundCompositing:1    ; additive foreground scattering]]
[2020.08.03-12.24.35:048][  0]LogConfig: Setting CVar [[r.DOF.Scatter.BackgroundCompositing:2    ; additive background scattering]]
[2020.08.03-12.24.35:048][  0]LogConfig: Setting CVar [[r.DOF.Scatter.EnableBokehSettings:1      ; bokeh simulation when scattering]]
[2020.08.03-12.24.35:048][  0]LogConfig: Setting CVar [[r.DOF.Scatter.MaxSpriteRatio:0.1         ; only a maximum of 10% of scattered bokeh]]
[2020.08.03-12.24.35:048][  0]LogConfig: Setting CVar [[r.DOF.Recombine.Quality:1                ; cheap slight out of focus]]
[2020.08.03-12.24.35:048][  0]LogConfig: Setting CVar [[r.DOF.Recombine.EnableBokehSettings:0    ; no bokeh simulation on slight out of focus]]
[2020.08.03-12.24.35:048][  0]LogConfig: Setting CVar [[r.DOF.TemporalAAQuality:1                ; more stable temporal accumulation]]
[2020.08.03-12.24.35:048][  0]LogConfig: Setting CVar [[r.DOF.Kernel.MaxForegroundRadius:0.025]]
[2020.08.03-12.24.35:048][  0]LogConfig: Setting CVar [[r.DOF.Kernel.MaxBackgroundRadius:0.025]]
[2020.08.03-12.24.35:048][  0]LogConfig: Applying CVar settings from Section [TextureQuality@3] File [../../../viveNet/Saved/Config/WindowsNoEditor/Scalability.ini]
[2020.08.03-12.24.35:048][  0]LogConfig: Setting CVar [[r.Streaming.MipBias:0]]
[2020.08.03-12.24.35:048][  0]LogConfig: Setting CVar [[r.Streaming.AmortizeCPUToGPUCopy:0]]
[2020.08.03-12.24.35:048][  0]LogConfig: Setting CVar [[r.Streaming.MaxNumTexturesToStreamPerFrame:0]]
[2020.08.03-12.24.35:048][  0]LogConfig: Setting CVar [[r.Streaming.Boost:1]]
[2020.08.03-12.24.35:048][  0]LogConfig: Setting CVar [[r.MaxAnisotropy:8]]
[2020.08.03-12.24.35:048][  0]LogConfig: Setting CVar [[r.Streaming.LimitPoolSizeToVRAM:0]]
[2020.08.03-12.24.35:048][  0]LogConfig: Setting CVar [[r.Streaming.PoolSize:1000]]
[2020.08.03-12.24.35:048][  0]LogConfig: Setting CVar [[r.Streaming.MaxEffectiveScreenSize:0]]
[2020.08.03-12.24.35:048][  0]LogConfig: Applying CVar settings from Section [EffectsQuality@3] File [../../../viveNet/Saved/Config/WindowsNoEditor/Scalability.ini]
[2020.08.03-12.24.35:048][  0]LogConfig: Setting CVar [[r.TranslucencyLightingVolumeDim:64]]
[2020.08.03-12.24.35:048][  0]LogConfig: Setting CVar [[r.RefractionQuality:2]]
[2020.08.03-12.24.35:048][  0]LogConfig: Setting CVar [[r.SSR.Quality:3]]
[2020.08.03-12.24.35:048][  0]LogConfig: Setting CVar [[r.SceneColorFormat:4]]
[2020.08.03-12.24.35:048][  0]LogConfig: Setting CVar [[r.DetailMode:2]]
[2020.08.03-12.24.35:048][  0]LogConfig: Setting CVar [[r.TranslucencyVolumeBlur:1]]
[2020.08.03-12.24.35:048][  0]LogConfig: Setting CVar [[r.MaterialQualityLevel:1 ; High quality]]
[2020.08.03-12.24.35:048][  0]LogConfig: Setting CVar [[r.SSS.Scale:1]]
[2020.08.03-12.24.35:048][  0]LogConfig: Setting CVar [[r.SSS.SampleSet:2]]
[2020.08.03-12.24.35:048][  0]LogConfig: Setting CVar [[r.SSS.Quality:1]]
[2020.08.03-12.24.35:048][  0]LogConfig: Setting CVar [[r.SSS.HalfRes:1]]
[2020.08.03-12.24.35:048][  0]LogConfig: Setting CVar [[r.EmitterSpawnRateScale:1.0]]
[2020.08.03-12.24.35:048][  0]LogConfig: Setting CVar [[r.ParticleLightQuality:2]]
[2020.08.03-12.24.35:048][  0]LogConfig: Applying CVar settings from Section [FoliageQuality@3] File [../../../viveNet/Saved/Config/WindowsNoEditor/Scalability.ini]
[2020.08.03-12.24.35:048][  0]LogConfig: Setting CVar [[foliage.DensityScale:1.0]]
[2020.08.03-12.24.35:048][  0]LogConfig: Setting CVar [[grass.DensityScale:1.0]]
[2020.08.03-12.24.35:048][  0]LogInit: Selected Device Profile: [WindowsNoEditor]
[2020.08.03-12.24.35:048][  0]LogInit: Applying CVar settings loaded from the selected device profile: [WindowsNoEditor]
[2020.08.03-12.24.35:054][  0]LogHAL: Display: Platform has ~ 32 GB [34278248448 / 34359738368 / 32], which maps to Largest [LargestMinGB=32, LargerMinGB=12, DefaultMinGB=8, SmallerMinGB=6, SmallestMinGB=0)
[2020.08.03-12.24.35:054][  0]LogInit: Going up to parent DeviceProfile [Windows]
[2020.08.03-12.24.35:054][  0]LogInit: Going up to parent DeviceProfile []
[2020.08.03-12.24.35:054][  0]LogConfig: Applying CVar settings from Section [ViewDistanceQuality@3] File [../../../viveNet/Saved/Config/WindowsNoEditor/Scalability.ini]
[2020.08.03-12.24.35:054][  0]LogConfig: Setting CVar [[r.SkeletalMeshLODBias:0]]
[2020.08.03-12.24.35:054][  0]LogConfig: Setting CVar [[r.ViewDistanceScale:1.0]]
[2020.08.03-12.24.35:054][  0]LogConfig: Applying CVar settings from Section [AntiAliasingQuality@3] File [../../../viveNet/Saved/Config/WindowsNoEditor/Scalability.ini]
[2020.08.03-12.24.35:054][  0]LogConfig: Setting CVar [[r.PostProcessAAQuality:4]]
[2020.08.03-12.24.35:054][  0]LogConfig: Applying CVar settings from Section [ShadowQuality@3] File [../../../viveNet/Saved/Config/WindowsNoEditor/Scalability.ini]
[2020.08.03-12.24.35:054][  0]LogConfig: Setting CVar [[r.LightFunctionQuality:1]]
[2020.08.03-12.24.35:054][  0]LogConfig: Setting CVar [[r.ShadowQuality:5]]
[2020.08.03-12.24.35:054][  0]LogConfig: Setting CVar [[r.Shadow.CSM.MaxCascades:10]]
[2020.08.03-12.24.35:054][  0]LogConfig: Setting CVar [[r.Shadow.MaxResolution:2048]]
[2020.08.03-12.24.35:054][  0]LogConfig: Setting CVar [[r.Shadow.MaxCSMResolution:2048]]
[2020.08.03-12.24.35:054][  0]LogConfig: Setting CVar [[r.Shadow.RadiusThreshold:0.01]]
[2020.08.03-12.24.35:055][  0]LogConfig: Setting CVar [[r.Shadow.DistanceScale:1.0]]
[2020.08.03-12.24.35:055][  0]LogConfig: Setting CVar [[r.Shadow.CSM.TransitionScale:1.0]]
[2020.08.03-12.24.35:055][  0]LogConfig: Setting CVar [[r.Shadow.PreShadowResolutionFactor:1.0]]
[2020.08.03-12.24.35:055][  0]LogConfig: Setting CVar [[r.DistanceFieldShadowing:1]]
[2020.08.03-12.24.35:055][  0]LogConfig: Setting CVar [[r.DistanceFieldAO:1]]
[2020.08.03-12.24.35:055][  0]LogConfig: Setting CVar [[r.AOQuality:2]]
[2020.08.03-12.24.35:055][  0]LogConfig: Setting CVar [[r.VolumetricFog:1]]
[2020.08.03-12.24.35:055][  0]LogConfig: Setting CVar [[r.VolumetricFog.GridPixelSize:8]]
[2020.08.03-12.24.35:055][  0]LogConfig: Setting CVar [[r.VolumetricFog.GridSizeZ:128]]
[2020.08.03-12.24.35:055][  0]LogConfig: Setting CVar [[r.VolumetricFog.HistoryMissSupersampleCount:4]]
[2020.08.03-12.24.35:055][  0]LogConfig: Setting CVar [[r.LightMaxDrawDistanceScale:1]]
[2020.08.03-12.24.35:055][  0]LogConfig: Setting CVar [[r.CapsuleShadows:1]]
[2020.08.03-12.24.35:055][  0]LogConfig: Applying CVar settings from Section [PostProcessQuality@3] File [../../../viveNet/Saved/Config/WindowsNoEditor/Scalability.ini]
[2020.08.03-12.24.35:055][  0]LogConfig: Setting CVar [[r.MotionBlurQuality:4]]
[2020.08.03-12.24.35:055][  0]LogConfig: Setting CVar [[r.AmbientOcclusionMipLevelFactor:0.4]]
[2020.08.03-12.24.35:055][  0]LogConfig: Setting CVar [[r.AmbientOcclusionMaxQuality:100]]
[2020.08.03-12.24.35:055][  0]LogConfig: Setting CVar [[r.AmbientOcclusionLevels:-1]]
[2020.08.03-12.24.35:055][  0]LogConfig: Setting CVar [[r.AmbientOcclusionRadiusScale:1.0]]
[2020.08.03-12.24.35:055][  0]LogConfig: Setting CVar [[r.DepthOfFieldQuality:2]]
[2020.08.03-12.24.35:055][  0]LogConfig: Setting CVar [[r.RenderTargetPoolMin:400]]
[2020.08.03-12.24.35:055][  0]LogConfig: Setting CVar [[r.LensFlareQuality:2]]
[2020.08.03-12.24.35:055][  0]LogConfig: Setting CVar [[r.SceneColorFringeQuality:1]]
[2020.08.03-12.24.35:055][  0]LogConfig: Setting CVar [[r.EyeAdaptationQuality:2]]
[2020.08.03-12.24.35:055][  0]LogConfig: Setting CVar [[r.BloomQuality:5]]
[2020.08.03-12.24.35:055][  0]LogConfig: Setting CVar [[r.FastBlurThreshold:100]]
[2020.08.03-12.24.35:055][  0]LogConfig: Setting CVar [[r.Upscale.Quality:3]]
[2020.08.03-12.24.35:055][  0]LogConfig: Setting CVar [[r.Tonemapper.GrainQuantization:1]]
[2020.08.03-12.24.35:055][  0]LogConfig: Setting CVar [[r.LightShaftQuality:1]]
[2020.08.03-12.24.35:055][  0]LogConfig: Setting CVar [[r.Filter.SizeScale:1]]
[2020.08.03-12.24.35:055][  0]LogConfig: Setting CVar [[r.Tonemapper.Quality:5]]
[2020.08.03-12.24.35:055][  0]LogConfig: Setting CVar [[r.DOF.Gather.AccumulatorQuality:1        ; higher gathering accumulator quality]]
[2020.08.03-12.24.35:055][  0]LogConfig: Setting CVar [[r.DOF.Gather.PostfilterMethod:1          ; Median3x3 postfilering method]]
[2020.08.03-12.24.35:055][  0]LogConfig: Setting CVar [[r.DOF.Gather.EnableBokehSettings:0       ; no bokeh simulation when gathering]]
[2020.08.03-12.24.35:055][  0]LogConfig: Setting CVar [[r.DOF.Gather.RingCount:4                 ; medium number of samples when gathering]]
[2020.08.03-12.24.35:055][  0]LogConfig: Setting CVar [[r.DOF.Scatter.ForegroundCompositing:1    ; additive foreground scattering]]
[2020.08.03-12.24.35:055][  0]LogConfig: Setting CVar [[r.DOF.Scatter.BackgroundCompositing:2    ; additive background scattering]]
[2020.08.03-12.24.35:055][  0]LogConfig: Setting CVar [[r.DOF.Scatter.EnableBokehSettings:1      ; bokeh simulation when scattering]]
[2020.08.03-12.24.35:055][  0]LogConfig: Setting CVar [[r.DOF.Scatter.MaxSpriteRatio:0.1         ; only a maximum of 10% of scattered bokeh]]
[2020.08.03-12.24.35:055][  0]LogConfig: Setting CVar [[r.DOF.Recombine.Quality:1                ; cheap slight out of focus]]
[2020.08.03-12.24.35:055][  0]LogConfig: Setting CVar [[r.DOF.Recombine.EnableBokehSettings:0    ; no bokeh simulation on slight out of focus]]
[2020.08.03-12.24.35:055][  0]LogConfig: Setting CVar [[r.DOF.TemporalAAQuality:1                ; more stable temporal accumulation]]
[2020.08.03-12.24.35:055][  0]LogConfig: Setting CVar [[r.DOF.Kernel.MaxForegroundRadius:0.025]]
[2020.08.03-12.24.35:055][  0]LogConfig: Setting CVar [[r.DOF.Kernel.MaxBackgroundRadius:0.025]]
[2020.08.03-12.24.35:055][  0]LogConfig: Applying CVar settings from Section [TextureQuality@3] File [../../../viveNet/Saved/Config/WindowsNoEditor/Scalability.ini]
[2020.08.03-12.24.35:055][  0]LogConfig: Setting CVar [[r.Streaming.MipBias:0]]
[2020.08.03-12.24.35:055][  0]LogConfig: Setting CVar [[r.Streaming.AmortizeCPUToGPUCopy:0]]
[2020.08.03-12.24.35:055][  0]LogConfig: Setting CVar [[r.Streaming.MaxNumTexturesToStreamPerFrame:0]]
[2020.08.03-12.24.35:055][  0]LogConfig: Setting CVar [[r.Streaming.Boost:1]]
[2020.08.03-12.24.35:055][  0]LogConfig: Setting CVar [[r.MaxAnisotropy:8]]
[2020.08.03-12.24.35:055][  0]LogConfig: Setting CVar [[r.Streaming.LimitPoolSizeToVRAM:0]]
[2020.08.03-12.24.35:055][  0]LogConfig: Setting CVar [[r.Streaming.PoolSize:1000]]
[2020.08.03-12.24.35:055][  0]LogConfig: Setting CVar [[r.Streaming.MaxEffectiveScreenSize:0]]
[2020.08.03-12.24.35:055][  0]LogConfig: Applying CVar settings from Section [EffectsQuality@3] File [../../../viveNet/Saved/Config/WindowsNoEditor/Scalability.ini]
[2020.08.03-12.24.35:055][  0]LogConfig: Setting CVar [[r.TranslucencyLightingVolumeDim:64]]
[2020.08.03-12.24.35:055][  0]LogConfig: Setting CVar [[r.RefractionQuality:2]]
[2020.08.03-12.24.35:055][  0]LogConfig: Setting CVar [[r.SSR.Quality:3]]
[2020.08.03-12.24.35:055][  0]LogConfig: Setting CVar [[r.SceneColorFormat:4]]
[2020.08.03-12.24.35:055][  0]LogConfig: Setting CVar [[r.DetailMode:2]]
[2020.08.03-12.24.35:055][  0]LogConfig: Setting CVar [[r.TranslucencyVolumeBlur:1]]
[2020.08.03-12.24.35:055][  0]LogConfig: Setting CVar [[r.MaterialQualityLevel:1 ; High quality]]
[2020.08.03-12.24.35:055][  0]LogConfig: Setting CVar [[r.SSS.Scale:1]]
[2020.08.03-12.24.35:055][  0]LogConfig: Setting CVar [[r.SSS.SampleSet:2]]
[2020.08.03-12.24.35:055][  0]LogConfig: Setting CVar [[r.SSS.Quality:1]]
[2020.08.03-12.24.35:055][  0]LogConfig: Setting CVar [[r.SSS.HalfRes:1]]
[2020.08.03-12.24.35:055][  0]LogConfig: Setting CVar [[r.EmitterSpawnRateScale:1.0]]
[2020.08.03-12.24.35:055][  0]LogConfig: Setting CVar [[r.ParticleLightQuality:2]]
[2020.08.03-12.24.35:055][  0]LogConfig: Applying CVar settings from Section [FoliageQuality@3] File [../../../viveNet/Saved/Config/WindowsNoEditor/Scalability.ini]
[2020.08.03-12.24.35:055][  0]LogConfig: Setting CVar [[foliage.DensityScale:1.0]]
[2020.08.03-12.24.35:055][  0]LogConfig: Setting CVar [[grass.DensityScale:1.0]]
[2020.08.03-12.24.35:056][  0]LogConfig: Applying CVar settings from Section [Startup] File [../../../Engine/Config/ConsoleVariables.ini]
[2020.08.03-12.24.35:056][  0]LogConfig: Setting CVar [[net.UseAdaptiveNetUpdateFrequency:0]]
[2020.08.03-12.24.35:056][  0]LogConfig: Setting CVar [[p.chaos.AllowCreatePhysxBodies:1]]
[2020.08.03-12.24.35:056][  0]LogConfig: Applying CVar settings from Section [ConsoleVariables] File [../../../viveNet/Saved/Config/WindowsNoEditor/Engine.ini]
[2020.08.03-12.24.35:056][  0]LogInit: Computer: CEMMWKS5185
[2020.08.03-12.24.35:056][  0]LogInit: User: spirch
[2020.08.03-12.24.35:056][  0]LogInit: CPU Page size=4096, Cores=8
[2020.08.03-12.24.35:056][  0]LogInit: High frequency timer resolution =10.000000 MHz
[2020.08.03-12.24.35:056][  0]LogMemory: Memory total: Physical=31.9GB (32GB approx)
[2020.08.03-12.24.35:056][  0]LogMemory: Platform Memory Stats for WindowsNoEditor
[2020.08.03-12.24.35:056][  0]LogMemory: Process Physical Memory: 60.27 MB used, 60.27 MB peak
[2020.08.03-12.24.35:056][  0]LogMemory: Process Virtual Memory: 72.59 MB used, 72.59 MB peak
[2020.08.03-12.24.35:056][  0]LogMemory: Physical Memory: 8792.65 MB used,  23897.63 MB free, 32690.29 MB total
[2020.08.03-12.24.35:056][  0]LogMemory: Virtual Memory: 4489.98 MB used,  134213240.00 MB free, 134217728.00 MB total
[2020.08.03-12.24.35:060][  0]LogWindows: WindowsPlatformFeatures enabled
[2020.08.03-12.24.35:092][  0]LogInit: Using OS detected language (en-US).
[2020.08.03-12.24.35:092][  0]LogInit: Using OS detected locale (de-AT).
[2020.08.03-12.24.35:092][  0]LogTextLocalizationManager: No specific localization for 'en-US' exists, so the 'en' localization will be used.
[2020.08.03-12.24.35:093][  0]LogTextLocalizationManager: No localization for 'de-AT' exists, so 'en' will be used for the locale.
[2020.08.03-12.24.35:141][  0]LogSlate: New Slate User Created.  User Index 0, Is Virtual User: 0
[2020.08.03-12.24.35:141][  0]LogSlate: Slate User Registered.  User Index 0, Is Virtual User: 0
[2020.08.03-12.24.38:270][  0]LogD3D11RHI: D3D11 adapters:
[2020.08.03-12.24.38:408][  0]LogD3D11RHI:    0. 'NVIDIA TITAN X (Pascal)' (Feature Level 11_0)
[2020.08.03-12.24.38:408][  0]LogD3D11RHI:       12147/0/16345 MB DedicatedVideo/DedicatedSystem/SharedSystem, Outputs:3, VendorId:0x10de
[2020.08.03-12.24.38:412][  0]LogD3D11RHI:    1. 'Microsoft Basic Render Driver' (Feature Level 11_0)
[2020.08.03-12.24.38:412][  0]LogD3D11RHI:       0/0/16345 MB DedicatedVideo/DedicatedSystem/SharedSystem, Outputs:0, VendorId:0x1414
[2020.08.03-12.24.38:412][  0]LogD3D11RHI: Chosen D3D11 Adapter: 0
[2020.08.03-12.24.38:419][  0]LogD3D11RHI: Creating new Direct3DDevice
[2020.08.03-12.24.38:419][  0]LogD3D11RHI:     GPU DeviceId: 0x1b00 (for the marketing name, search the web for "GPU Device Id")
[2020.08.03-12.24.38:419][  0]LogWindows: EnumDisplayDevices:
[2020.08.03-12.24.38:419][  0]LogWindows:    0. 'NVIDIA TITAN X (Pascal)' (P:1 D:1)
[2020.08.03-12.24.38:420][  0]LogWindows:    1. 'NVIDIA TITAN X (Pascal)' (P:0 D:1)
[2020.08.03-12.24.38:421][  0]LogWindows:    2. 'NVIDIA TITAN X (Pascal)' (P:0 D:1)
[2020.08.03-12.24.38:421][  0]LogWindows:    3. 'NVIDIA TITAN X (Pascal)' (P:0 D:0)
[2020.08.03-12.24.38:421][  0]LogWindows: DebugString: FoundDriverCount:4 
[2020.08.03-12.24.38:421][  0]LogD3D11RHI:     Adapter Name: NVIDIA TITAN X (Pascal)
[2020.08.03-12.24.38:421][  0]LogD3D11RHI:   Driver Version: 436.15 (internal:26.21.14.3615, unified:436.15)
[2020.08.03-12.24.38:422][  0]LogD3D11RHI:      Driver Date: 8-24-2019
[2020.08.03-12.24.38:422][  0]LogRHI: Texture pool is 8502 MB (70% of 12147 MB)
[2020.08.03-12.24.38:522][  0]LogD3D11RHI: Async texture creation enabled
[2020.08.03-12.24.38:557][  0]LogD3D11RHI: GPU Timing Frequency: 1000.000000 (Debug: 2 1)
[2020.08.03-12.24.38:716][  0]LogMaterial: Verifying Global Shaders for PCD3D_SM5
[2020.08.03-12.24.38:742][  0]LogSlate: Using FreeType 2.6.0
[2020.08.03-12.24.38:742][  0]LogSlate: SlateFontServices - WITH_FREETYPE: 1, WITH_HARFBUZZ: 1
[2020.08.03-12.24.38:823][  0]LogInit: Using OS detected language (en-US).
[2020.08.03-12.24.38:823][  0]LogInit: Using OS detected locale (de-AT).
[2020.08.03-12.24.38:823][  0]LogTextLocalizationManager: No localization for 'en-US' exists, so 'en' will be used for the language.
[2020.08.03-12.24.38:823][  0]LogTextLocalizationManager: No localization for 'de-AT' exists, so 'en' will be used for the locale.
[2020.08.03-12.24.38:824][  0]LogTextLocalizationManager: Compacting localization data took   0.44ms
[2020.08.03-12.24.38:829][  0]LogAssetRegistry: FAssetRegistry took 0.0043 seconds to start up
[2020.08.03-12.24.38:944][  0]LogStreaming: Display: Flushing async loaders.
[2020.08.03-12.24.38:944][  0]LogPackageLocalizationCache: Processed 13 localized package path(s) for 1 prioritized culture(s) in 0.000072 seconds
[2020.08.03-12.24.38:945][  0]LogPakFile: New pak file ../../../viveNet/Content/Paks/viveNet-WindowsNoEditor.pak added to pak precacher.
[2020.08.03-12.24.38:948][  0]LogInit: Selected Device Profile: [WindowsNoEditor]
[2020.08.03-12.24.38:962][  0]LogNetVersion: viveNet 1.0.0, NetCL: 8386587, EngineNetVer: 11, GameNetVer: 0 (Checksum: 2011979321)
[2020.08.03-12.24.39:903][  0]LogMoviePlayer: Initializing movie player
[2020.08.03-12.24.40:353][  0]LogTemp: Warning: VRNetPlugin loaded!
[2020.08.03-12.24.40:353][  0]LogAndroidPermission: UAndroidPermissionCallbackProxy::GetInstance
[2020.08.03-12.24.40:353][  0]LogOcInput: OculusInput pre-init called
[2020.08.03-12.24.40:358][  0]LogUObjectArray: 42094 objects as part of root set at end of initial load.
[2020.08.03-12.24.40:358][  0]LogUObjectArray: 2 objects are not in the root set, but can never be destroyed because they are in the DisregardForGC set.
[2020.08.03-12.24.40:358][  0]LogUObjectAllocator: 6380560 out of 0 bytes used by permanent object pool.
[2020.08.03-12.24.40:358][  0]LogUObjectArray: CloseDisregardForGC: 42094/42094 objects in disregard for GC pool
[2020.08.03-12.24.40:437][  0]LogEngine: Initializing Engine...
[2020.08.03-12.24.40:438][  0]LogHMD: SteamVR initialized.  Driver: lighthouse  Display: LHR-B595268E
[2020.08.03-12.24.40:449][  0]LogStats: UGameplayTagsManager::InitializeManager -  0.000 s
[2020.08.03-12.24.40:545][  0]LogInit: Initializing FReadOnlyCVARCache
[2020.08.03-12.24.40:550][  0]LogAudioDebug: Display: Lib vorbis DLL was dynamically loaded.
[2020.08.03-12.24.40:663][  0]LogInit: XAudio2 using 'HTC-VIVE (NVIDIA High Definition Audio)' : 2 channels at 48 kHz using 16 bits per sample (channel mask 0x3)
[2020.08.03-12.24.40:739][  0]LogInit: FAudioDevice initialized.
[2020.08.03-12.24.40:744][  0]LogNetVersion: Set ProjectVersion to 1.0.0.0. Version Checksum will be recalculated on next use.
[2020.08.03-12.24.40:744][  0]LogInit: Texture streaming: Enabled
[2020.08.03-12.24.40:745][  0]LogConsoleManager: Warning: Setting the console variable 'r.VSync' with 'SetByGameSetting' was ignored as it is lower priority than the previous 'SetByCode'. Value remains '0'
[2020.08.03-12.24.42:007][  0]LogInit: Error: Failed to load cursor '../../../viveNet/Content/None'
[2020.08.03-12.24.42:007][  0]LogSlate: Updating window title bar state: overlay mode, drag disabled, window buttons hidden, title bar hidden
[2020.08.03-12.24.42:008][  0]LogInit: Display: Game Engine Initialized.
[2020.08.03-12.24.42:008][  0]LogInit: Display: Starting Game.
[2020.08.03-12.24.42:008][  0]LogNet: Browse: /Game/netVR?Name=Player
[2020.08.03-12.24.42:009][  0]LogLoad: LoadMap: /Game/netVR?Name=Player
[2020.08.03-12.24.42:009][  0]LogWorld: BeginTearingDown for /Temp/Untitled_0
[2020.08.03-12.24.42:010][  0]LogWorld: UWorld::CleanupWorld for Untitled, bSessionEnded=true, bCleanupResources=true
[2020.08.03-12.24.42:144][  0]LogUObjectHash: Compacting FUObjectHashTables data took   2.56ms
[2020.08.03-12.24.42:155][  0]LogAIModule: Creating AISystem for world netVR
[2020.08.03-12.24.42:156][  0]LogLoad: Game class is 'ViveGameMode_C'
[2020.08.03-12.24.42:157][  0]LogWorld: Bringing World /Game/netVR.netVR up for play (max tick rate 0) at 2020.08.03-14.24.42
[2020.08.03-12.24.42:163][  0]LogStreaming: Warning: Failed to open ANSI TEXT file ../../../viveNet/Content//data/
[2020.08.03-12.24.42:164][  0]LogStreaming: Warning: Failed to open ANSI TEXT file ../../../viveNet/Content//data/
[2020.08.03-12.24.42:165][  0]LogWorld: Bringing up level for play took: 0.008410
[2020.08.03-12.24.42:165][  0]LogVRNetGameModeBase: SERVER [55168] - InitNewPlayer() ... Options: ?Name=CEMMWKS5185-143A5AE34FD1E56A919D69BB3B6B6BDC  / Portal: 
[2020.08.03-12.24.42:169][  0]LogBlueprintUserMessages: [VivePawn_C_2147482535] OnRep widgetInteractionID: VivePawn_C_2147482535 - set widgetInteractionComp (right) ID to: 257
[2020.08.03-12.24.42:169][  0]LogBlueprintUserMessages: [VivePawn_C_2147482535] OnRep widgetInteraction1ID: VivePawn_C_2147482535 - set widgetInteractionComp1 (left) ID to: 273
[2020.08.03-12.24.42:169][  0]LogVRNetBasePawn: SERVER [55228] - ClientPossessed() ...
[2020.08.03-12.24.42:169][  0]LogBlueprintUserMessages: [VivePawn_C_2147482535] Activated ViveTracker!
[2020.08.03-12.24.42:170][  0]LogVRNetBasePawn: SERVER [55228] - ClientUnPossessed() ...
[2020.08.03-12.24.42:175][  0]LogBlueprintUserMessages: [VivePawn_C_2147482531] OnRep widgetInteractionID: VivePawn_C_2147482531 - set widgetInteractionComp (right) ID to: 257
[2020.08.03-12.24.42:175][  0]LogBlueprintUserMessages: [VivePawn_C_2147482531] OnRep widgetInteraction1ID: VivePawn_C_2147482531 - set widgetInteractionComp1 (left) ID to: 273
[2020.08.03-12.24.42:175][  0]LogVRNetBasePawn: SERVER [55294] - ClientPossessed() ...
[2020.08.03-12.24.42:175][  0]LogBlueprintUserMessages: [VivePawn_C_2147482531] Activated ViveTracker!
[2020.08.03-12.24.42:175][  0]LogVRNetGameModeBase: SERVER [55168] - PostLogin() ... NewPlayerCtrlName: BP_VivePlayerController_C_2147482553 / connected players num: 1
[2020.08.03-12.24.42:176][  0]LogUMG: Display: Widget Class ExpandableKeyboard_C - Loaded Fast Template.
[2020.08.03-12.24.42:176][  0]LogEngine: Onscreen warnings/messages are now DISABLED
[2020.08.03-12.24.42:176][  0]Warning: Stereo On is deprecated. Use vr.bEnableStereo True instead
[2020.08.03-12.24.42:177][  0]LogEngine: Onscreen warnings/messages are now DISABLED
[2020.08.03-12.24.42:177][  0]r.SetRes = "1680x1050f"
[2020.08.03-12.24.42:177][  0]Command not recognized: r.screenPercentage=100
[2020.08.03-12.24.42:177][  0]Command not recognized: HMD mirror 1680x1050
[2020.08.03-12.24.42:177][  0]LogVRNetMotionCtrlComp: Verbose: SERVER [55298] - BeginPlay()
[2020.08.03-12.24.42:177][  0]LogOutputDevice: Warning: 

Script Stack (0 frames):

[2020.08.03-12.24.42:185][  0]LogStats: FPlatformStackWalk::StackWalkAndDump -  0.008 s
[2020.08.03-12.24.42:185][  0]LogOutputDevice: Error: === Handled ensure: ===
[2020.08.03-12.24.42:185][  0]LogOutputDevice: Error: 
[2020.08.03-12.24.42:185][  0]LogOutputDevice: Error: Ensure condition failed: Component->HasBegunPlay() [File:D:/Build/++UE4/Sync/Engine/Source/Runtime/Engine/Private/Actor.cpp] [Line: 3366]
[2020.08.03-12.24.42:185][  0]LogOutputDevice: Error: Failed to route BeginPlay (VRNetMotionControllerComponent /Game/netVR.netVR:PersistentLevel.VivePawn_C_2147482531.LeftController)
[2020.08.03-12.24.42:186][  0]LogOutputDevice: Error: Stack: 
[2020.08.03-12.24.42:186][  0]LogOutputDevice: Error: [Callstack] 0x00007ff6189b097a viveNet.exe!UnknownFunction []
[2020.08.03-12.24.42:187][  0]LogOutputDevice: Error: [Callstack] 0x00007ff616a4b3f5 viveNet.exe!UnknownFunction []
[2020.08.03-12.24.42:188][  0]LogOutputDevice: Error: [Callstack] 0x00007ff61400cc2d viveNet.exe!UnknownFunction []
[2020.08.03-12.24.42:188][  0]LogOutputDevice: Error: [Callstack] 0x00007ff616a530e7 viveNet.exe!UnknownFunction []
[2020.08.03-12.24.42:188][  0]LogOutputDevice: Error: [Callstack] 0x00007ff61785362a viveNet.exe!UnknownFunction []
[2020.08.03-12.24.42:188][  0]LogOutputDevice: Error: [Callstack] 0x00007ff616f3d1f1 viveNet.exe!UnknownFunction []
[2020.08.03-12.24.42:188][  0]LogOutputDevice: Error: [Callstack] 0x00007ff6178158ee viveNet.exe!UnknownFunction []
[2020.08.03-12.24.42:188][  0]LogOutputDevice: Error: [Callstack] 0x00007ff617758de1 viveNet.exe!UnknownFunction []
[2020.08.03-12.24.42:188][  0]LogOutputDevice: Error: [Callstack] 0x00007ff61771d41d viveNet.exe!UnknownFunction []
[2020.08.03-12.24.42:188][  0]LogOutputDevice: Error: [Callstack] 0x00007ff616f07b9e viveNet.exe!UnknownFunction []
[2020.08.03-12.24.42:188][  0]LogOutputDevice: Error: [Callstack] 0x00007ff616f07712 viveNet.exe!UnknownFunction []
[2020.08.03-12.24.42:188][  0]LogOutputDevice: Error: [Callstack] 0x00007ff613fd64f1 viveNet.exe!UnknownFunction []
[2020.08.03-12.24.42:188][  0]LogOutputDevice: Error: [Callstack] 0x00007ff613fec2de viveNet.exe!UnknownFunction []
[2020.08.03-12.24.42:188][  0]LogOutputDevice: Error: [Callstack] 0x00007ff613fec50a viveNet.exe!UnknownFunction []
[2020.08.03-12.24.42:188][  0]LogOutputDevice: Error: [Callstack] 0x00007ff613ffd300 viveNet.exe!UnknownFunction []
[2020.08.03-12.24.42:189][  0]LogOutputDevice: Error: [Callstack] 0x00007ff61868c702 viveNet.exe!UnknownFunction []
[2020.08.03-12.24.42:189][  0]LogOutputDevice: Error: [Callstack] 0x00007ffeac607974 KERNEL32.DLL!UnknownFunction []
[2020.08.03-12.24.42:189][  0]LogOutputDevice: Error: [Callstack] 0x00007ffeae9ea271 ntdll.dll!UnknownFunction []
[2020.08.03-12.24.42:189][  0]LogOutputDevice: Error: 
[2020.08.03-12.24.42:202][  0]LogStats:                SubmitErrorReport -  0.000 s
[2020.08.03-12.24.42:718][  0]LogWindows: Warning: CreateProc failed: The system cannot find the file specified. (0x00000002)
[2020.08.03-12.24.42:718][  0]LogWindows: Warning: URL: ../../../Engine/Binaries/Win64/CrashReportClient.exe "E:/vrNetBuild/desktop_TEST/vr_new/WindowsNoEditor/viveNet/Saved/Crashes/UE4CC-Windows-0EBEC9234C4045EFC3ADD0B69750D670_0000" -Unattended -AppName=UE4-viveNet -CrashGUID=UE4CC-Windows-0EBEC9234C4045EFC3ADD0B69750D670_0000 -DebugSymbols=..\..\..\Engine\Intermediate\Symbols
[2020.08.03-12.24.42:718][  0]LogStats:                    SendNewReport -  0.516 s
[2020.08.03-12.24.42:718][  0]LogStats:             FDebug::EnsureFailed -  0.541 s
[2020.08.03-12.24.42:718][  0]LogVRNetMotionCtrlComp: Verbose: SERVER [55300] - BeginPlay()
[2020.08.03-12.24.42:718][  0]LogVRNetReplComp: SERVER [55301] - BeginPlay() ... this: RightControllerReplicationComp - owner: VivePawn_C_2147482531 - (owner of owner: NOOWNER) - is activated: true
[2020.08.03-12.24.42:718][  0]LogVRNetReplComp: SERVER [55299] - BeginPlay() ... this: LeftControllerReplicationComp - owner: VivePawn_C_2147482531 - (owner of owner: NOOWNER) - is activated: true
[2020.08.03-12.24.42:718][  0]LogVRNetReplComp: SERVER [55297] - BeginPlay() ... this: CameraReplicationComponent - owner: VivePawn_C_2147482531 - (owner of owner: NOOWNER) - is activated: true
[2020.08.03-12.24.42:718][  0]LogBlueprintUserMessages: [TextureInteractionComponent] TextureInteractionComponent initalized
[2020.08.03-12.24.42:718][  0]LogBlueprintUserMessages: [TextureInteractionComponent] Owner pawn set (TextureInteractionComponent)
[2020.08.03-12.24.42:718][  0]LogScript: Warning: Script Msg: Attempted to access index 0 from array 'CallFunc_GetAllWidgetsOfClass_FoundWidgets_3' of length 0 in '/Game/Blueprints/TextureInteractionComponent.TextureInteractionComponent_C:ExecuteUbergraph_TextureInteractionComponent'!
[2020.08.03-12.24.42:718][  0]LogScript: Warning: Script Msg: Attempted to access index 0 from array 'CallFunc_GetAllWidgetsOfClass_FoundWidgets_2' of length 0 in '/Game/Blueprints/TextureInteractionComponent.TextureInteractionComponent_C:ExecuteUbergraph_TextureInteractionComponent'!
[2020.08.03-12.24.42:718][  0]LogBlueprintUserMessages: [UIInteractionComponent] Owner pawn set
[2020.08.03-12.24.42:718][  0]LogScript: Warning: Script Msg: Attempted to access index 0 from array 'CallFunc_GetAllWidgetsOfClass_FoundWidgets' of length 0 in '/Game/Blueprints/UIInteractionComponent.UIInteractionComponent_C:ExecuteUbergraph_UIInteractionComponent'!
[2020.08.03-12.24.42:718][  0]LogScript: Warning: Script Msg: Attempted to access index 0 from array 'CallFunc_GetAllWidgetsOfClass_FoundWidgets_1' of length 0 in '/Game/Blueprints/UIInteractionComponent.UIInteractionComponent_C:ExecuteUbergraph_UIInteractionComponent'!
[2020.08.03-12.24.42:718][  0]LogScript: Warning: Script Msg: Attempted to access index 0 from array 'CallFunc_GetAllWidgetsOfClass_FoundWidgets_3' of length 0 in '/Game/Blueprints/UIInteractionComponent.UIInteractionComponent_C:ExecuteUbergraph_UIInteractionComponent'!
[2020.08.03-12.24.42:718][  0]LogVRNetReplComp: SERVER [55334] - BeginPlay() ... this: ViveTrackerReplication - owner: VivePawn_C_2147482531 - (owner of owner: NOOWNER) - is activated: true
[2020.08.03-12.24.42:719][  0]LogScript: Warning: Script Msg: Attempted to access index 0 from array 'CallFunc_GetAllActorsOfClass_OutActors' of length 0 in '/Game/Blueprints/experimental/dragAbleActor.dragAbleActor_C:UserConstructionScript'!
[2020.08.03-12.24.42:719][  0]LogUMG: Display: Widget Class Switcher1_C - Loaded Fast Template.
[2020.08.03-12.24.42:721][  0]LogUMG: Display: Widget Class WebInterface_C - Loaded Fast Template.
[2020.08.03-12.24.42:721][  0]LogBlueprintUserMessages: [RightHandWidgetActor_C_2147482528] false
[2020.08.03-12.24.42:722][  0]LogUMG: Display: Widget Class nodePanel_C - Loaded Fast Template.
[2020.08.03-12.24.42:723][  0]LogScript: Warning: Script Msg: Attempted to access index 0 from array 'CallFunc_GetAllActorsOfClass_OutActors' of length 0 in '/Game/Blueprints/experimental/dragAbleActor.dragAbleActor_C:UserConstructionScript'!
[2020.08.03-12.24.42:723][  0]LogUMG: Display: Widget Class WebPanel1_C - Loaded Fast Template.
[2020.08.03-12.24.42:723][  0]LogVRNetBasePawn: SERVER [55294] - LOCAL pawn begin play: VivePawn_C_2147482531 .. ROLE on client: ROLE_Authority / REMOTE ROLE: ROLE_SimulatedProxy  
[2020.08.03-12.24.42:723][  0]LogBlueprintUserMessages: [MyStaticMeshNodeActor2_Blueprint] MaterialInstanceDynamic_1
[2020.08.03-12.24.42:723][  0]LogLoad: Took 0.714374 seconds to LoadMap(/Game/netVR)
[2020.08.03-12.24.44:525][  0]LogRenderer: Reallocating scene render targets to support 2160x1200 Format 10 NumSamples 1 (Frame:1).
[2020.08.03-12.24.46:425][  0]LogLoad: (Engine Initialization) Total time: 12.55 seconds
[2020.08.03-12.24.48:285][  0]LogRenderer: Reallocating scene render targets to support 3704x2056 Format 10 NumSamples 1 (Frame:4).
[2020.08.03-12.24.48:321][  0]LogContentStreaming: Texture pool size now 1000 MB
[2020.08.03-12.24.48:351][  1]LogBlueprintUserMessages: [LayoutLabelActor_70] VR
[2020.08.03-12.24.48:353][  1]../../../viveNet/Content//data/layouts/  not found
[2020.08.03-12.24.48:353][  1]../../../viveNet/Content//data/links/  not found
[2020.08.03-12.24.48:541][  1]LogBlueprintUserMessages: [WebInterface_C_2147482521] loadedURL
[2020.08.03-12.24.48:610][  1]LogBlueprintUserMessages: [nodePanel_C_2147482515] loadedURL
[2020.08.03-12.24.48:674][  1]LogBlueprintUserMessages: [WebPanel1_C_2147482510] loadedURL
[2020.08.03-12.24.48:921][ 23]LogScript: Warning: Script Msg: Attempted to access index 0 from array 'CallFunc_GetAllWidgetsOfClass_FoundWidgets' of length 0 in '/Game/Blueprints/ViveGameState.ViveGameState_C:ExecuteUbergraph_ViveGameState'!
[2020.08.03-12.24.48:937][ 25]LogScript: Warning: Attempted to access index 0 from array K2Node_CustomEvent_Nodes of length 0!
	loadNetworkNEW_C /Engine/Transient.GameEngine_2147482618:BP_VRNetGameInstance_C_2147482604.Switcher1_C_2147482522.WidgetTree_0.loadNetworkNEW
	Function /Game/ui/loadNetworkNEW.loadNetworkNEW_C:ExecuteUbergraph_loadNetworkNEW:0143
[2020.08.03-12.24.48:937][ 25]LogScript: Warning: Script call stack:
	Function /Game/ui/loadNetworkNEW.loadNetworkNEW_C:ExecuteUbergraph_loadNetworkNEW

[2020.08.03-12.24.48:937][ 25]LogStreaming: Warning: Failed to open ANSI TEXT file ../../../viveNet/Content//data/layouts/
[2020.08.03-12.24.48:937][ 25]LogBlueprintUserMessages: [LayoutLabelActor_70] Hello
[2020.08.03-12.24.48:937][ 25]LogBlueprintUserMessages: [LayoutLabelActor_70] Hello
[2020.08.03-12.24.48:938][ 25]LogBlueprintUserMessages: [ViveGameState_C_2147482565] load network (ViveGameState): 
[2020.08.03-12.24.48:938][ 25]LogBlueprintUserMessages: [Selections] RefreshSelectionList called!
[2020.08.03-12.24.48:938][ 25]LogUMG: Display: Widget Class dynButtSel_C - Loaded Fast Template.
[2020.08.03-12.24.48:949][ 25]LogBlueprintUserMessages: [TextureInteractionComponent] ServerRequestUpdateSelectionFiles found60 files
[2020.08.03-12.25.09:539][848]LogBlueprintUserMessages: [RightHandWidgetActor_C_2147482528] true
[2020.08.03-12.25.09:539][848]LogSlate: New Slate User Created.  User Index 8, Is Virtual User: 1
[2020.08.03-12.25.09:539][848]LogSlate: Slate User Registered.  User Index 8, Is Virtual User: 1
[2020.08.03-12.25.09:574][851]LogSlate: Took 0.001128 seconds to synchronously load lazily loaded font '../../../Engine/Content/EngineFonts/Faces/RobotoLight.ufont' (167K)
[2020.08.03-12.25.09:649][858]LogBlueprintUserMessages: [RightHandWidgetActor_C_2147482528] false
[2020.08.03-12.25.09:649][858]LogSlate: Slate User Unregistered.  User Index 8
[2020.08.03-12.25.09:649][858]LogSlate: Slate User Destroyed.  User Index 8, Is Virtual User: 1
[2020.08.03-12.25.09:649][858]LogSlate: Slate User Unregistered.  User Index 8
[2020.08.03-12.25.09:649][858]LogSlate: New Slate User Created.  User Index 8, Is Virtual User: 0
[2020.08.03-12.25.09:649][858]LogSlate: Slate User Registered.  User Index 8, Is Virtual User: 0
[2020.08.03-12.25.09:649][858]LogSlate: Slate User Destroyed.  User Index 8, Is Virtual User: 0
[2020.08.03-12.25.10:310][917]LogBlueprintUserMessages: [RightHandWidgetActor_C_2147482528] true
[2020.08.03-12.25.10:310][917]LogSlate: New Slate User Created.  User Index 8, Is Virtual User: 1
[2020.08.03-12.25.10:310][917]LogSlate: Slate User Registered.  User Index 8, Is Virtual User: 1
[2020.08.03-12.25.10:310][917]LogSlate: New Slate User Created.  User Index 9, Is Virtual User: 1
[2020.08.03-12.25.10:310][917]LogSlate: Slate User Registered.  User Index 9, Is Virtual User: 1
[2020.08.03-12.25.10:321][918]LogSlate: Slate User Unregistered.  User Index 9
[2020.08.03-12.25.10:321][918]LogSlate: Slate User Destroyed.  User Index 9, Is Virtual User: 1
[2020.08.03-12.25.10:321][918]LogSlate: Slate User Unregistered.  User Index 9
[2020.08.03-12.25.10:321][918]LogSlate: New Slate User Created.  User Index 9, Is Virtual User: 0
[2020.08.03-12.25.10:321][918]LogSlate: Slate User Registered.  User Index 9, Is Virtual User: 0
[2020.08.03-12.25.10:321][918]LogSlate: Slate User Destroyed.  User Index 9, Is Virtual User: 0
[2020.08.03-12.25.10:433][928]LogBlueprintUserMessages: [RightHandWidgetActor_C_2147482528] false
[2020.08.03-12.25.10:433][928]LogSlate: Slate User Unregistered.  User Index 8
[2020.08.03-12.25.10:433][928]LogSlate: Slate User Destroyed.  User Index 8, Is Virtual User: 1
[2020.08.03-12.25.10:433][928]LogSlate: Slate User Unregistered.  User Index 8
[2020.08.03-12.25.10:433][928]LogSlate: New Slate User Created.  User Index 8, Is Virtual User: 0
[2020.08.03-12.25.10:433][928]LogSlate: Slate User Registered.  User Index 8, Is Virtual User: 0
[2020.08.03-12.25.10:433][928]LogSlate: Slate User Destroyed.  User Index 8, Is Virtual User: 0
[2020.08.03-12.25.13:605][212]LogBlueprintUserMessages: [RightHandWidgetActor_C_2147482528] true
[2020.08.03-12.25.13:605][212]LogSlate: New Slate User Created.  User Index 8, Is Virtual User: 1
[2020.08.03-12.25.13:605][212]LogSlate: Slate User Registered.  User Index 8, Is Virtual User: 1
[2020.08.03-12.25.13:706][221]LogSlate: New Slate User Created.  User Index 9, Is Virtual User: 1
[2020.08.03-12.25.13:706][221]LogSlate: Slate User Registered.  User Index 9, Is Virtual User: 1
[2020.08.03-12.25.13:716][222]LogBlueprintUserMessages: [RightHandWidgetActor_C_2147482528] false
[2020.08.03-12.25.13:717][222]LogSlate: Slate User Unregistered.  User Index 8
[2020.08.03-12.25.13:717][222]LogSlate: Slate User Destroyed.  User Index 8, Is Virtual User: 1
[2020.08.03-12.25.13:717][222]LogSlate: Slate User Unregistered.  User Index 8
[2020.08.03-12.25.13:717][222]LogSlate: New Slate User Created.  User Index 8, Is Virtual User: 0
[2020.08.03-12.25.13:717][222]LogSlate: Slate User Registered.  User Index 8, Is Virtual User: 0
[2020.08.03-12.25.13:717][222]LogSlate: Slate User Destroyed.  User Index 8, Is Virtual User: 0
[2020.08.03-12.25.13:717][222]LogSlate: Slate User Unregistered.  User Index 9
[2020.08.03-12.25.13:717][222]LogSlate: Slate User Destroyed.  User Index 9, Is Virtual User: 1
[2020.08.03-12.25.13:717][222]LogSlate: Slate User Unregistered.  User Index 9
[2020.08.03-12.25.13:717][222]LogSlate: New Slate User Created.  User Index 9, Is Virtual User: 0
[2020.08.03-12.25.13:717][222]LogSlate: Slate User Registered.  User Index 9, Is Virtual User: 0
[2020.08.03-12.25.13:717][222]LogSlate: Slate User Destroyed.  User Index 9, Is Virtual User: 0
[2020.08.03-12.25.15:124][348]LogBlueprintUserMessages: [RightHandWidgetActor_C_2147482528] true
[2020.08.03-12.25.15:124][348]LogSlate: New Slate User Created.  User Index 8, Is Virtual User: 1
[2020.08.03-12.25.15:124][348]LogSlate: Slate User Registered.  User Index 8, Is Virtual User: 1
[2020.08.03-12.25.15:124][348]LogSlate: New Slate User Created.  User Index 9, Is Virtual User: 1
[2020.08.03-12.25.15:124][348]LogSlate: Slate User Registered.  User Index 9, Is Virtual User: 1
[2020.08.03-12.25.15:124][348]LogBlueprintUserMessages: [VivePawn_C_2147482531] WebInterface_C_2147482521!!!! !
[2020.08.03-12.25.15:169][352]LogSlate: Slate User Unregistered.  User Index 9
[2020.08.03-12.25.15:169][352]LogSlate: Slate User Destroyed.  User Index 9, Is Virtual User: 1
[2020.08.03-12.25.15:169][352]LogSlate: Slate User Unregistered.  User Index 9
[2020.08.03-12.25.15:169][352]LogSlate: New Slate User Created.  User Index 9, Is Virtual User: 0
[2020.08.03-12.25.15:169][352]LogSlate: Slate User Registered.  User Index 9, Is Virtual User: 0
[2020.08.03-12.25.15:169][352]LogSlate: Slate User Destroyed.  User Index 9, Is Virtual User: 0
[2020.08.03-12.25.15:448][377]LogBlueprintUserMessages: [RightHandWidgetActor_C_2147482528] false
[2020.08.03-12.25.15:448][377]LogSlate: Slate User Unregistered.  User Index 8
[2020.08.03-12.25.15:448][377]LogSlate: Slate User Destroyed.  User Index 8, Is Virtual User: 1
[2020.08.03-12.25.15:448][377]LogSlate: Slate User Unregistered.  User Index 8
[2020.08.03-12.25.15:448][377]LogSlate: New Slate User Created.  User Index 8, Is Virtual User: 0
[2020.08.03-12.25.15:448][377]LogSlate: Slate User Registered.  User Index 8, Is Virtual User: 0
[2020.08.03-12.25.15:448][377]LogSlate: Slate User Destroyed.  User Index 8, Is Virtual User: 0
[2020.08.03-12.25.16:733][492]LogBlueprintUserMessages: [RightHandWidgetActor_C_2147482528] true
[2020.08.03-12.25.16:733][492]LogSlate: New Slate User Created.  User Index 8, Is Virtual User: 1
[2020.08.03-12.25.16:733][492]LogSlate: Slate User Registered.  User Index 8, Is Virtual User: 1
[2020.08.03-12.25.18:118][616]LogBlueprintUserMessages: [RightHandWidgetActor_C_2147482528] false
[2020.08.03-12.25.18:118][616]LogSlate: Slate User Unregistered.  User Index 8
[2020.08.03-12.25.18:118][616]LogSlate: Slate User Destroyed.  User Index 8, Is Virtual User: 1
[2020.08.03-12.25.18:118][616]LogSlate: Slate User Unregistered.  User Index 8
[2020.08.03-12.25.18:118][616]LogSlate: New Slate User Created.  User Index 8, Is Virtual User: 0
[2020.08.03-12.25.18:118][616]LogSlate: Slate User Registered.  User Index 8, Is Virtual User: 0
[2020.08.03-12.25.18:118][616]LogSlate: Slate User Destroyed.  User Index 8, Is Virtual User: 0
[2020.08.03-12.25.25:814][305]LogBlueprintUserMessages: [RightHandWidgetActor_C_2147482528] true
[2020.08.03-12.25.25:814][305]LogSlate: New Slate User Created.  User Index 8, Is Virtual User: 1
[2020.08.03-12.25.25:814][305]LogSlate: Slate User Registered.  User Index 8, Is Virtual User: 1
[2020.08.03-12.25.25:937][316]LogSlate: New Slate User Created.  User Index 9, Is Virtual User: 1
[2020.08.03-12.25.25:937][316]LogSlate: Slate User Registered.  User Index 9, Is Virtual User: 1
[2020.08.03-12.25.25:948][317]LogBlueprintUserMessages: [VivePawn_C_2147482531] WebInterface_C_2147482521!!!! !
[2020.08.03-12.25.25:982][320]LogSlate: Slate User Unregistered.  User Index 9
[2020.08.03-12.25.25:982][320]LogSlate: Slate User Destroyed.  User Index 9, Is Virtual User: 1
[2020.08.03-12.25.25:982][320]LogSlate: Slate User Unregistered.  User Index 9
[2020.08.03-12.25.25:982][320]LogSlate: New Slate User Created.  User Index 9, Is Virtual User: 0
[2020.08.03-12.25.25:982][320]LogSlate: Slate User Registered.  User Index 9, Is Virtual User: 0
[2020.08.03-12.25.25:982][320]LogSlate: Slate User Destroyed.  User Index 9, Is Virtual User: 0
[2020.08.03-12.25.25:982][320]LogBlueprintUserMessages: [RightHandWidgetActor_C_2147482528] false
[2020.08.03-12.25.25:982][320]LogSlate: Slate User Unregistered.  User Index 8
[2020.08.03-12.25.25:982][320]LogSlate: Slate User Destroyed.  User Index 8, Is Virtual User: 1
[2020.08.03-12.25.25:982][320]LogSlate: Slate User Unregistered.  User Index 8
[2020.08.03-12.25.25:982][320]LogSlate: New Slate User Created.  User Index 8, Is Virtual User: 0
[2020.08.03-12.25.25:982][320]LogSlate: Slate User Registered.  User Index 8, Is Virtual User: 0
[2020.08.03-12.25.25:982][320]LogSlate: Slate User Destroyed.  User Index 8, Is Virtual User: 0
[2020.08.03-12.25.26:484][365]LogBlueprintUserMessages: [RightHandWidgetActor_C_2147482528] true
[2020.08.03-12.25.26:484][365]LogSlate: New Slate User Created.  User Index 8, Is Virtual User: 1
[2020.08.03-12.25.26:484][365]LogSlate: Slate User Registered.  User Index 8, Is Virtual User: 1
[2020.08.03-12.25.26:484][365]LogSlate: New Slate User Created.  User Index 9, Is Virtual User: 1
[2020.08.03-12.25.26:484][365]LogSlate: Slate User Registered.  User Index 9, Is Virtual User: 1
[2020.08.03-12.25.26:507][367]LogSlate: Slate User Unregistered.  User Index 9
[2020.08.03-12.25.26:507][367]LogSlate: Slate User Destroyed.  User Index 9, Is Virtual User: 1
[2020.08.03-12.25.26:507][367]LogSlate: Slate User Unregistered.  User Index 9
[2020.08.03-12.25.26:507][367]LogSlate: New Slate User Created.  User Index 9, Is Virtual User: 0
[2020.08.03-12.25.26:507][367]LogSlate: Slate User Registered.  User Index 9, Is Virtual User: 0
[2020.08.03-12.25.26:507][367]LogSlate: Slate User Destroyed.  User Index 9, Is Virtual User: 0
[2020.08.03-12.25.26:507][367]LogBlueprintUserMessages: [RightHandWidgetActor_C_2147482528] false
[2020.08.03-12.25.26:507][367]LogSlate: Slate User Unregistered.  User Index 8
[2020.08.03-12.25.26:507][367]LogSlate: Slate User Destroyed.  User Index 8, Is Virtual User: 1
[2020.08.03-12.25.26:507][367]LogSlate: Slate User Unregistered.  User Index 8
[2020.08.03-12.25.26:507][367]LogSlate: New Slate User Created.  User Index 8, Is Virtual User: 0
[2020.08.03-12.25.26:507][367]LogSlate: Slate User Registered.  User Index 8, Is Virtual User: 0
[2020.08.03-12.25.26:507][367]LogSlate: Slate User Destroyed.  User Index 8, Is Virtual User: 0
[2020.08.03-12.25.27:277][436]LogBlueprintUserMessages: [RightHandWidgetActor_C_2147482528] true
[2020.08.03-12.25.27:277][436]LogSlate: New Slate User Created.  User Index 8, Is Virtual User: 1
[2020.08.03-12.25.27:277][436]LogSlate: Slate User Registered.  User Index 8, Is Virtual User: 1
[2020.08.03-12.25.27:300][438]LogSlate: New Slate User Created.  User Index 9, Is Virtual User: 1
[2020.08.03-12.25.27:300][438]LogSlate: Slate User Registered.  User Index 9, Is Virtual User: 1
[2020.08.03-12.25.27:423][449]LogSlate: Slate User Unregistered.  User Index 9
[2020.08.03-12.25.27:423][449]LogSlate: Slate User Destroyed.  User Index 9, Is Virtual User: 1
[2020.08.03-12.25.27:423][449]LogSlate: Slate User Unregistered.  User Index 9
[2020.08.03-12.25.27:423][449]LogSlate: New Slate User Created.  User Index 9, Is Virtual User: 0
[2020.08.03-12.25.27:423][449]LogSlate: Slate User Registered.  User Index 9, Is Virtual User: 0
[2020.08.03-12.25.27:423][449]LogSlate: Slate User Destroyed.  User Index 9, Is Virtual User: 0
[2020.08.03-12.25.27:423][449]LogBlueprintUserMessages: [RightHandWidgetActor_C_2147482528] false
[2020.08.03-12.25.27:423][449]LogSlate: Slate User Unregistered.  User Index 8
[2020.08.03-12.25.27:423][449]LogSlate: Slate User Destroyed.  User Index 8, Is Virtual User: 1
[2020.08.03-12.25.27:423][449]LogSlate: Slate User Unregistered.  User Index 8
[2020.08.03-12.25.27:423][449]LogSlate: New Slate User Created.  User Index 8, Is Virtual User: 0
[2020.08.03-12.25.27:423][449]LogSlate: Slate User Registered.  User Index 8, Is Virtual User: 0
[2020.08.03-12.25.27:423][449]LogSlate: Slate User Destroyed.  User Index 8, Is Virtual User: 0
[2020.08.03-12.25.28:026][503]LogBlueprintUserMessages: [RightHandWidgetActor_C_2147482528] true
[2020.08.03-12.25.28:026][503]LogSlate: New Slate User Created.  User Index 8, Is Virtual User: 1
[2020.08.03-12.25.28:026][503]LogSlate: Slate User Registered.  User Index 8, Is Virtual User: 1
[2020.08.03-12.25.28:294][527]LogSlate: New Slate User Created.  User Index 9, Is Virtual User: 1
[2020.08.03-12.25.28:294][527]LogSlate: Slate User Registered.  User Index 9, Is Virtual User: 1
[2020.08.03-12.25.28:294][527]LogSlate: Slate User Unregistered.  User Index 9
[2020.08.03-12.25.28:294][527]LogSlate: Slate User Destroyed.  User Index 9, Is Virtual User: 1
[2020.08.03-12.25.28:294][527]LogSlate: Slate User Unregistered.  User Index 9
[2020.08.03-12.25.28:294][527]LogSlate: New Slate User Created.  User Index 9, Is Virtual User: 0
[2020.08.03-12.25.28:294][527]LogSlate: Slate User Registered.  User Index 9, Is Virtual User: 0
[2020.08.03-12.25.28:294][527]LogSlate: Slate User Destroyed.  User Index 9, Is Virtual User: 0
[2020.08.03-12.25.28:395][536]LogSlate: New Slate User Created.  User Index 9, Is Virtual User: 1
[2020.08.03-12.25.28:395][536]LogSlate: Slate User Registered.  User Index 9, Is Virtual User: 1
[2020.08.03-12.25.28:540][549]LogBlueprintUserMessages: [VivePawn_C_2147482531] WebInterface_C_2147482521!!!! !
[2020.08.03-12.25.28:595][554]LogBlueprintUserMessages: [VivePawn_C_2147482531] WebInterface_C_2147482521!!!! !
[2020.08.03-12.25.28:696][563]LogBlueprintUserMessages: [RightHandWidgetActor_C_2147482528] false
[2020.08.03-12.25.28:696][563]LogSlate: Slate User Unregistered.  User Index 8
[2020.08.03-12.25.28:696][563]LogSlate: Slate User Destroyed.  User Index 8, Is Virtual User: 1
[2020.08.03-12.25.28:696][563]LogSlate: Slate User Unregistered.  User Index 8
[2020.08.03-12.25.28:696][563]LogSlate: New Slate User Created.  User Index 8, Is Virtual User: 0
[2020.08.03-12.25.28:696][563]LogSlate: Slate User Registered.  User Index 8, Is Virtual User: 0
[2020.08.03-12.25.28:696][563]LogSlate: Slate User Destroyed.  User Index 8, Is Virtual User: 0
[2020.08.03-12.25.28:696][563]LogSlate: Slate User Unregistered.  User Index 9
[2020.08.03-12.25.28:696][563]LogSlate: Slate User Destroyed.  User Index 9, Is Virtual User: 1
[2020.08.03-12.25.28:696][563]LogSlate: Slate User Unregistered.  User Index 9
[2020.08.03-12.25.28:696][563]LogSlate: New Slate User Created.  User Index 9, Is Virtual User: 0
[2020.08.03-12.25.28:696][563]LogSlate: Slate User Registered.  User Index 9, Is Virtual User: 0
[2020.08.03-12.25.28:696][563]LogSlate: Slate User Destroyed.  User Index 9, Is Virtual User: 0
[2020.08.03-12.25.29:835][665]LogBlueprintUserMessages: [RightHandWidgetActor_C_2147482528] true
[2020.08.03-12.25.29:835][665]LogSlate: New Slate User Created.  User Index 8, Is Virtual User: 1
[2020.08.03-12.25.29:835][665]LogSlate: Slate User Registered.  User Index 8, Is Virtual User: 1
[2020.08.03-12.25.29:858][667]LogSlate: New Slate User Created.  User Index 9, Is Virtual User: 1
[2020.08.03-12.25.29:858][667]LogSlate: Slate User Registered.  User Index 9, Is Virtual User: 1
[2020.08.03-12.25.29:891][670]LogBlueprintUserMessages: [VivePawn_C_2147482531] WebInterface_C_2147482521!!!! !
[2020.08.03-12.25.29:936][674]LogSlate: Slate User Unregistered.  User Index 9
[2020.08.03-12.25.29:936][674]LogSlate: Slate User Destroyed.  User Index 9, Is Virtual User: 1
[2020.08.03-12.25.29:936][674]LogSlate: Slate User Unregistered.  User Index 9
[2020.08.03-12.25.29:936][674]LogSlate: New Slate User Created.  User Index 9, Is Virtual User: 0
[2020.08.03-12.25.29:936][674]LogSlate: Slate User Registered.  User Index 9, Is Virtual User: 0
[2020.08.03-12.25.29:936][674]LogSlate: Slate User Destroyed.  User Index 9, Is Virtual User: 0
[2020.08.03-12.25.29:947][675]LogBlueprintUserMessages: [RightHandWidgetActor_C_2147482528] false
[2020.08.03-12.25.29:948][675]LogSlate: Slate User Unregistered.  User Index 8
[2020.08.03-12.25.29:948][675]LogSlate: Slate User Destroyed.  User Index 8, Is Virtual User: 1
[2020.08.03-12.25.29:948][675]LogSlate: Slate User Unregistered.  User Index 8
[2020.08.03-12.25.29:948][675]LogSlate: New Slate User Created.  User Index 8, Is Virtual User: 0
[2020.08.03-12.25.29:948][675]LogSlate: Slate User Registered.  User Index 8, Is Virtual User: 0
[2020.08.03-12.25.29:948][675]LogSlate: Slate User Destroyed.  User Index 8, Is Virtual User: 0
[2020.08.03-12.25.30:137][692]LogBlueprintUserMessages: [RightHandWidgetActor_C_2147482528] true
[2020.08.03-12.25.30:137][692]LogSlate: New Slate User Created.  User Index 8, Is Virtual User: 1
[2020.08.03-12.25.30:137][692]LogSlate: Slate User Registered.  User Index 8, Is Virtual User: 1
[2020.08.03-12.25.30:137][692]LogSlate: New Slate User Created.  User Index 9, Is Virtual User: 1
[2020.08.03-12.25.30:137][692]LogSlate: Slate User Registered.  User Index 9, Is Virtual User: 1
[2020.08.03-12.25.30:249][702]LogSlate: Slate User Unregistered.  User Index 9
[2020.08.03-12.25.30:249][702]LogSlate: Slate User Destroyed.  User Index 9, Is Virtual User: 1
[2020.08.03-12.25.30:249][702]LogSlate: Slate User Unregistered.  User Index 9
[2020.08.03-12.25.30:249][702]LogSlate: New Slate User Created.  User Index 9, Is Virtual User: 0
[2020.08.03-12.25.30:249][702]LogSlate: Slate User Registered.  User Index 9, Is Virtual User: 0
[2020.08.03-12.25.30:249][702]LogSlate: Slate User Destroyed.  User Index 9, Is Virtual User: 0
[2020.08.03-12.25.30:305][707]LogBlueprintUserMessages: [RightHandWidgetActor_C_2147482528] false
[2020.08.03-12.25.30:305][707]LogSlate: Slate User Unregistered.  User Index 8
[2020.08.03-12.25.30:305][707]LogSlate: Slate User Destroyed.  User Index 8, Is Virtual User: 1
[2020.08.03-12.25.30:305][707]LogSlate: Slate User Unregistered.  User Index 8
[2020.08.03-12.25.30:305][707]LogSlate: New Slate User Created.  User Index 8, Is Virtual User: 0
[2020.08.03-12.25.30:305][707]LogSlate: Slate User Registered.  User Index 8, Is Virtual User: 0
[2020.08.03-12.25.30:305][707]LogSlate: Slate User Destroyed.  User Index 8, Is Virtual User: 0
[2020.08.03-12.25.30:371][713]LogBlueprintUserMessages: [RightHandWidgetActor_C_2147482528] true
[2020.08.03-12.25.30:371][713]LogSlate: New Slate User Created.  User Index 8, Is Virtual User: 1
[2020.08.03-12.25.30:371][713]LogSlate: Slate User Registered.  User Index 8, Is Virtual User: 1
[2020.08.03-12.25.30:483][723]LogSlate: New Slate User Created.  User Index 9, Is Virtual User: 1
[2020.08.03-12.25.30:483][723]LogSlate: Slate User Registered.  User Index 9, Is Virtual User: 1
[2020.08.03-12.25.30:550][729]LogBlueprintUserMessages: [VivePawn_C_2147482531] WebInterface_C_2147482521!!!! !
[2020.08.03-12.25.30:651][738]LogSlate: Slate User Unregistered.  User Index 9
[2020.08.03-12.25.30:651][738]LogSlate: Slate User Destroyed.  User Index 9, Is Virtual User: 1
[2020.08.03-12.25.30:651][738]LogSlate: Slate User Unregistered.  User Index 9
[2020.08.03-12.25.30:651][738]LogSlate: New Slate User Created.  User Index 9, Is Virtual User: 0
[2020.08.03-12.25.30:651][738]LogSlate: Slate User Registered.  User Index 9, Is Virtual User: 0
[2020.08.03-12.25.30:651][738]LogSlate: Slate User Destroyed.  User Index 9, Is Virtual User: 0
[2020.08.03-12.25.31:120][780]LogBlueprintUserMessages: [RightHandWidgetActor_C_2147482528] false
[2020.08.03-12.25.31:120][780]LogSlate: Slate User Unregistered.  User Index 8
[2020.08.03-12.25.31:120][780]LogSlate: Slate User Destroyed.  User Index 8, Is Virtual User: 1
[2020.08.03-12.25.31:120][780]LogSlate: Slate User Unregistered.  User Index 8
[2020.08.03-12.25.31:120][780]LogSlate: New Slate User Created.  User Index 8, Is Virtual User: 0
[2020.08.03-12.25.31:120][780]LogSlate: Slate User Registered.  User Index 8, Is Virtual User: 0
[2020.08.03-12.25.31:120][780]LogSlate: Slate User Destroyed.  User Index 8, Is Virtual User: 0
[2020.08.03-12.25.31:611][824]LogBlueprintUserMessages: [RightHandWidgetActor_C_2147482528] true
[2020.08.03-12.25.31:611][824]LogSlate: New Slate User Created.  User Index 8, Is Virtual User: 1
[2020.08.03-12.25.31:611][824]LogSlate: Slate User Registered.  User Index 8, Is Virtual User: 1
[2020.08.03-12.25.31:679][830]LogBlueprintUserMessages: [RightHandWidgetActor_C_2147482528] false
[2020.08.03-12.25.31:679][830]LogSlate: Slate User Unregistered.  User Index 8
[2020.08.03-12.25.31:679][830]LogSlate: Slate User Destroyed.  User Index 8, Is Virtual User: 1
[2020.08.03-12.25.31:679][830]LogSlate: Slate User Unregistered.  User Index 8
[2020.08.03-12.25.31:679][830]LogSlate: New Slate User Created.  User Index 8, Is Virtual User: 0
[2020.08.03-12.25.31:679][830]LogSlate: Slate User Registered.  User Index 8, Is Virtual User: 0
[2020.08.03-12.25.31:679][830]LogSlate: Slate User Destroyed.  User Index 8, Is Virtual User: 0
[2020.08.03-12.25.32:739][925]LogBlueprintUserMessages: [RightHandWidgetActor_C_2147482528] true
[2020.08.03-12.25.32:740][925]LogSlate: New Slate User Created.  User Index 8, Is Virtual User: 1
[2020.08.03-12.25.32:740][925]LogSlate: Slate User Registered.  User Index 8, Is Virtual User: 1
[2020.08.03-12.25.32:874][937]LogBlueprintUserMessages: [RightHandWidgetActor_C_2147482528] false
[2020.08.03-12.25.32:874][937]LogSlate: Slate User Unregistered.  User Index 8
[2020.08.03-12.25.32:874][937]LogSlate: Slate User Destroyed.  User Index 8, Is Virtual User: 1
[2020.08.03-12.25.32:874][937]LogSlate: Slate User Unregistered.  User Index 8
[2020.08.03-12.25.32:874][937]LogSlate: New Slate User Created.  User Index 8, Is Virtual User: 0
[2020.08.03-12.25.32:874][937]LogSlate: Slate User Registered.  User Index 8, Is Virtual User: 0
[2020.08.03-12.25.32:874][937]LogSlate: Slate User Destroyed.  User Index 8, Is Virtual User: 0
[2020.08.03-12.25.33:856][ 25]LogBlueprintUserMessages: [RightHandWidgetActor_C_2147482528] true
[2020.08.03-12.25.33:856][ 25]LogSlate: New Slate User Created.  User Index 8, Is Virtual User: 1
[2020.08.03-12.25.33:856][ 25]LogSlate: Slate User Registered.  User Index 8, Is Virtual User: 1
[2020.08.03-12.25.33:856][ 25]LogSlate: New Slate User Created.  User Index 9, Is Virtual User: 1
[2020.08.03-12.25.33:856][ 25]LogSlate: Slate User Registered.  User Index 9, Is Virtual User: 1
[2020.08.03-12.25.33:912][ 30]LogSlate: Slate User Unregistered.  User Index 9
[2020.08.03-12.25.33:912][ 30]LogSlate: Slate User Destroyed.  User Index 9, Is Virtual User: 1
[2020.08.03-12.25.33:912][ 30]LogSlate: Slate User Unregistered.  User Index 9
[2020.08.03-12.25.33:912][ 30]LogSlate: New Slate User Created.  User Index 9, Is Virtual User: 0
[2020.08.03-12.25.33:912][ 30]LogSlate: Slate User Registered.  User Index 9, Is Virtual User: 0
[2020.08.03-12.25.33:912][ 30]LogSlate: Slate User Destroyed.  User Index 9, Is Virtual User: 0
[2020.08.03-12.25.34:460][ 79]LogBlueprintUserMessages: [RightHandWidgetActor_C_2147482528] false
[2020.08.03-12.25.34:460][ 79]LogSlate: Slate User Unregistered.  User Index 8
[2020.08.03-12.25.34:460][ 79]LogSlate: Slate User Destroyed.  User Index 8, Is Virtual User: 1
[2020.08.03-12.25.34:460][ 79]LogSlate: Slate User Unregistered.  User Index 8
[2020.08.03-12.25.34:460][ 79]LogSlate: New Slate User Created.  User Index 8, Is Virtual User: 0
[2020.08.03-12.25.34:460][ 79]LogSlate: Slate User Registered.  User Index 8, Is Virtual User: 0
[2020.08.03-12.25.34:460][ 79]LogSlate: Slate User Destroyed.  User Index 8, Is Virtual User: 0
[2020.08.03-12.25.35:219][147]LogBlueprintUserMessages: [RightHandWidgetActor_C_2147482528] true
[2020.08.03-12.25.35:219][147]LogSlate: New Slate User Created.  User Index 8, Is Virtual User: 1
[2020.08.03-12.25.35:219][147]LogSlate: Slate User Registered.  User Index 8, Is Virtual User: 1
[2020.08.03-12.25.35:867][205]LogSlate: New Slate User Created.  User Index 9, Is Virtual User: 1
[2020.08.03-12.25.35:867][205]LogSlate: Slate User Registered.  User Index 9, Is Virtual User: 1
[2020.08.03-12.25.35:945][212]LogBlueprintUserMessages: [VivePawn_C_2147482531] WebInterface_C_2147482521!!!! !
[2020.08.03-12.25.36:861][294]LogSlate: Slate User Unregistered.  User Index 9
[2020.08.03-12.25.36:861][294]LogSlate: Slate User Destroyed.  User Index 9, Is Virtual User: 1
[2020.08.03-12.25.36:861][294]LogSlate: Slate User Unregistered.  User Index 9
[2020.08.03-12.25.36:861][294]LogSlate: New Slate User Created.  User Index 9, Is Virtual User: 0
[2020.08.03-12.25.36:861][294]LogSlate: Slate User Registered.  User Index 9, Is Virtual User: 0
[2020.08.03-12.25.36:861][294]LogSlate: Slate User Destroyed.  User Index 9, Is Virtual User: 0
[2020.08.03-12.25.37:722][371]LogSlate: New Slate User Created.  User Index 9, Is Virtual User: 1
[2020.08.03-12.25.37:722][371]LogSlate: Slate User Registered.  User Index 9, Is Virtual User: 1
[2020.08.03-12.25.37:945][391]LogBlueprintUserMessages: [RightHandWidgetActor_C_2147482528] false
[2020.08.03-12.25.37:945][391]LogSlate: Slate User Unregistered.  User Index 8
[2020.08.03-12.25.37:945][391]LogSlate: Slate User Destroyed.  User Index 8, Is Virtual User: 1
[2020.08.03-12.25.37:945][391]LogSlate: Slate User Unregistered.  User Index 8
[2020.08.03-12.25.37:945][391]LogSlate: New Slate User Created.  User Index 8, Is Virtual User: 0
[2020.08.03-12.25.37:945][391]LogSlate: Slate User Registered.  User Index 8, Is Virtual User: 0
[2020.08.03-12.25.37:945][391]LogSlate: Slate User Destroyed.  User Index 8, Is Virtual User: 0
[2020.08.03-12.25.37:945][391]LogSlate: Slate User Unregistered.  User Index 9
[2020.08.03-12.25.37:945][391]LogSlate: Slate User Destroyed.  User Index 9, Is Virtual User: 1
[2020.08.03-12.25.37:945][391]LogSlate: Slate User Unregistered.  User Index 9
[2020.08.03-12.25.37:945][391]LogSlate: New Slate User Created.  User Index 9, Is Virtual User: 0
[2020.08.03-12.25.37:945][391]LogSlate: Slate User Registered.  User Index 9, Is Virtual User: 0
[2020.08.03-12.25.37:945][391]LogSlate: Slate User Destroyed.  User Index 9, Is Virtual User: 0
[2020.08.03-12.26.01:935][417]LogConsoleManager: Warning: Setting the console variable 'r.VSync' with 'SetByGameSetting' was ignored as it is lower priority than the previous 'SetByCode'. Value remains '0'
[2020.08.03-12.26.01:935][417]LogConfig: Applying CVar settings from Section [ViewDistanceQuality@3] File [../../../viveNet/Saved/Config/WindowsNoEditor/Scalability.ini]
[2020.08.03-12.26.01:935][417]LogConfig: Setting CVar [[r.SkeletalMeshLODBias:0]]
[2020.08.03-12.26.01:935][417]LogConfig: Setting CVar [[r.ViewDistanceScale:1.0]]
[2020.08.03-12.26.01:935][417]LogConfig: Applying CVar settings from Section [AntiAliasingQuality@3] File [../../../viveNet/Saved/Config/WindowsNoEditor/Scalability.ini]
[2020.08.03-12.26.01:935][417]LogConfig: Setting CVar [[r.PostProcessAAQuality:4]]
[2020.08.03-12.26.01:935][417]LogConfig: Applying CVar settings from Section [ShadowQuality@3] File [../../../viveNet/Saved/Config/WindowsNoEditor/Scalability.ini]
[2020.08.03-12.26.01:935][417]LogConfig: Setting CVar [[r.LightFunctionQuality:1]]
[2020.08.03-12.26.01:935][417]LogConfig: Setting CVar [[r.ShadowQuality:5]]
[2020.08.03-12.26.01:935][417]LogConfig: Setting CVar [[r.Shadow.CSM.MaxCascades:10]]
[2020.08.03-12.26.01:935][417]LogConfig: Setting CVar [[r.Shadow.MaxResolution:2048]]
[2020.08.03-12.26.01:935][417]LogConfig: Setting CVar [[r.Shadow.MaxCSMResolution:2048]]
[2020.08.03-12.26.01:935][417]LogConfig: Setting CVar [[r.Shadow.RadiusThreshold:0.01]]
[2020.08.03-12.26.01:935][417]LogConfig: Setting CVar [[r.Shadow.DistanceScale:1.0]]
[2020.08.03-12.26.01:935][417]LogConfig: Setting CVar [[r.Shadow.CSM.TransitionScale:1.0]]
[2020.08.03-12.26.01:935][417]LogConfig: Setting CVar [[r.Shadow.PreShadowResolutionFactor:1.0]]
[2020.08.03-12.26.01:935][417]LogConfig: Setting CVar [[r.DistanceFieldShadowing:1]]
[2020.08.03-12.26.01:935][417]LogConfig: Setting CVar [[r.DistanceFieldAO:1]]
[2020.08.03-12.26.01:935][417]LogConfig: Setting CVar [[r.AOQuality:2]]
[2020.08.03-12.26.01:935][417]LogConfig: Setting CVar [[r.VolumetricFog:1]]
[2020.08.03-12.26.01:935][417]LogConfig: Setting CVar [[r.VolumetricFog.GridPixelSize:8]]
[2020.08.03-12.26.01:935][417]LogConfig: Setting CVar [[r.VolumetricFog.GridSizeZ:128]]
[2020.08.03-12.26.01:935][417]LogConfig: Setting CVar [[r.VolumetricFog.HistoryMissSupersampleCount:4]]
[2020.08.03-12.26.01:935][417]LogConfig: Setting CVar [[r.LightMaxDrawDistanceScale:1]]
[2020.08.03-12.26.01:935][417]LogConfig: Setting CVar [[r.CapsuleShadows:1]]
[2020.08.03-12.26.01:935][417]LogConfig: Applying CVar settings from Section [PostProcessQuality@3] File [../../../viveNet/Saved/Config/WindowsNoEditor/Scalability.ini]
[2020.08.03-12.26.01:935][417]LogConfig: Setting CVar [[r.MotionBlurQuality:4]]
[2020.08.03-12.26.01:935][417]LogConfig: Setting CVar [[r.AmbientOcclusionMipLevelFactor:0.4]]
[2020.08.03-12.26.01:935][417]LogConfig: Setting CVar [[r.AmbientOcclusionMaxQuality:100]]
[2020.08.03-12.26.01:935][417]LogConfig: Setting CVar [[r.AmbientOcclusionLevels:-1]]
[2020.08.03-12.26.01:935][417]LogConfig: Setting CVar [[r.AmbientOcclusionRadiusScale:1.0]]
[2020.08.03-12.26.01:935][417]LogConfig: Setting CVar [[r.DepthOfFieldQuality:2]]
[2020.08.03-12.26.01:935][417]LogConfig: Setting CVar [[r.RenderTargetPoolMin:400]]
[2020.08.03-12.26.01:935][417]LogConfig: Setting CVar [[r.LensFlareQuality:2]]
[2020.08.03-12.26.01:935][417]LogConfig: Setting CVar [[r.SceneColorFringeQuality:1]]
[2020.08.03-12.26.01:935][417]LogConfig: Setting CVar [[r.EyeAdaptationQuality:2]]
[2020.08.03-12.26.01:935][417]LogConfig: Setting CVar [[r.BloomQuality:5]]
[2020.08.03-12.26.01:935][417]LogConfig: Setting CVar [[r.FastBlurThreshold:100]]
[2020.08.03-12.26.01:935][417]LogConfig: Setting CVar [[r.Upscale.Quality:3]]
[2020.08.03-12.26.01:935][417]LogConfig: Setting CVar [[r.Tonemapper.GrainQuantization:1]]
[2020.08.03-12.26.01:935][417]LogConfig: Setting CVar [[r.LightShaftQuality:1]]
[2020.08.03-12.26.01:935][417]LogConfig: Setting CVar [[r.Filter.SizeScale:1]]
[2020.08.03-12.26.01:935][417]LogConfig: Setting CVar [[r.Tonemapper.Quality:5]]
[2020.08.03-12.26.01:935][417]LogConfig: Setting CVar [[r.DOF.Gather.AccumulatorQuality:1        ; higher gathering accumulator quality]]
[2020.08.03-12.26.01:935][417]LogConfig: Setting CVar [[r.DOF.Gather.PostfilterMethod:1          ; Median3x3 postfilering method]]
[2020.08.03-12.26.01:935][417]LogConfig: Setting CVar [[r.DOF.Gather.EnableBokehSettings:0       ; no bokeh simulation when gathering]]
[2020.08.03-12.26.01:935][417]LogConfig: Setting CVar [[r.DOF.Gather.RingCount:4                 ; medium number of samples when gathering]]
[2020.08.03-12.26.01:935][417]LogConfig: Setting CVar [[r.DOF.Scatter.ForegroundCompositing:1    ; additive foreground scattering]]
[2020.08.03-12.26.01:935][417]LogConfig: Setting CVar [[r.DOF.Scatter.BackgroundCompositing:2    ; additive background scattering]]
[2020.08.03-12.26.01:935][417]LogConfig: Setting CVar [[r.DOF.Scatter.EnableBokehSettings:1      ; bokeh simulation when scattering]]
[2020.08.03-12.26.01:935][417]LogConfig: Setting CVar [[r.DOF.Scatter.MaxSpriteRatio:0.1         ; only a maximum of 10% of scattered bokeh]]
[2020.08.03-12.26.01:935][417]LogConfig: Setting CVar [[r.DOF.Recombine.Quality:1                ; cheap slight out of focus]]
[2020.08.03-12.26.01:935][417]LogConfig: Setting CVar [[r.DOF.Recombine.EnableBokehSettings:0    ; no bokeh simulation on slight out of focus]]
[2020.08.03-12.26.01:935][417]LogConfig: Setting CVar [[r.DOF.TemporalAAQuality:1                ; more stable temporal accumulation]]
[2020.08.03-12.26.01:936][417]LogConfig: Setting CVar [[r.DOF.Kernel.MaxForegroundRadius:0.025]]
[2020.08.03-12.26.01:936][417]LogConfig: Setting CVar [[r.DOF.Kernel.MaxBackgroundRadius:0.025]]
[2020.08.03-12.26.01:936][417]LogConfig: Applying CVar settings from Section [TextureQuality@3] File [../../../viveNet/Saved/Config/WindowsNoEditor/Scalability.ini]
[2020.08.03-12.26.01:936][417]LogConfig: Setting CVar [[r.Streaming.MipBias:0]]
[2020.08.03-12.26.01:936][417]LogConfig: Setting CVar [[r.Streaming.AmortizeCPUToGPUCopy:0]]
[2020.08.03-12.26.01:936][417]LogConfig: Setting CVar [[r.Streaming.MaxNumTexturesToStreamPerFrame:0]]
[2020.08.03-12.26.01:936][417]LogConfig: Setting CVar [[r.Streaming.Boost:1]]
[2020.08.03-12.26.01:936][417]LogConfig: Setting CVar [[r.MaxAnisotropy:8]]
[2020.08.03-12.26.01:936][417]LogConfig: Setting CVar [[r.Streaming.LimitPoolSizeToVRAM:0]]
[2020.08.03-12.26.01:936][417]LogConfig: Setting CVar [[r.Streaming.PoolSize:1000]]
[2020.08.03-12.26.01:936][417]LogConfig: Setting CVar [[r.Streaming.MaxEffectiveScreenSize:0]]
[2020.08.03-12.26.01:936][417]LogConfig: Applying CVar settings from Section [EffectsQuality@3] File [../../../viveNet/Saved/Config/WindowsNoEditor/Scalability.ini]
[2020.08.03-12.26.01:936][417]LogConfig: Setting CVar [[r.TranslucencyLightingVolumeDim:64]]
[2020.08.03-12.26.01:936][417]LogConfig: Setting CVar [[r.RefractionQuality:2]]
[2020.08.03-12.26.01:936][417]LogConfig: Setting CVar [[r.SSR.Quality:3]]
[2020.08.03-12.26.01:936][417]LogConfig: Setting CVar [[r.SceneColorFormat:4]]
[2020.08.03-12.26.01:936][417]LogConfig: Setting CVar [[r.DetailMode:2]]
[2020.08.03-12.26.01:936][417]LogConfig: Setting CVar [[r.TranslucencyVolumeBlur:1]]
[2020.08.03-12.26.01:936][417]LogConfig: Setting CVar [[r.MaterialQualityLevel:1 ; High quality]]
[2020.08.03-12.26.01:936][417]LogConfig: Setting CVar [[r.SSS.Scale:1]]
[2020.08.03-12.26.01:936][417]LogConfig: Setting CVar [[r.SSS.SampleSet:2]]
[2020.08.03-12.26.01:936][417]LogConfig: Setting CVar [[r.SSS.Quality:1]]
[2020.08.03-12.26.01:936][417]LogConfig: Setting CVar [[r.SSS.HalfRes:1]]
[2020.08.03-12.26.01:936][417]LogConfig: Setting CVar [[r.EmitterSpawnRateScale:1.0]]
[2020.08.03-12.26.01:936][417]LogConfig: Setting CVar [[r.ParticleLightQuality:2]]
[2020.08.03-12.26.01:936][417]LogConfig: Applying CVar settings from Section [FoliageQuality@3] File [../../../viveNet/Saved/Config/WindowsNoEditor/Scalability.ini]
[2020.08.03-12.26.01:936][417]LogConfig: Setting CVar [[foliage.DensityScale:1.0]]
[2020.08.03-12.26.01:936][417]LogConfig: Setting CVar [[grass.DensityScale:1.0]]
[2020.08.03-12.26.02:016][418]LogRHI: Error: SyncInterval 0
[2020.08.03-12.26.02:016][418]LogRHI: Error: SwapChainDesc.BufferDesc.Width 3704
[2020.08.03-12.26.02:016][418]LogRHI: Error: SwapChainDesc.BufferDesc.Height 2056
[2020.08.03-12.26.02:016][418]LogRHI: Error: SwapChainDesc.BufferDesc.RefreshRate.Numerator 0
[2020.08.03-12.26.02:016][418]LogRHI: Error: SwapChainDesc.BufferDesc.RefreshRate.Denominator 0
[2020.08.03-12.26.02:016][418]LogRHI: Error: SwapChainDesc.BufferDesc.Format 24
[2020.08.03-12.26.02:016][418]LogRHI: Error: SwapChainDesc.BufferDesc.ScanlineOrdering 0
[2020.08.03-12.26.02:016][418]LogRHI: Error: SwapChainDesc.BufferDesc.Scaling 0
[2020.08.03-12.26.02:016][418]LogRHI: Error: SwapChainDesc.SampleDesc.Count 1
[2020.08.03-12.26.02:016][418]LogRHI: Error: SwapChainDesc.SampleDesc.Quality 0
[2020.08.03-12.26.02:016][418]LogRHI: Error: SwapChainDesc.BufferUsage 48
[2020.08.03-12.26.02:016][418]LogRHI: Error: SwapChainDesc.BufferCount 2
[2020.08.03-12.26.02:016][418]LogRHI: Error: SwapChainDesc.OutputWindow 0000000000290422
[2020.08.03-12.26.02:016][418]LogRHI: Error: SwapChainDesc.Windowed true
[2020.08.03-12.26.02:016][418]LogRHI: Error: SwapChainDesc.SwapEffect 4
[2020.08.03-12.26.02:016][418]LogRHI: Error: SwapChainDesc.Flags 2050
[2020.08.03-12.26.02:016][418]LogD3D11RHI: Error: Result failed 
 at D:/Build/++UE4/Sync/Engine/Source/Runtime/Windows/D3D11RHI/Private/D3D11Viewport.cpp:368 
 with error DXGI_ERROR_INVALID_CALL
[2020.08.03-12.26.02:016][418]LogWindows: Windows GetLastError: The operation completed successfully. (0)
[2020.08.03-12.26.05:703][419]LogWindows: Warning: CreateProc failed: The system cannot find the file specified. (0x00000002)
[2020.08.03-12.26.05:703][419]LogWindows: Warning: URL: ../../../Engine/Binaries/Win64/CrashReportClient.exe "E:/vrNetBuild/desktop_TEST/vr_new/WindowsNoEditor/viveNet/Saved/Crashes/UE4CC-Windows-0EBEC9234C4045EFC3ADD0B69750D670_0001" -AppName=UE4-viveNet -CrashGUID=UE4CC-Windows-0EBEC9234C4045EFC3ADD0B69750D670_0001 -DebugSymbols=..\..\..\Engine\Intermediate\Symbols
[2020.08.03-12.26.05:703][419]LogWindows: Could not start CrashReportClient.exe
[2020.08.03-12.26.05:703][419]LogMemory: Platform Memory Stats for WindowsNoEditor
[2020.08.03-12.26.05:703][419]LogMemory: Process Physical Memory: 282.07 MB used, 978.29 MB peak
[2020.08.03-12.26.05:703][419]LogMemory: Process Virtual Memory: 1640.93 MB used, 1777.05 MB peak
[2020.08.03-12.26.05:703][419]LogMemory: Physical Memory: 8408.45 MB used,  24281.83 MB free, 32690.29 MB total
[2020.08.03-12.26.05:703][419]LogMemory: Virtual Memory: 6646.18 MB used,  134211080.00 MB free, 134217728.00 MB total
[2020.08.03-12.26.05:703][419]LogOutputDevice: Warning: 

Script Stack (0 frames):

[2020.08.03-12.26.05:703][419]LogWindows: Windows GetLastError: The operation completed successfully. (0)
[2020.08.03-12.26.05:703][419]LogWindows: Error: === Critical error: ===
[2020.08.03-12.26.05:703][419]LogWindows: Error: 
[2020.08.03-12.26.05:703][419]LogWindows: Error: Fatal error: [File:D:/Build/++UE4/Sync/Engine/Source/Runtime/RenderCore/Private/RenderingThread.cpp] [Line: 836] 
[2020.08.03-12.26.05:703][419]LogWindows: Error: Rendering thread exception:
[2020.08.03-12.26.05:703][419]LogWindows: Error: Fatal error: [File:D:/Build/++UE4/Sync/Engine/Source/Runtime/Windows/D3D11RHI/Private/D3D11Util.cpp] [Line: 249] 
[2020.08.03-12.26.05:703][419]LogWindows: Error: Result failed 
[2020.08.03-12.26.05:703][419]LogWindows: Error:  at D:/Build/++UE4/Sync/Engine/Source/Runtime/Windows/D3D11RHI/Private/D3D11Viewport.cpp:368 
[2020.08.03-12.26.05:703][419]LogWindows: Error:  with error DXGI_ERROR_INVALID_CALL
[2020.08.03-12.26.05:703][419]LogWindows: Error: 
[2020.08.03-12.26.05:703][419]LogWindows: Error: 
[2020.08.03-12.26.05:703][419]LogWindows: Error: [Callstack] 0x00007ffeab919129 KERNELBASE.dll!UnknownFunction []
[2020.08.03-12.26.05:703][419]LogWindows: Error: [Callstack] 0x00007ff614a88797 viveNet.exe!UnknownFunction []
[2020.08.03-12.26.05:704][419]LogWindows: Error: [Callstack] 0x00007ff614a8b07c viveNet.exe!UnknownFunction []
[2020.08.03-12.26.05:704][419]LogWindows: Error: [Callstack] 0x00007ff6148a215a viveNet.exe!UnknownFunction []
[2020.08.03-12.26.05:704][419]LogWindows: Error: [Callstack] 0x00007ff6147fd5b7 viveNet.exe!UnknownFunction []
[2020.08.03-12.26.05:704][419]LogWindows: Error: [Callstack] 0x00007ff6147fd4a8 viveNet.exe!UnknownFunction []
[2020.08.03-12.26.05:704][419]LogWindows: Error: [Callstack] 0x00007ff61559980d viveNet.exe!UnknownFunction []
[2020.08.03-12.26.05:704][419]LogWindows: Error: [Callstack] 0x00007ff61557c5ad viveNet.exe!UnknownFunction []
[2020.08.03-12.26.05:704][419]LogWindows: Error: [Callstack] 0x00007ff61558771b viveNet.exe!UnknownFunction []
[2020.08.03-12.26.05:704][419]LogWindows: Error: [Callstack] 0x00007ff616223ffd viveNet.exe!UnknownFunction []
[2020.08.03-12.26.05:704][419]LogWindows: Error: [Callstack] 0x00007ff616671e06 viveNet.exe!UnknownFunction []
[2020.08.03-12.26.05:704][419]LogWindows: Error: [Callstack] 0x00007ff616678934 viveNet.exe!UnknownFunction []
[2020.08.03-12.26.05:704][419]LogWindows: Error: [Callstack] 0x00007ff61469e584 viveNet.exe!UnknownFunction []
[2020.08.03-12.26.05:704][419]LogWindows: Error: [Callstack] 0x00007ff61469e8e3 viveNet.exe!UnknownFunction []
[2020.08.03-12.26.05:704][419]LogWindows: Error: [Callstack] 0x00007ff6162d7554 viveNet.exe!UnknownFunction []
[2020.08.03-12.26.05:704][419]LogWindows: Error: [Callstack] 0x00007ff6162dc24f viveNet.exe!UnknownFunction []
[2020.08.03-12.26.05:704][419]LogWindows: Error: [Callstack] 0x00007ff614aa8e4f viveNet.exe!UnknownFunction []
[2020.08.03-12.26.05:704][419]LogWindows: Error: [Callstack] 0x00007ff614a9edb1 viveNet.exe!UnknownFunction []
[2020.08.03-12.26.05:704][419]LogWindows: Error: [Callstack] 0x00007ffeac607974 KERNEL32.DLL!UnknownFunction []
[2020.08.03-12.26.05:704][419]LogWindows: Error: [Callstack] 0x00007ffeae9ea271 ntdll.dll!UnknownFunction []
[2020.08.03-12.26.05:704][419]LogWindows: Error: 
[2020.08.03-12.26.05:704][419]LogWindows: Error: 
[2020.08.03-12.26.05:704][419]LogWindows: Error: 
[2020.08.03-12.26.05:704][419]LogWindows: Error: 
[2020.08.03-12.26.05:722][419]LogExit: Executing StaticShutdownAfterError
[2020.08.03-12.26.05:725][419]LogWindows: FPlatformMisc::RequestExit(1)
[2020.08.03-12.26.05:807][419]Log file closed, 08/03/20 14:26:05
