Log file open, 08/03/20 14:14:38
LogWindows: Failed to load 'aqProf.dll' (GetLastError=126)
LogWindows: File 'aqProf.dll' does not exist
LogWindows: Failed to load 'VtuneApi.dll' (GetLastError=126)
LogWindows: File 'VtuneApi.dll' does not exist
LogWindows: Failed to load 'VtuneApi32e.dll' (GetLastError=126)
LogWindows: File 'VtuneApi32e.dll' does not exist
LogConsoleResponse: Display: Failed to find resolution value strings in scalability ini. Falling back to default.
LogPakFile: Display: Found Pak file ../../../viveNet/Content/Paks/viveNet-WindowsNoEditor.pak attempting to mount.
LogPakFile: Display: Mounting pak file ../../../viveNet/Content/Paks/viveNet-WindowsNoEditor.pak.
LogPlatformFile: Not using cached read wrapper
LogTaskGraph: Started task graph with 5 named threads and 47 total threads with 3 sets of task threads.
LogStats: Stats thread started at 0.516924
LogD3D11RHI: Loaded GFSDK_Aftermath_Lib.x64.dll
LogICUInternationalization: ICU TimeZone Detection - Raw Offset: +1:00, Platform Override: ''
LogPluginManager: Mounting plugin VRNetPlugin
LogPluginManager: Mounting plugin OnlineSubsystem
LogPluginManager: Mounting plugin OnlineSubsystemUtils
LogPluginManager: Mounting plugin OnlineSubsystemSteam
LogPluginManager: Mounting plugin VaRestPlugin
LogPluginManager: Mounting plugin WebUI
LogPluginManager: Mounting plugin WebBrowserWidget
LogPluginManager: Mounting plugin JsonLibrary
LogPluginManager: Mounting plugin HttpLibrary
LogPluginManager: Mounting plugin Paper2D
LogPluginManager: Mounting plugin AISupport
LogPluginManager: Mounting plugin LightPropagationVolume
LogPluginManager: Mounting plugin AnimationSharing
LogPluginManager: Mounting plugin SignificanceManager
LogPluginManager: Mounting plugin AssetManagerEditor
LogPluginManager: Mounting plugin CryptoKeys
LogPluginManager: Mounting plugin CurveEditorTools
LogPluginManager: Mounting plugin FacialAnimation
LogPluginManager: Mounting plugin DatasmithContent
LogPluginManager: Mounting plugin VariantManagerContent
LogPluginManager: Mounting plugin AlembicImporter
LogPluginManager: Mounting plugin GeometryCache
LogPluginManager: Mounting plugin AutomationUtils
LogPluginManager: Mounting plugin ScreenshotTools
LogPluginManager: Mounting plugin BackChannel
LogPluginManager: Mounting plugin CharacterAI
LogPluginManager: Mounting plugin HTML5Networking
LogPluginManager: Mounting plugin PlatformCrypto
LogPluginManager: Mounting plugin AvfMedia
LogPluginManager: Mounting plugin ImgMedia
LogPluginManager: Mounting plugin MediaCompositing
LogPluginManager: Mounting plugin WmfMedia
LogPluginManager: Mounting plugin TcpMessaging
LogPluginManager: Mounting plugin UdpMessaging
LogPluginManager: Mounting plugin ActorSequence
LogPluginManager: Mounting plugin NetcodeUnitTest
LogPluginManager: Mounting plugin OnlineSubsystemNull
LogPluginManager: Mounting plugin LauncherChunkInstaller
LogPluginManager: Mounting plugin AndroidPermission
LogPluginManager: Mounting plugin AppleImageUtils
LogPluginManager: Mounting plugin ArchVisCharacter
LogPluginManager: Mounting plugin AudioCapture
LogPluginManager: Mounting plugin CableComponent
LogPluginManager: Mounting plugin CustomMeshComponent
LogPluginManager: Mounting plugin EditableMesh
LogPluginManager: Mounting plugin ExampleDeviceProfileSelector
LogPluginManager: Mounting plugin LocationServicesBPLibrary
LogPluginManager: Mounting plugin MobilePatchingUtils
LogPluginManager: Mounting plugin OculusVR
LogPluginManager: Mounting plugin ProceduralMeshComponent
LogPluginManager: Mounting plugin PhysXVehicles
LogPluginManager: Mounting plugin RuntimePhysXCooking
LogPluginManager: Mounting plugin SteamVR
LogPluginManager: Mounting plugin WebMMoviePlayer
LogPluginManager: Mounting plugin WebMMedia
LogPluginManager: Mounting plugin WindowsMoviePlayer
LogInit: Using libcurl 7.55.1-DEV
LogInit:  - built for x86_64-pc-win32
LogInit:  - supports SSL with OpenSSL/1.1.1
LogInit:  - supports HTTP deflate (compression) using libz 1.2.8
LogInit:  - other features:
LogInit:      CURL_VERSION_SSL
LogInit:      CURL_VERSION_LIBZ
LogInit:      CURL_VERSION_IPV6
LogInit:      CURL_VERSION_ASYNCHDNS
LogInit:      CURL_VERSION_LARGEFILE
LogInit:      CURL_VERSION_IDN
LogInit:  CurlRequestOptions (configurable via config and command line):
LogInit:  - bVerifyPeer = true  - Libcurl will verify peer certificate
LogInit:  - bUseHttpProxy = false  - Libcurl will NOT use HTTP proxy
LogInit:  - bDontReuseConnections = false  - Libcurl will reuse connections
LogInit:  - MaxHostConnections = 16  - Libcurl will limit the number of connections to a host
LogInit:  - LocalHostAddr = Default
LogInit:  - BufferSize = 65536
LogOnline: Display: STEAM: Loading Steam SDK 1.42
LogOnline: OSS: Creating online subsystem instance for: Steam
LogOnline: Warning: STEAM: Steamworks: SteamUtils() failed!
LogOnline: Warning: STEAM: Steamworks: SteamUser() failed!
LogOnline: Warning: STEAM: Steamworks: SteamFriends() failed!
LogOnline: Warning: STEAM: Steamworks: SteamRemoteStorage() failed!
LogOnline: Warning: STEAM: Steamworks: SteamUserStats() failed!
LogOnline: Warning: STEAM: Steamworks: SteamMatchmakingServers() failed!
LogOnline: Warning: STEAM: Steamworks: SteamApps() failed!
LogOnline: Warning: STEAM: Steamworks: SteamNetworking() failed!
LogOnline: Warning: STEAM: Steamworks: SteamMatchmaking() failed!
LogOnline: STEAM: [AppId: 0] Client API initialized 0
LogOnline: Display: STEAM: OnlineSubsystemSteam::Shutdown()
LogOnline: Warning: STEAM: Steam API failed to initialize!
LogOnline: Display: STEAM: OnlineSubsystemSteam::Shutdown()
LogOnline: OSS: Unable to create OnlineSubsystem module Steam
LogOnline: OSS: Creating online subsystem instance for: NULL
LogInit: WinSock: version 1.1 (2.2), MaxSocks=32767, MaxUdp=65467
LogInit: Build: ++UE4+Release-4.23-CL-9631420
LogInit: Engine Version: 4.23.1-9631420+++UE4+Release-4.23
LogInit: Compatible Engine Version: 4.23.0-8386587+++UE4+Release-4.23
LogInit: Net CL: 8386587
LogInit: OS: Windows 10 (Release 1809) (), CPU: Intel(R) Xeon(R) CPU E5-1660 v3 @ 3.00GHz, GPU: NVIDIA TITAN X (Pascal)
LogInit: Compiled (64-bit): Oct 18 2019 02:43:36
LogInit: Compiled with Visual C++: 19.16.27030.01
LogInit: Build Configuration: Development
LogInit: Branch Name: ++UE4+Release-4.23
LogInit: Command Line: 
LogInit: Base Directory: E:/vrNetBuild/desktop_TEST/desktop_new/WindowsNoEditor/viveNet/Binaries/Win64/
LogInit: Installed Engine Build: 0
LogDevObjectVersion: Number of dev versions registered: 23
LogDevObjectVersion:   Dev-Blueprints (B0D832E4-1F89-4F0D-ACCF-7EB736FD4AA2): 10
LogDevObjectVersion:   Dev-Build (E1C64328-A22C-4D53-A36C-8E866417BD8C): 0
LogDevObjectVersion:   Dev-Core (375EC13C-06E4-48FB-B500-84F0262A717E): 3
LogDevObjectVersion:   Dev-Editor (E4B068ED-F494-42E9-A231-DA0B2E46BB41): 34
LogDevObjectVersion:   Dev-Framework (CFFC743F-43B0-4480-9391-14DF171D2073): 35
LogDevObjectVersion:   Dev-Mobile (B02B49B5-BB20-44E9-A304-32B752E40360): 2
LogDevObjectVersion:   Dev-Networking (A4E4105C-59A1-49B5-A7C5-40C4547EDFEE): 0
LogDevObjectVersion:   Dev-Online (39C831C9-5AE6-47DC-9A44-9C173E1C8E7C): 0
LogDevObjectVersion:   Dev-Physics (78F01B33-EBEA-4F98-B9B4-84EACCB95AA2): 0
LogDevObjectVersion:   Dev-Platform (6631380F-2D4D-43E0-8009-CF276956A95A): 0
LogDevObjectVersion:   Dev-Rendering (12F88B9F-8875-4AFC-A67C-D90C383ABD29): 31
LogDevObjectVersion:   Dev-Sequencer (7B5AE74C-D270-4C10-A958-57980B212A5A): 11
LogDevObjectVersion:   Dev-VR (D7296918-1DD6-4BDD-9DE2-64A83CC13884): 2
LogDevObjectVersion:   Dev-LoadTimes (C2A15278-BFE7-4AFE-6C17-90FF531DF755): 1
LogDevObjectVersion:   Private-Geometry (6EACA3D4-40EC-4CC1-B786-8BED09428FC5): 3
LogDevObjectVersion:   Dev-AnimPhys (29E575DD-E0A3-4627-9D10-D276232CDCEA): 17
LogDevObjectVersion:   Dev-Anim (AF43A65D-7FD3-4947-9873-3E8ED9C1BB05): 2
LogDevObjectVersion:   Dev-ReflectionCapture (6B266CEC-1EC7-4B8F-A30B-E4D90942FC07): 1
LogDevObjectVersion:   Dev-Automation (0DF73D61-A23F-47EA-B727-89E90C41499A): 1
LogDevObjectVersion:   FortniteMain (601D1886-AC64-4F84-AA16-D3DE0DEAC7D6): 27
LogDevObjectVersion:   Dev-Enterprise (9DFFBCD6-494F-0158-E221-12823C92A888): 6
LogDevObjectVersion:   Dev-Niagara (F2AED0AC-9AFE-416F-8664-AA7FFA26D6FC): 1
LogDevObjectVersion:   Dev-Destruction (174F1F0B-B4C6-45A5-B13F-2EE8D0FB917D): 9
LogInit: Presizing for max 2097152 objects, including 1 objects not considered by GC, pre-allocating 0 bytes for permanent pool.
LogStreaming: Display: Async Loading initialized: Event Driven Loader: true, Async Loading Thread: false, Async Post Load: true
LogInit: Object subsystem initialized
LogConfig: Setting CVar [[con.DebugEarlyDefault:1]]
LogConfig: Setting CVar [[net.UseAdaptiveNetUpdateFrequency:0]]
LogConfig: Setting CVar [[r.setres:1280x720]]
[2020.08.03-12.14.39:005][  0]LogConfig: Setting CVar [[con.DebugEarlyDefault:1]]
[2020.08.03-12.14.39:005][  0]LogConfig: Setting CVar [[net.UseAdaptiveNetUpdateFrequency:0]]
[2020.08.03-12.14.39:005][  0]LogConfig: Setting CVar [[r.setres:1280x720]]
[2020.08.03-12.14.39:005][  0]LogConfig: Applying CVar settings from Section [/Script/Engine.RendererSettings] File [../../../viveNet/Saved/Config/WindowsNoEditor/Engine.ini]
[2020.08.03-12.14.39:005][  0]LogConfig: Setting CVar [[r.GPUCrashDebugging:0]]
[2020.08.03-12.14.39:005][  0]LogConfig: Setting CVar [[r.AllowOcclusionQueries:0]]
[2020.08.03-12.14.39:005][  0]LogConfig: Setting CVar [[r.ForwardShading:1]]
[2020.08.03-12.14.39:005][  0]LogConfig: Setting CVar [[r.DBuffer:0]]
[2020.08.03-12.14.39:005][  0]LogConfig: Setting CVar [[r.CustomDepth:0]]
[2020.08.03-12.14.39:005][  0]LogConfig: Setting CVar [[r.CustomDepthTemporalAAJitter:0]]
[2020.08.03-12.14.39:005][  0]LogConfig: Setting CVar [[r.DefaultFeature.AmbientOcclusion:0]]
[2020.08.03-12.14.39:005][  0]LogConfig: Setting CVar [[r.DefaultFeature.AmbientOcclusionStaticFraction:0]]
[2020.08.03-12.14.39:005][  0]LogConfig: Setting CVar [[r.DefaultFeature.MotionBlur:0]]
[2020.08.03-12.14.39:005][  0]LogConfig: Setting CVar [[r.DefaultFeature.AntiAliasing:1]]
[2020.08.03-12.14.39:005][  0]LogConfig: Setting CVar [[r.EarlyZPass:3]]
[2020.08.03-12.14.39:005][  0]LogConfig: Setting CVar [[r.AllowGlobalClipPlane:0]]
[2020.08.03-12.14.39:005][  0]LogConfig: Setting CVar [[r.DefaultFeature.AutoExposure:0]]
[2020.08.03-12.14.39:005][  0]LogConfig: Setting CVar [[vr.InstancedStereo:0]]
[2020.08.03-12.14.39:005][  0]LogConfig: Setting CVar [[r.MorphTarget.Mode:0]]
[2020.08.03-12.14.39:005][  0]LogConfig: Applying CVar settings from Section [/Script/Engine.RendererOverrideSettings] File [../../../viveNet/Saved/Config/WindowsNoEditor/Engine.ini]
[2020.08.03-12.14.39:005][  0]LogConfig: Applying CVar settings from Section [/Script/Engine.StreamingSettings] File [../../../viveNet/Saved/Config/WindowsNoEditor/Engine.ini]
[2020.08.03-12.14.39:005][  0]LogConfig: Setting CVar [[s.MinBulkDataSizeForAsyncLoading:131072]]
[2020.08.03-12.14.39:005][  0]LogConfig: Setting CVar [[s.AsyncLoadingThreadEnabled:0]]
[2020.08.03-12.14.39:005][  0]LogConfig: Setting CVar [[s.EventDrivenLoaderEnabled:1]]
[2020.08.03-12.14.39:005][  0]LogConfig: Setting CVar [[s.WarnIfTimeLimitExceeded:0]]
[2020.08.03-12.14.39:005][  0]LogConfig: Setting CVar [[s.TimeLimitExceededMultiplier:1.5]]
[2020.08.03-12.14.39:005][  0]LogConfig: Setting CVar [[s.TimeLimitExceededMinTime:0.005]]
[2020.08.03-12.14.39:005][  0]LogConfig: Setting CVar [[s.UseBackgroundLevelStreaming:1]]
[2020.08.03-12.14.39:005][  0]LogConfig: Setting CVar [[s.PriorityAsyncLoadingExtraTime:15.0]]
[2020.08.03-12.14.39:005][  0]LogConfig: Setting CVar [[s.LevelStreamingActorsUpdateTimeLimit:5.0]]
[2020.08.03-12.14.39:005][  0]LogConfig: Setting CVar [[s.PriorityLevelStreamingActorsUpdateExtraTime:5.0]]
[2020.08.03-12.14.39:005][  0]LogConfig: Setting CVar [[s.LevelStreamingComponentsRegistrationGranularity:10]]
[2020.08.03-12.14.39:005][  0]LogConfig: Setting CVar [[s.UnregisterComponentsTimeLimit:1.0]]
[2020.08.03-12.14.39:005][  0]LogConfig: Setting CVar [[s.LevelStreamingComponentsUnregistrationGranularity:5]]
[2020.08.03-12.14.39:005][  0]LogConfig: Applying CVar settings from Section [/Script/Engine.GarbageCollectionSettings] File [../../../viveNet/Saved/Config/WindowsNoEditor/Engine.ini]
[2020.08.03-12.14.39:005][  0]LogConfig: Setting CVar [[gc.MaxObjectsNotConsideredByGC:1]]
[2020.08.03-12.14.39:005][  0]LogConfig: Setting CVar [[gc.SizeOfPermanentObjectPool:0]]
[2020.08.03-12.14.39:005][  0]LogConfig: Setting CVar [[gc.FlushStreamingOnGC:0]]
[2020.08.03-12.14.39:005][  0]LogConfig: Setting CVar [[gc.NumRetriesBeforeForcingGC:10]]
[2020.08.03-12.14.39:005][  0]LogConfig: Setting CVar [[gc.AllowParallelGC:1]]
[2020.08.03-12.14.39:005][  0]LogConfig: Setting CVar [[gc.TimeBetweenPurgingPendingKillObjects:61.1]]
[2020.08.03-12.14.39:005][  0]LogConfig: Setting CVar [[gc.MaxObjectsInEditor:16777216]]
[2020.08.03-12.14.39:005][  0]LogConfig: Setting CVar [[gc.IncrementalBeginDestroyEnabled:1]]
[2020.08.03-12.14.39:005][  0]LogConfig: Setting CVar [[gc.CreateGCClusters:1]]
[2020.08.03-12.14.39:005][  0]LogConfig: Setting CVar [[gc.MinGCClusterSize:5]]
[2020.08.03-12.14.39:005][  0]LogConfig: Setting CVar [[gc.ActorClusteringEnabled:0]]
[2020.08.03-12.14.39:005][  0]LogConfig: Setting CVar [[gc.BlueprintClusteringEnabled:0]]
[2020.08.03-12.14.39:005][  0]LogConfig: Setting CVar [[gc.UseDisregardForGCOnDedicatedServers:0]]
[2020.08.03-12.14.39:005][  0]LogConfig: Applying CVar settings from Section [/Script/Engine.NetworkSettings] File [../../../viveNet/Saved/Config/WindowsNoEditor/Engine.ini]
[2020.08.03-12.14.39:025][  0]LogConfig: Applying CVar settings from Section [ViewDistanceQuality@3] File [../../../viveNet/Saved/Config/WindowsNoEditor/Scalability.ini]
[2020.08.03-12.14.39:025][  0]LogConfig: Setting CVar [[r.SkeletalMeshLODBias:0]]
[2020.08.03-12.14.39:025][  0]LogConfig: Setting CVar [[r.ViewDistanceScale:1.0]]
[2020.08.03-12.14.39:025][  0]LogConfig: Applying CVar settings from Section [AntiAliasingQuality@3] File [../../../viveNet/Saved/Config/WindowsNoEditor/Scalability.ini]
[2020.08.03-12.14.39:025][  0]LogConfig: Setting CVar [[r.PostProcessAAQuality:4]]
[2020.08.03-12.14.39:025][  0]LogConfig: Applying CVar settings from Section [ShadowQuality@3] File [../../../viveNet/Saved/Config/WindowsNoEditor/Scalability.ini]
[2020.08.03-12.14.39:025][  0]LogConfig: Setting CVar [[r.LightFunctionQuality:1]]
[2020.08.03-12.14.39:025][  0]LogConfig: Setting CVar [[r.ShadowQuality:5]]
[2020.08.03-12.14.39:025][  0]LogConfig: Setting CVar [[r.Shadow.CSM.MaxCascades:10]]
[2020.08.03-12.14.39:025][  0]LogConfig: Setting CVar [[r.Shadow.MaxResolution:2048]]
[2020.08.03-12.14.39:025][  0]LogConfig: Setting CVar [[r.Shadow.MaxCSMResolution:2048]]
[2020.08.03-12.14.39:025][  0]LogConfig: Setting CVar [[r.Shadow.RadiusThreshold:0.01]]
[2020.08.03-12.14.39:025][  0]LogConfig: Setting CVar [[r.Shadow.DistanceScale:1.0]]
[2020.08.03-12.14.39:025][  0]LogConfig: Setting CVar [[r.Shadow.CSM.TransitionScale:1.0]]
[2020.08.03-12.14.39:025][  0]LogConfig: Setting CVar [[r.Shadow.PreShadowResolutionFactor:1.0]]
[2020.08.03-12.14.39:025][  0]LogConfig: Setting CVar [[r.DistanceFieldShadowing:1]]
[2020.08.03-12.14.39:025][  0]LogConfig: Setting CVar [[r.DistanceFieldAO:1]]
[2020.08.03-12.14.39:025][  0]LogConfig: Setting CVar [[r.AOQuality:2]]
[2020.08.03-12.14.39:025][  0]LogConfig: Setting CVar [[r.VolumetricFog:1]]
[2020.08.03-12.14.39:025][  0]LogConfig: Setting CVar [[r.VolumetricFog.GridPixelSize:8]]
[2020.08.03-12.14.39:025][  0]LogConfig: Setting CVar [[r.VolumetricFog.GridSizeZ:128]]
[2020.08.03-12.14.39:025][  0]LogConfig: Setting CVar [[r.VolumetricFog.HistoryMissSupersampleCount:4]]
[2020.08.03-12.14.39:025][  0]LogConfig: Setting CVar [[r.LightMaxDrawDistanceScale:1]]
[2020.08.03-12.14.39:025][  0]LogConfig: Setting CVar [[r.CapsuleShadows:1]]
[2020.08.03-12.14.39:025][  0]LogConfig: Applying CVar settings from Section [PostProcessQuality@3] File [../../../viveNet/Saved/Config/WindowsNoEditor/Scalability.ini]
[2020.08.03-12.14.39:025][  0]LogConfig: Setting CVar [[r.MotionBlurQuality:4]]
[2020.08.03-12.14.39:025][  0]LogConfig: Setting CVar [[r.AmbientOcclusionMipLevelFactor:0.4]]
[2020.08.03-12.14.39:025][  0]LogConfig: Setting CVar [[r.AmbientOcclusionMaxQuality:100]]
[2020.08.03-12.14.39:025][  0]LogConfig: Setting CVar [[r.AmbientOcclusionLevels:-1]]
[2020.08.03-12.14.39:025][  0]LogConfig: Setting CVar [[r.AmbientOcclusionRadiusScale:1.0]]
[2020.08.03-12.14.39:025][  0]LogConfig: Setting CVar [[r.DepthOfFieldQuality:2]]
[2020.08.03-12.14.39:025][  0]LogConfig: Setting CVar [[r.RenderTargetPoolMin:400]]
[2020.08.03-12.14.39:025][  0]LogConfig: Setting CVar [[r.LensFlareQuality:2]]
[2020.08.03-12.14.39:025][  0]LogConfig: Setting CVar [[r.SceneColorFringeQuality:1]]
[2020.08.03-12.14.39:025][  0]LogConfig: Setting CVar [[r.EyeAdaptationQuality:2]]
[2020.08.03-12.14.39:025][  0]LogConfig: Setting CVar [[r.BloomQuality:5]]
[2020.08.03-12.14.39:025][  0]LogConfig: Setting CVar [[r.FastBlurThreshold:100]]
[2020.08.03-12.14.39:025][  0]LogConfig: Setting CVar [[r.Upscale.Quality:3]]
[2020.08.03-12.14.39:025][  0]LogConfig: Setting CVar [[r.Tonemapper.GrainQuantization:1]]
[2020.08.03-12.14.39:025][  0]LogConfig: Setting CVar [[r.LightShaftQuality:1]]
[2020.08.03-12.14.39:025][  0]LogConfig: Setting CVar [[r.Filter.SizeScale:1]]
[2020.08.03-12.14.39:025][  0]LogConfig: Setting CVar [[r.Tonemapper.Quality:5]]
[2020.08.03-12.14.39:025][  0]LogConfig: Setting CVar [[r.DOF.Gather.AccumulatorQuality:1        ; higher gathering accumulator quality]]
[2020.08.03-12.14.39:025][  0]LogConfig: Setting CVar [[r.DOF.Gather.PostfilterMethod:1          ; Median3x3 postfilering method]]
[2020.08.03-12.14.39:025][  0]LogConfig: Setting CVar [[r.DOF.Gather.EnableBokehSettings:0       ; no bokeh simulation when gathering]]
[2020.08.03-12.14.39:025][  0]LogConfig: Setting CVar [[r.DOF.Gather.RingCount:4                 ; medium number of samples when gathering]]
[2020.08.03-12.14.39:025][  0]LogConfig: Setting CVar [[r.DOF.Scatter.ForegroundCompositing:1    ; additive foreground scattering]]
[2020.08.03-12.14.39:025][  0]LogConfig: Setting CVar [[r.DOF.Scatter.BackgroundCompositing:2    ; additive background scattering]]
[2020.08.03-12.14.39:025][  0]LogConfig: Setting CVar [[r.DOF.Scatter.EnableBokehSettings:1      ; bokeh simulation when scattering]]
[2020.08.03-12.14.39:025][  0]LogConfig: Setting CVar [[r.DOF.Scatter.MaxSpriteRatio:0.1         ; only a maximum of 10% of scattered bokeh]]
[2020.08.03-12.14.39:025][  0]LogConfig: Setting CVar [[r.DOF.Recombine.Quality:1                ; cheap slight out of focus]]
[2020.08.03-12.14.39:025][  0]LogConfig: Setting CVar [[r.DOF.Recombine.EnableBokehSettings:0    ; no bokeh simulation on slight out of focus]]
[2020.08.03-12.14.39:025][  0]LogConfig: Setting CVar [[r.DOF.TemporalAAQuality:1                ; more stable temporal accumulation]]
[2020.08.03-12.14.39:025][  0]LogConfig: Setting CVar [[r.DOF.Kernel.MaxForegroundRadius:0.025]]
[2020.08.03-12.14.39:025][  0]LogConfig: Setting CVar [[r.DOF.Kernel.MaxBackgroundRadius:0.025]]
[2020.08.03-12.14.39:025][  0]LogConfig: Applying CVar settings from Section [TextureQuality@3] File [../../../viveNet/Saved/Config/WindowsNoEditor/Scalability.ini]
[2020.08.03-12.14.39:025][  0]LogConfig: Setting CVar [[r.Streaming.MipBias:0]]
[2020.08.03-12.14.39:025][  0]LogConfig: Setting CVar [[r.Streaming.AmortizeCPUToGPUCopy:0]]
[2020.08.03-12.14.39:025][  0]LogConfig: Setting CVar [[r.Streaming.MaxNumTexturesToStreamPerFrame:0]]
[2020.08.03-12.14.39:026][  0]LogConfig: Setting CVar [[r.Streaming.Boost:1]]
[2020.08.03-12.14.39:026][  0]LogConfig: Setting CVar [[r.MaxAnisotropy:8]]
[2020.08.03-12.14.39:026][  0]LogConfig: Setting CVar [[r.Streaming.LimitPoolSizeToVRAM:0]]
[2020.08.03-12.14.39:026][  0]LogConfig: Setting CVar [[r.Streaming.PoolSize:1000]]
[2020.08.03-12.14.39:026][  0]LogConfig: Setting CVar [[r.Streaming.MaxEffectiveScreenSize:0]]
[2020.08.03-12.14.39:026][  0]LogConfig: Applying CVar settings from Section [EffectsQuality@3] File [../../../viveNet/Saved/Config/WindowsNoEditor/Scalability.ini]
[2020.08.03-12.14.39:026][  0]LogConfig: Setting CVar [[r.TranslucencyLightingVolumeDim:64]]
[2020.08.03-12.14.39:026][  0]LogConfig: Setting CVar [[r.RefractionQuality:2]]
[2020.08.03-12.14.39:026][  0]LogConfig: Setting CVar [[r.SSR.Quality:3]]
[2020.08.03-12.14.39:026][  0]LogConfig: Setting CVar [[r.SceneColorFormat:4]]
[2020.08.03-12.14.39:026][  0]LogConfig: Setting CVar [[r.DetailMode:2]]
[2020.08.03-12.14.39:026][  0]LogConfig: Setting CVar [[r.TranslucencyVolumeBlur:1]]
[2020.08.03-12.14.39:026][  0]LogConfig: Setting CVar [[r.MaterialQualityLevel:1 ; High quality]]
[2020.08.03-12.14.39:026][  0]LogConfig: Setting CVar [[r.SSS.Scale:1]]
[2020.08.03-12.14.39:026][  0]LogConfig: Setting CVar [[r.SSS.SampleSet:2]]
[2020.08.03-12.14.39:026][  0]LogConfig: Setting CVar [[r.SSS.Quality:1]]
[2020.08.03-12.14.39:026][  0]LogConfig: Setting CVar [[r.SSS.HalfRes:1]]
[2020.08.03-12.14.39:026][  0]LogConfig: Setting CVar [[r.EmitterSpawnRateScale:1.0]]
[2020.08.03-12.14.39:026][  0]LogConfig: Setting CVar [[r.ParticleLightQuality:2]]
[2020.08.03-12.14.39:026][  0]LogConfig: Applying CVar settings from Section [FoliageQuality@3] File [../../../viveNet/Saved/Config/WindowsNoEditor/Scalability.ini]
[2020.08.03-12.14.39:026][  0]LogConfig: Setting CVar [[foliage.DensityScale:1.0]]
[2020.08.03-12.14.39:026][  0]LogConfig: Setting CVar [[grass.DensityScale:1.0]]
[2020.08.03-12.14.39:026][  0]LogInit: Selected Device Profile: [WindowsNoEditor]
[2020.08.03-12.14.39:026][  0]LogInit: Applying CVar settings loaded from the selected device profile: [WindowsNoEditor]
[2020.08.03-12.14.39:031][  0]LogHAL: Display: Platform has ~ 32 GB [34278248448 / 34359738368 / 32], which maps to Largest [LargestMinGB=32, LargerMinGB=12, DefaultMinGB=8, SmallerMinGB=6, SmallestMinGB=0)
[2020.08.03-12.14.39:031][  0]LogInit: Going up to parent DeviceProfile [Windows]
[2020.08.03-12.14.39:031][  0]LogInit: Going up to parent DeviceProfile []
[2020.08.03-12.14.39:031][  0]LogConfig: Applying CVar settings from Section [ViewDistanceQuality@3] File [../../../viveNet/Saved/Config/WindowsNoEditor/Scalability.ini]
[2020.08.03-12.14.39:031][  0]LogConfig: Setting CVar [[r.SkeletalMeshLODBias:0]]
[2020.08.03-12.14.39:031][  0]LogConfig: Setting CVar [[r.ViewDistanceScale:1.0]]
[2020.08.03-12.14.39:031][  0]LogConfig: Applying CVar settings from Section [AntiAliasingQuality@3] File [../../../viveNet/Saved/Config/WindowsNoEditor/Scalability.ini]
[2020.08.03-12.14.39:031][  0]LogConfig: Setting CVar [[r.PostProcessAAQuality:4]]
[2020.08.03-12.14.39:031][  0]LogConfig: Applying CVar settings from Section [ShadowQuality@3] File [../../../viveNet/Saved/Config/WindowsNoEditor/Scalability.ini]
[2020.08.03-12.14.39:031][  0]LogConfig: Setting CVar [[r.LightFunctionQuality:1]]
[2020.08.03-12.14.39:031][  0]LogConfig: Setting CVar [[r.ShadowQuality:5]]
[2020.08.03-12.14.39:031][  0]LogConfig: Setting CVar [[r.Shadow.CSM.MaxCascades:10]]
[2020.08.03-12.14.39:031][  0]LogConfig: Setting CVar [[r.Shadow.MaxResolution:2048]]
[2020.08.03-12.14.39:031][  0]LogConfig: Setting CVar [[r.Shadow.MaxCSMResolution:2048]]
[2020.08.03-12.14.39:031][  0]LogConfig: Setting CVar [[r.Shadow.RadiusThreshold:0.01]]
[2020.08.03-12.14.39:032][  0]LogConfig: Setting CVar [[r.Shadow.DistanceScale:1.0]]
[2020.08.03-12.14.39:032][  0]LogConfig: Setting CVar [[r.Shadow.CSM.TransitionScale:1.0]]
[2020.08.03-12.14.39:032][  0]LogConfig: Setting CVar [[r.Shadow.PreShadowResolutionFactor:1.0]]
[2020.08.03-12.14.39:032][  0]LogConfig: Setting CVar [[r.DistanceFieldShadowing:1]]
[2020.08.03-12.14.39:032][  0]LogConfig: Setting CVar [[r.DistanceFieldAO:1]]
[2020.08.03-12.14.39:032][  0]LogConfig: Setting CVar [[r.AOQuality:2]]
[2020.08.03-12.14.39:032][  0]LogConfig: Setting CVar [[r.VolumetricFog:1]]
[2020.08.03-12.14.39:032][  0]LogConfig: Setting CVar [[r.VolumetricFog.GridPixelSize:8]]
[2020.08.03-12.14.39:032][  0]LogConfig: Setting CVar [[r.VolumetricFog.GridSizeZ:128]]
[2020.08.03-12.14.39:032][  0]LogConfig: Setting CVar [[r.VolumetricFog.HistoryMissSupersampleCount:4]]
[2020.08.03-12.14.39:032][  0]LogConfig: Setting CVar [[r.LightMaxDrawDistanceScale:1]]
[2020.08.03-12.14.39:032][  0]LogConfig: Setting CVar [[r.CapsuleShadows:1]]
[2020.08.03-12.14.39:032][  0]LogConfig: Applying CVar settings from Section [PostProcessQuality@3] File [../../../viveNet/Saved/Config/WindowsNoEditor/Scalability.ini]
[2020.08.03-12.14.39:032][  0]LogConfig: Setting CVar [[r.MotionBlurQuality:4]]
[2020.08.03-12.14.39:032][  0]LogConfig: Setting CVar [[r.AmbientOcclusionMipLevelFactor:0.4]]
[2020.08.03-12.14.39:032][  0]LogConfig: Setting CVar [[r.AmbientOcclusionMaxQuality:100]]
[2020.08.03-12.14.39:032][  0]LogConfig: Setting CVar [[r.AmbientOcclusionLevels:-1]]
[2020.08.03-12.14.39:032][  0]LogConfig: Setting CVar [[r.AmbientOcclusionRadiusScale:1.0]]
[2020.08.03-12.14.39:032][  0]LogConfig: Setting CVar [[r.DepthOfFieldQuality:2]]
[2020.08.03-12.14.39:032][  0]LogConfig: Setting CVar [[r.RenderTargetPoolMin:400]]
[2020.08.03-12.14.39:032][  0]LogConfig: Setting CVar [[r.LensFlareQuality:2]]
[2020.08.03-12.14.39:032][  0]LogConfig: Setting CVar [[r.SceneColorFringeQuality:1]]
[2020.08.03-12.14.39:032][  0]LogConfig: Setting CVar [[r.EyeAdaptationQuality:2]]
[2020.08.03-12.14.39:032][  0]LogConfig: Setting CVar [[r.BloomQuality:5]]
[2020.08.03-12.14.39:032][  0]LogConfig: Setting CVar [[r.FastBlurThreshold:100]]
[2020.08.03-12.14.39:032][  0]LogConfig: Setting CVar [[r.Upscale.Quality:3]]
[2020.08.03-12.14.39:032][  0]LogConfig: Setting CVar [[r.Tonemapper.GrainQuantization:1]]
[2020.08.03-12.14.39:032][  0]LogConfig: Setting CVar [[r.LightShaftQuality:1]]
[2020.08.03-12.14.39:032][  0]LogConfig: Setting CVar [[r.Filter.SizeScale:1]]
[2020.08.03-12.14.39:032][  0]LogConfig: Setting CVar [[r.Tonemapper.Quality:5]]
[2020.08.03-12.14.39:032][  0]LogConfig: Setting CVar [[r.DOF.Gather.AccumulatorQuality:1        ; higher gathering accumulator quality]]
[2020.08.03-12.14.39:032][  0]LogConfig: Setting CVar [[r.DOF.Gather.PostfilterMethod:1          ; Median3x3 postfilering method]]
[2020.08.03-12.14.39:032][  0]LogConfig: Setting CVar [[r.DOF.Gather.EnableBokehSettings:0       ; no bokeh simulation when gathering]]
[2020.08.03-12.14.39:032][  0]LogConfig: Setting CVar [[r.DOF.Gather.RingCount:4                 ; medium number of samples when gathering]]
[2020.08.03-12.14.39:032][  0]LogConfig: Setting CVar [[r.DOF.Scatter.ForegroundCompositing:1    ; additive foreground scattering]]
[2020.08.03-12.14.39:032][  0]LogConfig: Setting CVar [[r.DOF.Scatter.BackgroundCompositing:2    ; additive background scattering]]
[2020.08.03-12.14.39:032][  0]LogConfig: Setting CVar [[r.DOF.Scatter.EnableBokehSettings:1      ; bokeh simulation when scattering]]
[2020.08.03-12.14.39:032][  0]LogConfig: Setting CVar [[r.DOF.Scatter.MaxSpriteRatio:0.1         ; only a maximum of 10% of scattered bokeh]]
[2020.08.03-12.14.39:032][  0]LogConfig: Setting CVar [[r.DOF.Recombine.Quality:1                ; cheap slight out of focus]]
[2020.08.03-12.14.39:032][  0]LogConfig: Setting CVar [[r.DOF.Recombine.EnableBokehSettings:0    ; no bokeh simulation on slight out of focus]]
[2020.08.03-12.14.39:032][  0]LogConfig: Setting CVar [[r.DOF.TemporalAAQuality:1                ; more stable temporal accumulation]]
[2020.08.03-12.14.39:032][  0]LogConfig: Setting CVar [[r.DOF.Kernel.MaxForegroundRadius:0.025]]
[2020.08.03-12.14.39:032][  0]LogConfig: Setting CVar [[r.DOF.Kernel.MaxBackgroundRadius:0.025]]
[2020.08.03-12.14.39:032][  0]LogConfig: Applying CVar settings from Section [TextureQuality@3] File [../../../viveNet/Saved/Config/WindowsNoEditor/Scalability.ini]
[2020.08.03-12.14.39:032][  0]LogConfig: Setting CVar [[r.Streaming.MipBias:0]]
[2020.08.03-12.14.39:032][  0]LogConfig: Setting CVar [[r.Streaming.AmortizeCPUToGPUCopy:0]]
[2020.08.03-12.14.39:032][  0]LogConfig: Setting CVar [[r.Streaming.MaxNumTexturesToStreamPerFrame:0]]
[2020.08.03-12.14.39:032][  0]LogConfig: Setting CVar [[r.Streaming.Boost:1]]
[2020.08.03-12.14.39:032][  0]LogConfig: Setting CVar [[r.MaxAnisotropy:8]]
[2020.08.03-12.14.39:032][  0]LogConfig: Setting CVar [[r.Streaming.LimitPoolSizeToVRAM:0]]
[2020.08.03-12.14.39:032][  0]LogConfig: Setting CVar [[r.Streaming.PoolSize:1000]]
[2020.08.03-12.14.39:032][  0]LogConfig: Setting CVar [[r.Streaming.MaxEffectiveScreenSize:0]]
[2020.08.03-12.14.39:032][  0]LogConfig: Applying CVar settings from Section [EffectsQuality@3] File [../../../viveNet/Saved/Config/WindowsNoEditor/Scalability.ini]
[2020.08.03-12.14.39:032][  0]LogConfig: Setting CVar [[r.TranslucencyLightingVolumeDim:64]]
[2020.08.03-12.14.39:032][  0]LogConfig: Setting CVar [[r.RefractionQuality:2]]
[2020.08.03-12.14.39:032][  0]LogConfig: Setting CVar [[r.SSR.Quality:3]]
[2020.08.03-12.14.39:032][  0]LogConfig: Setting CVar [[r.SceneColorFormat:4]]
[2020.08.03-12.14.39:032][  0]LogConfig: Setting CVar [[r.DetailMode:2]]
[2020.08.03-12.14.39:032][  0]LogConfig: Setting CVar [[r.TranslucencyVolumeBlur:1]]
[2020.08.03-12.14.39:032][  0]LogConfig: Setting CVar [[r.MaterialQualityLevel:1 ; High quality]]
[2020.08.03-12.14.39:032][  0]LogConfig: Setting CVar [[r.SSS.Scale:1]]
[2020.08.03-12.14.39:032][  0]LogConfig: Setting CVar [[r.SSS.SampleSet:2]]
[2020.08.03-12.14.39:032][  0]LogConfig: Setting CVar [[r.SSS.Quality:1]]
[2020.08.03-12.14.39:032][  0]LogConfig: Setting CVar [[r.SSS.HalfRes:1]]
[2020.08.03-12.14.39:032][  0]LogConfig: Setting CVar [[r.EmitterSpawnRateScale:1.0]]
[2020.08.03-12.14.39:032][  0]LogConfig: Setting CVar [[r.ParticleLightQuality:2]]
[2020.08.03-12.14.39:032][  0]LogConfig: Applying CVar settings from Section [FoliageQuality@3] File [../../../viveNet/Saved/Config/WindowsNoEditor/Scalability.ini]
[2020.08.03-12.14.39:032][  0]LogConfig: Setting CVar [[foliage.DensityScale:1.0]]
[2020.08.03-12.14.39:032][  0]LogConfig: Setting CVar [[grass.DensityScale:1.0]]
[2020.08.03-12.14.39:032][  0]LogConfig: Applying CVar settings from Section [Startup] File [../../../Engine/Config/ConsoleVariables.ini]
[2020.08.03-12.14.39:033][  0]LogConfig: Setting CVar [[net.UseAdaptiveNetUpdateFrequency:0]]
[2020.08.03-12.14.39:033][  0]LogConfig: Setting CVar [[p.chaos.AllowCreatePhysxBodies:1]]
[2020.08.03-12.14.39:033][  0]LogConfig: Applying CVar settings from Section [ConsoleVariables] File [../../../viveNet/Saved/Config/WindowsNoEditor/Engine.ini]
[2020.08.03-12.14.39:033][  0]LogInit: Computer: CEMMWKS5185
[2020.08.03-12.14.39:033][  0]LogInit: User: spirch
[2020.08.03-12.14.39:033][  0]LogInit: CPU Page size=4096, Cores=8
[2020.08.03-12.14.39:033][  0]LogInit: High frequency timer resolution =10.000000 MHz
[2020.08.03-12.14.39:033][  0]LogMemory: Memory total: Physical=31.9GB (32GB approx)
[2020.08.03-12.14.39:033][  0]LogMemory: Platform Memory Stats for WindowsNoEditor
[2020.08.03-12.14.39:033][  0]LogMemory: Process Physical Memory: 60.13 MB used, 60.14 MB peak
[2020.08.03-12.14.39:033][  0]LogMemory: Process Virtual Memory: 72.41 MB used, 72.41 MB peak
[2020.08.03-12.14.39:033][  0]LogMemory: Physical Memory: 7265.02 MB used,  25425.27 MB free, 32690.29 MB total
[2020.08.03-12.14.39:033][  0]LogMemory: Virtual Memory: 4489.82 MB used,  134213240.00 MB free, 134217728.00 MB total
[2020.08.03-12.14.39:036][  0]LogWindows: WindowsPlatformFeatures enabled
[2020.08.03-12.14.39:067][  0]LogInit: Using OS detected language (en-US).
[2020.08.03-12.14.39:067][  0]LogInit: Using OS detected locale (de-AT).
[2020.08.03-12.14.39:067][  0]LogTextLocalizationManager: No specific localization for 'en-US' exists, so the 'en' localization will be used.
[2020.08.03-12.14.39:068][  0]LogTextLocalizationManager: No localization for 'de-AT' exists, so 'en' will be used for the locale.
[2020.08.03-12.14.39:119][  0]LogSlate: New Slate User Created.  User Index 0, Is Virtual User: 0
[2020.08.03-12.14.39:119][  0]LogSlate: Slate User Registered.  User Index 0, Is Virtual User: 0
[2020.08.03-12.14.41:904][  0]LogD3D11RHI: D3D11 adapters:
[2020.08.03-12.14.42:057][  0]LogD3D11RHI:    0. 'NVIDIA TITAN X (Pascal)' (Feature Level 11_0)
[2020.08.03-12.14.42:057][  0]LogD3D11RHI:       12147/0/16345 MB DedicatedVideo/DedicatedSystem/SharedSystem, Outputs:3, VendorId:0x10de
[2020.08.03-12.14.42:069][  0]LogD3D11RHI:    1. 'Microsoft Basic Render Driver' (Feature Level 11_0)
[2020.08.03-12.14.42:069][  0]LogD3D11RHI:       0/0/16345 MB DedicatedVideo/DedicatedSystem/SharedSystem, Outputs:0, VendorId:0x1414
[2020.08.03-12.14.42:069][  0]LogD3D11RHI: Chosen D3D11 Adapter: 0
[2020.08.03-12.14.42:084][  0]LogD3D11RHI: Creating new Direct3DDevice
[2020.08.03-12.14.42:084][  0]LogD3D11RHI:     GPU DeviceId: 0x1b00 (for the marketing name, search the web for "GPU Device Id")
[2020.08.03-12.14.42:084][  0]LogWindows: EnumDisplayDevices:
[2020.08.03-12.14.42:084][  0]LogWindows:    0. 'NVIDIA TITAN X (Pascal)' (P:1 D:1)
[2020.08.03-12.14.42:085][  0]LogWindows:    1. 'NVIDIA TITAN X (Pascal)' (P:0 D:1)
[2020.08.03-12.14.42:086][  0]LogWindows:    2. 'NVIDIA TITAN X (Pascal)' (P:0 D:1)
[2020.08.03-12.14.42:086][  0]LogWindows:    3. 'NVIDIA TITAN X (Pascal)' (P:0 D:0)
[2020.08.03-12.14.42:086][  0]LogWindows: DebugString: FoundDriverCount:4 
[2020.08.03-12.14.42:086][  0]LogD3D11RHI:     Adapter Name: NVIDIA TITAN X (Pascal)
[2020.08.03-12.14.42:087][  0]LogD3D11RHI:   Driver Version: 436.15 (internal:26.21.14.3615, unified:436.15)
[2020.08.03-12.14.42:087][  0]LogD3D11RHI:      Driver Date: 8-24-2019
[2020.08.03-12.14.42:087][  0]LogRHI: Texture pool is 8502 MB (70% of 12147 MB)
[2020.08.03-12.14.42:193][  0]LogD3D11RHI: Async texture creation enabled
[2020.08.03-12.14.42:233][  0]LogD3D11RHI: GPU Timing Frequency: 1000.000000 (Debug: 2 1)
[2020.08.03-12.14.42:403][  0]LogMaterial: Verifying Global Shaders for PCD3D_SM5
[2020.08.03-12.14.42:434][  0]LogSlate: Using FreeType 2.6.0
[2020.08.03-12.14.42:435][  0]LogSlate: SlateFontServices - WITH_FREETYPE: 1, WITH_HARFBUZZ: 1
[2020.08.03-12.14.42:532][  0]LogInit: Using OS detected language (en-US).
[2020.08.03-12.14.42:532][  0]LogInit: Using OS detected locale (de-AT).
[2020.08.03-12.14.42:532][  0]LogTextLocalizationManager: No localization for 'en-US' exists, so 'en' will be used for the language.
[2020.08.03-12.14.42:532][  0]LogTextLocalizationManager: No localization for 'de-AT' exists, so 'en' will be used for the locale.
[2020.08.03-12.14.42:533][  0]LogTextLocalizationManager: Compacting localization data took   0.34ms
[2020.08.03-12.14.42:538][  0]LogAssetRegistry: FAssetRegistry took 0.0055 seconds to start up
[2020.08.03-12.14.42:649][  0]LogStreaming: Display: Flushing async loaders.
[2020.08.03-12.14.42:650][  0]LogPackageLocalizationCache: Processed 13 localized package path(s) for 1 prioritized culture(s) in 0.000055 seconds
[2020.08.03-12.14.42:650][  0]LogPakFile: New pak file ../../../viveNet/Content/Paks/viveNet-WindowsNoEditor.pak added to pak precacher.
[2020.08.03-12.14.42:653][  0]LogInit: Selected Device Profile: [WindowsNoEditor]
[2020.08.03-12.14.42:667][  0]LogNetVersion: viveNet 1.0.0, NetCL: 8386587, EngineNetVer: 11, GameNetVer: 0 (Checksum: 2011979321)
[2020.08.03-12.14.43:709][  0]LogMoviePlayer: Initializing movie player
[2020.08.03-12.14.44:099][  0]LogTemp: Warning: VRNetPlugin loaded!
[2020.08.03-12.14.44:099][  0]LogAndroidPermission: UAndroidPermissionCallbackProxy::GetInstance
[2020.08.03-12.14.44:099][  0]LogOcInput: OculusInput pre-init called
[2020.08.03-12.14.44:105][  0]LogUObjectArray: 42094 objects as part of root set at end of initial load.
[2020.08.03-12.14.44:105][  0]LogUObjectArray: 2 objects are not in the root set, but can never be destroyed because they are in the DisregardForGC set.
[2020.08.03-12.14.44:105][  0]LogUObjectAllocator: 6380560 out of 0 bytes used by permanent object pool.
[2020.08.03-12.14.44:105][  0]LogUObjectArray: CloseDisregardForGC: 42094/42094 objects in disregard for GC pool
[2020.08.03-12.14.44:184][  0]LogEngine: Initializing Engine...
[2020.08.03-12.14.44:184][  0]LogHMD: SteamVR initialized.  Driver: lighthouse  Display: LHR-B595268E
[2020.08.03-12.14.44:195][  0]LogStats: UGameplayTagsManager::InitializeManager -  0.000 s
[2020.08.03-12.14.44:299][  0]LogInit: Initializing FReadOnlyCVARCache
[2020.08.03-12.14.44:303][  0]LogAudioDebug: Display: Lib vorbis DLL was dynamically loaded.
[2020.08.03-12.14.44:418][  0]LogInit: XAudio2 using 'HTC-VIVE (NVIDIA High Definition Audio)' : 2 channels at 48 kHz using 16 bits per sample (channel mask 0x3)
[2020.08.03-12.14.44:498][  0]LogInit: FAudioDevice initialized.
[2020.08.03-12.14.44:507][  0]LogNetVersion: Set ProjectVersion to 1.0.0.0. Version Checksum will be recalculated on next use.
[2020.08.03-12.14.44:507][  0]LogInit: Texture streaming: Enabled
[2020.08.03-12.14.44:507][  0]LogConsoleManager: Warning: Setting the console variable 'r.VSync' with 'SetByGameSetting' was ignored as it is lower priority than the previous 'SetByCode'. Value remains '0'
[2020.08.03-12.14.45:783][  0]LogInit: Error: Failed to load cursor '../../../viveNet/Content/None'
[2020.08.03-12.14.45:784][  0]LogSlate: Updating window title bar state: overlay mode, drag disabled, window buttons hidden, title bar hidden
[2020.08.03-12.14.45:784][  0]LogInit: Display: Game Engine Initialized.
[2020.08.03-12.14.45:785][  0]LogInit: Display: Starting Game.
[2020.08.03-12.14.45:785][  0]LogNet: Browse: /Game/netVR?Name=Player
[2020.08.03-12.14.45:785][  0]LogLoad: LoadMap: /Game/netVR?Name=Player
[2020.08.03-12.14.45:785][  0]LogWorld: BeginTearingDown for /Temp/Untitled_0
[2020.08.03-12.14.45:786][  0]LogWorld: UWorld::CleanupWorld for Untitled, bSessionEnded=true, bCleanupResources=true
[2020.08.03-12.14.45:927][  0]LogUObjectHash: Compacting FUObjectHashTables data took   2.49ms
[2020.08.03-12.14.45:939][  0]LogAIModule: Creating AISystem for world netVR
[2020.08.03-12.14.45:939][  0]LogLoad: Game class is 'ViveGameMode_C'
[2020.08.03-12.14.45:940][  0]LogWorld: Bringing World /Game/netVR.netVR up for play (max tick rate 0) at 2020.08.03-14.14.45
[2020.08.03-12.14.45:944][  0]LogStreaming: Warning: Failed to open ANSI TEXT file ../../../viveNet/Content//data/
[2020.08.03-12.14.45:944][  0]LogStreaming: Warning: Failed to open ANSI TEXT file ../../../viveNet/Content//data/
[2020.08.03-12.14.45:944][  0]LogWorld: Bringing up level for play took: 0.004716
[2020.08.03-12.14.45:945][  0]LogVRNetGameModeBase: SERVER [55172] - InitNewPlayer() ... Options: ?Name=CEMMWKS5185-143A5AE34FD1E56A919D69BB3B6B6BDC  / Portal: 
[2020.08.03-12.14.45:948][  0]LogSlate: New Slate User Created.  User Index 8, Is Virtual User: 1
[2020.08.03-12.14.45:948][  0]LogSlate: Slate User Registered.  User Index 8, Is Virtual User: 1
[2020.08.03-12.14.45:948][  0]LogVRNetDesktopPawn: SERVER [55232] - ClientPossessed() ...
[2020.08.03-12.14.45:948][  0]HMD is disabled. Use 'vr.bEnableHMD True' to re-enable it.
[2020.08.03-12.14.45:948][  0]LogVRNetDesktopPawn: SERVER [55232] - ClientUnPossessed() ...
[2020.08.03-12.14.45:949][  0]LogVRNetDesktopPawn: SERVER [55259] - ClientPossessed() ...
[2020.08.03-12.14.45:949][  0]HMD is disabled. Use 'vr.bEnableHMD True' to re-enable it.
[2020.08.03-12.14.45:950][  0]LogVRNetGameModeBase: SERVER [55172] - PostLogin() ... NewPlayerCtrlName: BP_VivePlayerController_C_2147482553 / connected players num: 1
[2020.08.03-12.14.45:950][  0]LogUMG: Display: Widget Class ExpandableKeyboard_C - Loaded Fast Template.
[2020.08.03-12.14.45:951][  0]LogEngine: Onscreen warnings/messages are now DISABLED
[2020.08.03-12.14.45:951][  0]LogVRNetReplComp: SERVER [55263] - BeginPlay() ... this: CameraReplicationComponent - owner: DesktopPawn_C_2147482533 - (owner of owner: NOOWNER) - is activated: false
[2020.08.03-12.14.45:951][  0]LogBlueprintUserMessages: [TextureInteractionComponent] TextureInteractionComponent initalized
[2020.08.03-12.14.45:951][  0]LogBlueprintUserMessages: [TextureInteractionComponent] Owner pawn set (TextureInteractionComponent)
[2020.08.03-12.14.45:951][  0]LogScript: Warning: Script Msg: Attempted to access index 0 from array 'CallFunc_GetAllWidgetsOfClass_FoundWidgets_3' of length 0 in '/Game/Blueprints/TextureInteractionComponent.TextureInteractionComponent_C:ExecuteUbergraph_TextureInteractionComponent'!
[2020.08.03-12.14.45:951][  0]LogScript: Warning: Script Msg: Attempted to access index 0 from array 'CallFunc_GetAllWidgetsOfClass_FoundWidgets_2' of length 0 in '/Game/Blueprints/TextureInteractionComponent.TextureInteractionComponent_C:ExecuteUbergraph_TextureInteractionComponent'!
[2020.08.03-12.14.45:951][  0]LogBlueprintUserMessages: [UIInteractionComponent] Owner pawn set
[2020.08.03-12.14.45:951][  0]LogScript: Warning: Script Msg: Attempted to access index 0 from array 'CallFunc_GetAllWidgetsOfClass_FoundWidgets' of length 0 in '/Game/Blueprints/UIInteractionComponent.UIInteractionComponent_C:ExecuteUbergraph_UIInteractionComponent'!
[2020.08.03-12.14.45:951][  0]LogScript: Warning: Script Msg: Attempted to access index 0 from array 'CallFunc_GetAllWidgetsOfClass_FoundWidgets_1' of length 0 in '/Game/Blueprints/UIInteractionComponent.UIInteractionComponent_C:ExecuteUbergraph_UIInteractionComponent'!
[2020.08.03-12.14.45:951][  0]LogScript: Warning: Script Msg: Attempted to access index 0 from array 'CallFunc_GetAllWidgetsOfClass_FoundWidgets_3' of length 0 in '/Game/Blueprints/UIInteractionComponent.UIInteractionComponent_C:ExecuteUbergraph_UIInteractionComponent'!
[2020.08.03-12.14.45:951][  0]LogVRNetReplComp: SERVER [55268] - BeginPlay() ... this: VRNetReplication - owner: DesktopPawn_C_2147482533 - (owner of owner: NOOWNER) - is activated: true
[2020.08.03-12.14.45:951][  0]LogVRNetReplComp: SERVER [55269] - BeginPlay() ... this: ControllerReplicationComponent - owner: DesktopPawn_C_2147482533 - (owner of owner: NOOWNER) - is activated: true
[2020.08.03-12.14.45:951][  0]LogScript: Warning: Accessed None trying to read property Camera
	DesktopPawn_C /Game/netVR.netVR:PersistentLevel.DesktopPawn_C_2147482533
	Function /Game/Blueprints/DesktopPawn.DesktopPawn_C:ExecuteUbergraph_DesktopPawn:17A9
[2020.08.03-12.14.45:951][  0]LogScript: Warning: Script call stack:
	Function /Game/Blueprints/DesktopPawn.DesktopPawn_C:ReceiveBeginPlay
	Function /Game/Blueprints/DesktopPawn.DesktopPawn_C:ExecuteUbergraph_DesktopPawn

[2020.08.03-12.14.45:952][  0]LogUMG: Display: Widget Class DesktopUi_C - Loaded Fast Template.
[2020.08.03-12.14.46:038][  0]LogBlueprintUserMessages: [nodePanel] loadedURL
[2020.08.03-12.14.46:109][  0]LogBlueprintUserMessages: [WebPanel1] loadedURL
[2020.08.03-12.14.46:172][  0]LogBlueprintUserMessages: [WebInterface] loadedURL
[2020.08.03-12.14.46:172][  0]LogVRNetDesktopPawn: SERVER: LOCAL desktop pawn begin play: DesktopPawn_C_2147482533 .. ROLE on machine: ROLE_Authority
[2020.08.03-12.14.46:172][  0]LogBlueprintUserMessages: [MyStaticMeshNodeActor2_Blueprint] MaterialInstanceDynamic_1
[2020.08.03-12.14.46:173][  0]LogLoad: Took 0.387552 seconds to LoadMap(/Game/netVR)
[2020.08.03-12.14.46:174][  0]LogSlate: Took 0.001102 seconds to synchronously load lazily loaded font '../../../Engine/Content/EngineFonts/Faces/RobotoLight.ufont' (167K)
[2020.08.03-12.14.46:206][  0]LogRenderer: Reallocating scene render targets to support 2160x1200 Format 10 NumSamples 1 (Frame:1).
[2020.08.03-12.14.46:290][  0]LogLoad: (Engine Initialization) Total time: 8.43 seconds
[2020.08.03-12.14.46:314][  0]LogContentStreaming: Texture pool size now 1000 MB
[2020.08.03-12.14.46:357][  3]LogSlate: Took 0.000866 seconds to synchronously load lazily loaded font '../../../Engine/Content/EngineFonts/Faces/RobotoRegular.ufont' (155K)
[2020.08.03-12.14.46:501][ 12]LogBlueprintUserMessages: [LayoutLabelActor_70] Desktop
[2020.08.03-12.14.47:292][ 61]LogBlueprintUserMessages: [DesktopPawn_C_2147482533] PAWN: DesktopPawn_C_2147482533 - SET WIDGET ID TO: 257
[2020.08.03-12.14.47:292][ 61]LogScript: Warning: Script Msg: Attempted to access index 0 from array 'CallFunc_GetAllWidgetsOfClass_FoundWidgets' of length 0 in '/Game/Blueprints/ViveGameState.ViveGameState_C:ExecuteUbergraph_ViveGameState'!
[2020.08.03-12.14.58:110][728]LogRenderer: Reallocating scene render targets to support 2160x1112 Format 10 NumSamples 1 (Frame:732).
[2020.08.03-12.14.58:124][728]LogConsoleManager: Warning: Setting the console variable 'r.VSync' with 'SetByGameSetting' was ignored as it is lower priority than the previous 'SetByCode'. Value remains '0'
[2020.08.03-12.14.58:124][728]LogConfig: Applying CVar settings from Section [ViewDistanceQuality@3] File [../../../viveNet/Saved/Config/WindowsNoEditor/Scalability.ini]
[2020.08.03-12.14.58:124][728]LogConfig: Setting CVar [[r.SkeletalMeshLODBias:0]]
[2020.08.03-12.14.58:124][728]LogConfig: Setting CVar [[r.ViewDistanceScale:1.0]]
[2020.08.03-12.14.58:124][728]LogConfig: Applying CVar settings from Section [AntiAliasingQuality@3] File [../../../viveNet/Saved/Config/WindowsNoEditor/Scalability.ini]
[2020.08.03-12.14.58:124][728]LogConfig: Setting CVar [[r.PostProcessAAQuality:4]]
[2020.08.03-12.14.58:124][728]LogConfig: Applying CVar settings from Section [ShadowQuality@3] File [../../../viveNet/Saved/Config/WindowsNoEditor/Scalability.ini]
[2020.08.03-12.14.58:124][728]LogConfig: Setting CVar [[r.LightFunctionQuality:1]]
[2020.08.03-12.14.58:124][728]LogConfig: Setting CVar [[r.ShadowQuality:5]]
[2020.08.03-12.14.58:124][728]LogConfig: Setting CVar [[r.Shadow.CSM.MaxCascades:10]]
[2020.08.03-12.14.58:125][728]LogConfig: Setting CVar [[r.Shadow.MaxResolution:2048]]
[2020.08.03-12.14.58:125][728]LogConfig: Setting CVar [[r.Shadow.MaxCSMResolution:2048]]
[2020.08.03-12.14.58:125][728]LogConfig: Setting CVar [[r.Shadow.RadiusThreshold:0.01]]
[2020.08.03-12.14.58:125][728]LogConfig: Setting CVar [[r.Shadow.DistanceScale:1.0]]
[2020.08.03-12.14.58:125][728]LogConfig: Setting CVar [[r.Shadow.CSM.TransitionScale:1.0]]
[2020.08.03-12.14.58:125][728]LogConfig: Setting CVar [[r.Shadow.PreShadowResolutionFactor:1.0]]
[2020.08.03-12.14.58:125][728]LogConfig: Setting CVar [[r.DistanceFieldShadowing:1]]
[2020.08.03-12.14.58:125][728]LogConfig: Setting CVar [[r.DistanceFieldAO:1]]
[2020.08.03-12.14.58:125][728]LogConfig: Setting CVar [[r.AOQuality:2]]
[2020.08.03-12.14.58:125][728]LogConfig: Setting CVar [[r.VolumetricFog:1]]
[2020.08.03-12.14.58:125][728]LogConfig: Setting CVar [[r.VolumetricFog.GridPixelSize:8]]
[2020.08.03-12.14.58:125][728]LogConfig: Setting CVar [[r.VolumetricFog.GridSizeZ:128]]
[2020.08.03-12.14.58:125][728]LogConfig: Setting CVar [[r.VolumetricFog.HistoryMissSupersampleCount:4]]
[2020.08.03-12.14.58:125][728]LogConfig: Setting CVar [[r.LightMaxDrawDistanceScale:1]]
[2020.08.03-12.14.58:125][728]LogConfig: Setting CVar [[r.CapsuleShadows:1]]
[2020.08.03-12.14.58:125][728]LogConfig: Applying CVar settings from Section [PostProcessQuality@3] File [../../../viveNet/Saved/Config/WindowsNoEditor/Scalability.ini]
[2020.08.03-12.14.58:125][728]LogConfig: Setting CVar [[r.MotionBlurQuality:4]]
[2020.08.03-12.14.58:125][728]LogConfig: Setting CVar [[r.AmbientOcclusionMipLevelFactor:0.4]]
[2020.08.03-12.14.58:125][728]LogConfig: Setting CVar [[r.AmbientOcclusionMaxQuality:100]]
[2020.08.03-12.14.58:125][728]LogConfig: Setting CVar [[r.AmbientOcclusionLevels:-1]]
[2020.08.03-12.14.58:125][728]LogConfig: Setting CVar [[r.AmbientOcclusionRadiusScale:1.0]]
[2020.08.03-12.14.58:125][728]LogConfig: Setting CVar [[r.DepthOfFieldQuality:2]]
[2020.08.03-12.14.58:125][728]LogConfig: Setting CVar [[r.RenderTargetPoolMin:400]]
[2020.08.03-12.14.58:125][728]LogConfig: Setting CVar [[r.LensFlareQuality:2]]
[2020.08.03-12.14.58:125][728]LogConfig: Setting CVar [[r.SceneColorFringeQuality:1]]
[2020.08.03-12.14.58:125][728]LogConfig: Setting CVar [[r.EyeAdaptationQuality:2]]
[2020.08.03-12.14.58:125][728]LogConfig: Setting CVar [[r.BloomQuality:5]]
[2020.08.03-12.14.58:125][728]LogConfig: Setting CVar [[r.FastBlurThreshold:100]]
[2020.08.03-12.14.58:125][728]LogConfig: Setting CVar [[r.Upscale.Quality:3]]
[2020.08.03-12.14.58:125][728]LogConfig: Setting CVar [[r.Tonemapper.GrainQuantization:1]]
[2020.08.03-12.14.58:125][728]LogConfig: Setting CVar [[r.LightShaftQuality:1]]
[2020.08.03-12.14.58:125][728]LogConfig: Setting CVar [[r.Filter.SizeScale:1]]
[2020.08.03-12.14.58:125][728]LogConfig: Setting CVar [[r.Tonemapper.Quality:5]]
[2020.08.03-12.14.58:125][728]LogConfig: Setting CVar [[r.DOF.Gather.AccumulatorQuality:1        ; higher gathering accumulator quality]]
[2020.08.03-12.14.58:125][728]LogConfig: Setting CVar [[r.DOF.Gather.PostfilterMethod:1          ; Median3x3 postfilering method]]
[2020.08.03-12.14.58:125][728]LogConfig: Setting CVar [[r.DOF.Gather.EnableBokehSettings:0       ; no bokeh simulation when gathering]]
[2020.08.03-12.14.58:125][728]LogConfig: Setting CVar [[r.DOF.Gather.RingCount:4                 ; medium number of samples when gathering]]
[2020.08.03-12.14.58:125][728]LogConfig: Setting CVar [[r.DOF.Scatter.ForegroundCompositing:1    ; additive foreground scattering]]
[2020.08.03-12.14.58:125][728]LogConfig: Setting CVar [[r.DOF.Scatter.BackgroundCompositing:2    ; additive background scattering]]
[2020.08.03-12.14.58:125][728]LogConfig: Setting CVar [[r.DOF.Scatter.EnableBokehSettings:1      ; bokeh simulation when scattering]]
[2020.08.03-12.14.58:125][728]LogConfig: Setting CVar [[r.DOF.Scatter.MaxSpriteRatio:0.1         ; only a maximum of 10% of scattered bokeh]]
[2020.08.03-12.14.58:125][728]LogConfig: Setting CVar [[r.DOF.Recombine.Quality:1                ; cheap slight out of focus]]
[2020.08.03-12.14.58:125][728]LogConfig: Setting CVar [[r.DOF.Recombine.EnableBokehSettings:0    ; no bokeh simulation on slight out of focus]]
[2020.08.03-12.14.58:125][728]LogConfig: Setting CVar [[r.DOF.TemporalAAQuality:1                ; more stable temporal accumulation]]
[2020.08.03-12.14.58:125][728]LogConfig: Setting CVar [[r.DOF.Kernel.MaxForegroundRadius:0.025]]
[2020.08.03-12.14.58:125][728]LogConfig: Setting CVar [[r.DOF.Kernel.MaxBackgroundRadius:0.025]]
[2020.08.03-12.14.58:125][728]LogConfig: Applying CVar settings from Section [TextureQuality@3] File [../../../viveNet/Saved/Config/WindowsNoEditor/Scalability.ini]
[2020.08.03-12.14.58:125][728]LogConfig: Setting CVar [[r.Streaming.MipBias:0]]
[2020.08.03-12.14.58:125][728]LogConfig: Setting CVar [[r.Streaming.AmortizeCPUToGPUCopy:0]]
[2020.08.03-12.14.58:125][728]LogConfig: Setting CVar [[r.Streaming.MaxNumTexturesToStreamPerFrame:0]]
[2020.08.03-12.14.58:125][728]LogConfig: Setting CVar [[r.Streaming.Boost:1]]
[2020.08.03-12.14.58:125][728]LogConfig: Setting CVar [[r.MaxAnisotropy:8]]
[2020.08.03-12.14.58:125][728]LogConfig: Setting CVar [[r.Streaming.LimitPoolSizeToVRAM:0]]
[2020.08.03-12.14.58:125][728]LogConfig: Setting CVar [[r.Streaming.PoolSize:1000]]
[2020.08.03-12.14.58:125][728]LogConfig: Setting CVar [[r.Streaming.MaxEffectiveScreenSize:0]]
[2020.08.03-12.14.58:125][728]LogConfig: Applying CVar settings from Section [EffectsQuality@3] File [../../../viveNet/Saved/Config/WindowsNoEditor/Scalability.ini]
[2020.08.03-12.14.58:125][728]LogConfig: Setting CVar [[r.TranslucencyLightingVolumeDim:64]]
[2020.08.03-12.14.58:125][728]LogConfig: Setting CVar [[r.RefractionQuality:2]]
[2020.08.03-12.14.58:125][728]LogConfig: Setting CVar [[r.SSR.Quality:3]]
[2020.08.03-12.14.58:125][728]LogConfig: Setting CVar [[r.SceneColorFormat:4]]
[2020.08.03-12.14.58:125][728]LogConfig: Setting CVar [[r.DetailMode:2]]
[2020.08.03-12.14.58:125][728]LogConfig: Setting CVar [[r.TranslucencyVolumeBlur:1]]
[2020.08.03-12.14.58:125][728]LogConfig: Setting CVar [[r.MaterialQualityLevel:1 ; High quality]]
[2020.08.03-12.14.58:125][728]LogConfig: Setting CVar [[r.SSS.Scale:1]]
[2020.08.03-12.14.58:125][728]LogConfig: Setting CVar [[r.SSS.SampleSet:2]]
[2020.08.03-12.14.58:125][728]LogConfig: Setting CVar [[r.SSS.Quality:1]]
[2020.08.03-12.14.58:125][728]LogConfig: Setting CVar [[r.SSS.HalfRes:1]]
[2020.08.03-12.14.58:125][728]LogConfig: Setting CVar [[r.EmitterSpawnRateScale:1.0]]
[2020.08.03-12.14.58:125][728]LogConfig: Setting CVar [[r.ParticleLightQuality:2]]
[2020.08.03-12.14.58:125][728]LogConfig: Applying CVar settings from Section [FoliageQuality@3] File [../../../viveNet/Saved/Config/WindowsNoEditor/Scalability.ini]
[2020.08.03-12.14.58:125][728]LogConfig: Setting CVar [[foliage.DensityScale:1.0]]
[2020.08.03-12.14.58:125][728]LogConfig: Setting CVar [[grass.DensityScale:1.0]]
[2020.08.03-12.15.07:248][292]LogHMD: SteamVR Shutting down.
[2020.08.03-12.15.07:250][292]LogWindows: FPlatformMisc::RequestExit(0)
[2020.08.03-12.15.07:269][293]LogWorld: BeginTearingDown for /Game/netVR
[2020.08.03-12.15.07:270][293]LogVRNetDesktopPawn: SERVER [55259] - ClientUnPossessed() ...
[2020.08.03-12.15.07:270][293]LogBlueprintUserMessages: [TextureInteractionComponent] EndPlay - clear all spawned actors!
[2020.08.03-12.15.07:270][293]LogOnlineSession: Warning: OSS: Can't destroy a null online session (GameSession)
[2020.08.03-12.15.07:286][293]LogScript: Warning: Script Msg: Attempted to access index 0 from array 'CallFunc_GetAllWidgetsOfClass_FoundWidgets' of length 0 in '/Game/Blueprints/ViveGameState.ViveGameState_C:ExecuteUbergraph_ViveGameState'!
[2020.08.03-12.15.07:286][293]LogVRNetGameModeBase: SERVER [55172] - PostLogin() ... ExitingCtrlName: BP_VivePlayerController_C_2147482553 / Remaining player num: 0
[2020.08.03-12.15.07:286][293]LogWorld: UWorld::CleanupWorld for netVR, bSessionEnded=true, bCleanupResources=true
[2020.08.03-12.15.08:203][293]LogSlate: Request Window 'viveNet (64-bit Development PCD3D_SM5) ' being destroyed
[2020.08.03-12.15.08:224][293]LogSlate: Window 'viveNet (64-bit Development PCD3D_SM5) ' being destroyed
[2020.08.03-12.15.08:224][293]LogWindowsTextInputMethodSystem: Display: IME system now deactivated.
[2020.08.03-12.15.08:235][293]LogSlate: Slate User Destroyed.  User Index 0, Is Virtual User: 0
[2020.08.03-12.15.08:235][293]LogSlate: Slate User Destroyed.  User Index 8, Is Virtual User: 1
[2020.08.03-12.15.08:235][293]LogExit: Preparing to exit.
[2020.08.03-12.15.08:235][293]LogMoviePlayer: Shutting down movie player
[2020.08.03-12.15.08:244][293]LogSlate: Updating window title bar state: overlay mode, drag disabled, window buttons hidden, title bar hidden
[2020.08.03-12.15.08:245][293]LogDemo: Cleaned up 0 splitscreen connections with owner deletion
[2020.08.03-12.15.08:246][293]LogExit: Game engine shut down
[2020.08.03-12.15.08:303][293]LogExit: Object subsystem successfully closed.
[2020.08.03-12.15.08:314][293]LogModuleManager: Shutting down and abandoning module AutomationController (230)
[2020.08.03-12.15.08:314][293]LogModuleManager: Shutting down and abandoning module AutomationWorker (228)
[2020.08.03-12.15.08:314][293]LogModuleManager: Shutting down and abandoning module Voice (226)
[2020.08.03-12.15.08:314][293]LogModuleManager: Shutting down and abandoning module AIModule (224)
[2020.08.03-12.15.08:314][293]LogModuleManager: Shutting down and abandoning module GameplayDebugger (223)
[2020.08.03-12.15.08:314][293]LogModuleManager: Shutting down and abandoning module NavigationSystem (221)
[2020.08.03-12.15.08:314][293]LogModuleManager: Shutting down and abandoning module WebMMediaFactory (218)
[2020.08.03-12.15.08:314][293]LogModuleManager: Shutting down and abandoning module WebMMedia (216)
[2020.08.03-12.15.08:314][293]LogModuleManager: Shutting down and abandoning module OculusMR (214)
[2020.08.03-12.15.08:314][293]LogModuleManager: Shutting down and abandoning module WmfMediaFactory (212)
[2020.08.03-12.15.08:314][293]LogModuleManager: Shutting down and abandoning module OpenExrWrapper (210)
[2020.08.03-12.15.08:314][293]LogModuleManager: Shutting down and abandoning module ImgMediaFactory (208)
[2020.08.03-12.15.08:314][293]LogModuleManager: Shutting down and abandoning module AvfMediaFactory (206)
[2020.08.03-12.15.08:314][293]LogModuleManager: Shutting down and abandoning module CharacterAI (204)
[2020.08.03-12.15.08:314][293]LogModuleManager: Shutting down and abandoning module SessionServices (202)
[2020.08.03-12.15.08:314][293]LogModuleManager: Shutting down and abandoning module LiveCoding (200)
[2020.08.03-12.15.08:314][293]LogModuleManager: Shutting down and abandoning module LevelSequence (198)
[2020.08.03-12.15.08:314][293]LogModuleManager: Shutting down and abandoning module MovieSceneTracks (196)
[2020.08.03-12.15.08:314][293]LogModuleManager: Shutting down and abandoning module MovieScene (194)
[2020.08.03-12.15.08:314][293]LogModuleManager: Shutting down and abandoning module StreamingPauseRendering (192)
[2020.08.03-12.15.08:315][293]LogModuleManager: Shutting down and abandoning module ImageWriteQueue (190)
[2020.08.03-12.15.08:315][293]LogModuleManager: Shutting down and abandoning module ProfilerService (188)
[2020.08.03-12.15.08:399][293]LogModuleManager: Shutting down and abandoning module TaskGraph (186)
[2020.08.03-12.15.08:399][293]LogModuleManager: Shutting down and abandoning module SteamVRController (184)
[2020.08.03-12.15.08:399][293]LogModuleManager: Shutting down and abandoning module ProceduralMeshComponent (182)
[2020.08.03-12.15.08:399][293]LogModuleManager: Shutting down and abandoning module OculusInput (180)
[2020.08.03-12.15.08:399][293]LogModuleManager: Shutting down and abandoning module MobilePatchingUtils (178)
[2020.08.03-12.15.08:399][293]LogModuleManager: Shutting down and abandoning module EditableMesh (176)
[2020.08.03-12.15.08:399][293]LogModuleManager: Shutting down and abandoning module CustomMeshComponent (174)
[2020.08.03-12.15.08:399][293]LogModuleManager: Shutting down and abandoning module CableComponent (172)
[2020.08.03-12.15.08:399][293]LogModuleManager: Shutting down and abandoning module AudioCapture (170)
[2020.08.03-12.15.08:399][293]LogModuleManager: Shutting down and abandoning module ArchVisCharacter (168)
[2020.08.03-12.15.08:399][293]LogModuleManager: Shutting down and abandoning module AppleImageUtils (166)
[2020.08.03-12.15.08:399][293]LogModuleManager: Shutting down and abandoning module AndroidPermission (164)
[2020.08.03-12.15.08:399][293]LogModuleManager: Shutting down and abandoning module MediaCompositing (162)
[2020.08.03-12.15.08:399][293]LogModuleManager: Shutting down and abandoning module ImgMedia (160)
[2020.08.03-12.15.08:400][293]LogModuleManager: Shutting down and abandoning module HTML5Networking (158)
[2020.08.03-12.15.08:400][293]LogModuleManager: Shutting down and abandoning module BackChannel (156)
[2020.08.03-12.15.08:400][293]LogModuleManager: Shutting down and abandoning module AutomationUtils (154)
[2020.08.03-12.15.08:400][293]LogModuleManager: Shutting down and abandoning module GeometryCacheTracks (152)
[2020.08.03-12.15.08:400][293]LogModuleManager: Shutting down and abandoning module GeometryCache (150)
[2020.08.03-12.15.08:400][293]LogModuleManager: Shutting down and abandoning module VariantManagerContent (148)
[2020.08.03-12.15.08:400][293]LogModuleManager: Shutting down and abandoning module VRNetPlugin (146)
[2020.08.03-12.15.08:400][293]LogModuleManager: Shutting down and abandoning module viveNet (144)
[2020.08.03-12.15.08:400][293]LogModuleManager: Shutting down and abandoning module RuntimePhysXCooking (142)
[2020.08.03-12.15.08:400][293]LogModuleManager: Shutting down and abandoning module LocationServicesBPLibrary (138)
[2020.08.03-12.15.08:400][293]LogModuleManager: Shutting down and abandoning module ActorSequence (136)
[2020.08.03-12.15.08:400][293]LogModuleManager: Shutting down and abandoning module UdpMessaging (134)
[2020.08.03-12.15.08:400][293]LogModuleManager: Shutting down and abandoning module TcpMessaging (132)
[2020.08.03-12.15.08:400][293]LogModuleManager: Shutting down and abandoning module FacialAnimation (130)
[2020.08.03-12.15.08:400][293]LogModuleManager: Shutting down and abandoning module SignificanceManager (128)
[2020.08.03-12.15.08:400][293]LogModuleManager: Shutting down and abandoning module AnimationSharing (126)
[2020.08.03-12.15.08:400][293]LogModuleManager: Shutting down and abandoning module LightPropagationVolumeRuntime (124)
[2020.08.03-12.15.08:400][293]LogModuleManager: Shutting down and abandoning module Paper2D (122)
[2020.08.03-12.15.08:400][293]LogModuleManager: Shutting down and abandoning module JsonLibrary (120)
[2020.08.03-12.15.08:400][293]LogModuleManager: Shutting down and abandoning module WebBrowserWidget (118)
[2020.08.03-12.15.08:400][293]LogModuleManager: Shutting down and abandoning module WebBrowser (117)
[2020.08.03-12.15.08:436][293]LogModuleManager: Shutting down and abandoning module WebUI (114)
[2020.08.03-12.15.08:436][293]LogModuleManager: Shutting down and abandoning module VaRestPlugin (112)
[2020.08.03-12.15.08:436][293]LogModuleManager: Shutting down and abandoning module WindowsMoviePlayer (110)
[2020.08.03-12.15.08:438][293]LogModuleManager: Shutting down and abandoning module WebMMoviePlayer (108)
[2020.08.03-12.15.08:438][293]LogModuleManager: Shutting down and abandoning module NetworkReplayStreaming (106)
[2020.08.03-12.15.08:438][293]LogModuleManager: Shutting down and abandoning module PacketHandler (104)
[2020.08.03-12.15.08:438][293]LogModuleManager: Shutting down and abandoning module ClothingSystemRuntime (102)
[2020.08.03-12.15.08:438][293]LogModuleManager: Shutting down and abandoning module MediaAssets (100)
[2020.08.03-12.15.08:438][293]LogModuleManager: Shutting down and abandoning module Overlay (98)
[2020.08.03-12.15.08:438][293]LogModuleManager: Shutting down and abandoning module UMG (96)
[2020.08.03-12.15.08:438][293]LogModuleManager: Shutting down and abandoning module SlateReflector (94)
[2020.08.03-12.15.08:438][293]LogModuleManager: Shutting down and abandoning module Slate (92)
[2020.08.03-12.15.08:438][293]LogModuleManager: Shutting down and abandoning module MRMesh (90)
[2020.08.03-12.15.08:438][293]LogModuleManager: Shutting down and abandoning module Messaging (88)
[2020.08.03-12.15.08:438][293]LogModuleManager: Shutting down and abandoning module HeadMountedDisplay (86)
[2020.08.03-12.15.08:438][293]LogModuleManager: Shutting down and abandoning module XAudio2 (84)
[2020.08.03-12.15.08:438][293]LogModuleManager: Shutting down and abandoning module Networking (82)
[2020.08.03-12.15.08:438][293]LogModuleManager: Shutting down and abandoning module Core (80)
[2020.08.03-12.15.08:438][293]LogModuleManager: Shutting down and abandoning module ImageWrapper (76)
[2020.08.03-12.15.08:438][293]LogModuleManager: Shutting down and abandoning module InputCore (74)
[2020.08.03-12.15.08:438][293]LogModuleManager: Shutting down and abandoning module PhysXCooking (72)
[2020.08.03-12.15.08:438][293]LogModuleManager: Shutting down and abandoning module WindowsPlatformFeatures (70)
[2020.08.03-12.15.08:438][293]LogModuleManager: Shutting down and abandoning module GameplayMediaEncoder (69)
[2020.08.03-12.15.08:438][293]LogModuleManager: Shutting down and abandoning module SteamVR (66)
[2020.08.03-12.15.08:438][293]LogHMD: Freeing OpenVRDLLHandle.
[2020.08.03-12.15.08:438][293]LogModuleManager: Shutting down and abandoning module OculusHMD (64)
[2020.08.03-12.15.08:438][293]LogModuleManager: Shutting down and abandoning module ExampleDeviceProfileSelector (62)
[2020.08.03-12.15.08:438][293]LogModuleManager: Shutting down and abandoning module LauncherChunkInstaller (60)
[2020.08.03-12.15.08:438][293]LogModuleManager: Shutting down and abandoning module WmfMedia (58)
[2020.08.03-12.15.08:439][293]LogModuleManager: Shutting down and abandoning module Media (57)
[2020.08.03-12.15.08:439][293]LogModuleManager: Shutting down and abandoning module DatasmithContent (54)
[2020.08.03-12.15.08:440][293]LogModuleManager: Shutting down and abandoning module AISupportModule (52)
[2020.08.03-12.15.08:440][293]LogModuleManager: Shutting down and abandoning module HttpLibrary (50)
[2020.08.03-12.15.08:440][293]LogModuleManager: Shutting down and abandoning module OnlineSubsystem (46)
[2020.08.03-12.15.08:440][293]LogModuleManager: Shutting down and abandoning module HTTP (39)
[2020.08.03-12.15.08:451][293]LogModuleManager: Shutting down and abandoning module SSL (38)
[2020.08.03-12.15.08:451][293]LogModuleManager: Shutting down and abandoning module PlatformCryptoOpenSSL (34)
[2020.08.03-12.15.08:451][293]LogModuleManager: Shutting down and abandoning module PlatformCrypto (32)
[2020.08.03-12.15.08:451][293]LogModuleManager: Shutting down and abandoning module RenderCore (30)
[2020.08.03-12.15.08:451][293]LogModuleManager: Shutting down and abandoning module Landscape (28)
[2020.08.03-12.15.08:451][293]LogModuleManager: Shutting down and abandoning module SlateRHIRenderer (26)
[2020.08.03-12.15.08:452][293]LogModuleManager: Shutting down and abandoning module OpenGLDrv (24)
[2020.08.03-12.15.08:452][293]LogModuleManager: Shutting down and abandoning module D3D11RHI (22)
[2020.08.03-12.15.08:452][293]LogModuleManager: Shutting down and abandoning module AnimGraphRuntime (20)
[2020.08.03-12.15.08:452][293]LogModuleManager: Shutting down and abandoning module Renderer (18)
[2020.08.03-12.15.08:453][293]LogModuleManager: Shutting down and abandoning module Engine (16)
[2020.08.03-12.15.08:453][293]LogModuleManager: Shutting down and abandoning module CoreUObject (14)
[2020.08.03-12.15.08:453][293]LogModuleManager: Shutting down and abandoning module NetworkFile (12)
[2020.08.03-12.15.08:453][293]LogModuleManager: Shutting down and abandoning module CookedIterativeFile (10)
[2020.08.03-12.15.08:453][293]LogModuleManager: Shutting down and abandoning module StreamingFile (8)
[2020.08.03-12.15.08:453][293]LogModuleManager: Shutting down and abandoning module SandboxFile (6)
[2020.08.03-12.15.08:453][293]LogModuleManager: Shutting down and abandoning module PakFile (4)
[2020.08.03-12.15.08:453][293]LogModuleManager: Shutting down and abandoning module RSA (3)
[2020.08.03-12.15.08:454][293]LogD3D11RHI: Shutdown
[2020.08.03-12.15.08:454][293]LogD3D11RHI: CleanupD3DDevice
[2020.08.03-12.15.08:454][293]LogRendererCore: FGlobalDynamicReadBuffer::Cleanup()
[2020.08.03-12.15.08:454][293]LogRendererCore: FGlobalDynamicReadBuffer::Cleanup()
[2020.08.03-12.15.08:454][293]LogRendererCore: FGlobalDynamicReadBuffer::Cleanup()
[2020.08.03-12.15.08:506][293]LogD3D11RHI: ~FD3D11DynamicRHI
[2020.08.03-12.15.08:512][293]LogExit: Exiting.
[2020.08.03-12.15.08:615][293]Log file closed, 08/03/20 14:15:08
